======================================================================
魹ｽﾅｴ魹ｽ魹ｽ羚ｨ魹ｽ魹ｽ魹ｽ魹ｽﾑ｡魹ｽ魹ｽ 魹ｽ魹ｽ 魹ｽ魹ｽ魹ｽ魹ｽ魹ｽ魹ｽ魹ｽﾍｰ魹ｽ (ElasticNet)
======================================================================

魹ｽ魹ｽ魹ｽ魹ｽ魹ｽ魹ｽ魹ｽ魹ｽ...
  魹ｽ魹ｽ魹ｽ魹ｽ: 1815 魹ｽ魹ｽ魹ｽ魹ｽ x 332 魹ｽ魹ｽ魹ｽ魹ｽ
  魹ｽﾑｸ魹ｽ魹ｽ魹ｽ split 魹ｽ魹ｽ魹ｽ魹ｽ: results/train_test_split_indices.npz
  魹ｽ魹ｽ魹ｽ魹ｽ: train=1452, test=363

GA-ElasticNet 魹ｽ魹ｽ魹ｽ魹ｽﾑ｡魹ｽ魹ｽ魹ｽ魹ｽ魹ｽ魹ｽ:
  魹ｽ魹ｽ魹ｽ魹ｽﾎｬ魹ｽ魹ｽ: 332
  魹ｽ魹ｽﾈｺ: 100, 魹ｽ魹ｽ魹ｽ魹ｽ魹ｽ魹ｽ: 60
  魹ｽ魹ｽ魹ｽ魹ｽ魹ｽ魹ｽﾔｼ魹ｽ魹ｽ: [5, 30]
  魹ｽ魹ｽ魹ｽ魹ｽ魹ｽ魹ｽ: ElasticNet(alpha=0.1, l1=0.5), CV=3
  魹ｽ魹ｽﾍ｣: 魹ｽ魹ｽ魹ｽ魹ｽ 12 魹ｽ魹ｽ魹ｽﾞｸ魹ｽ魹ｽ魹ｽ
  魹ｽ魹ｽﾑ｡魹ｽ魹ｽ魹ｽ魹ｽ: ['Inv_T']

======================================================================
   魹ｽ魹ｽ |     魹ｽ魹ｽ魹ｽ魹ｽR2 |     ﾆｽ魹ｽ魹ｽR2 |      魹ｽ魹ｽﾗｼ魹ｽ魹ｽ |   魹ｽ魹ｽ魹ｽ魹ｽ魹ｽ魹ｽ |       魹ｽ魹ｽﾊｱ | ﾗｴﾌｬ
======================================================================
init |   0.1077 | -24552.3957 | 244288.8165 |    30 |      12s | 魹ｽ魹ｽﾊｼ魹ｽ魹ｽ
   1 |   0.1311 |  -0.2963 |   0.4779 |    17 |       1s | * 魹ｽ魹ｽ魹ｽ魹ｽ
   2 |   0.1351 |  -0.1465 |   0.4185 |    24 |       1s | * 魹ｽ魹ｽ魹ｽ魹ｽ
   3 |   0.1565 |  -0.0516 |   0.3537 |    22 |       1s | * 魹ｽ魹ｽ魹ｽ魹ｽ
   4 |   0.1723 |  -0.0012 |   0.3164 |    26 |       1s | * 魹ｽ魹ｽ魹ｽ魹ｽ
   5 |   0.1837 |   0.0208 |   0.3231 |    29 |       1s | * 魹ｽ魹ｽ魹ｽ魹ｽ
   6 |   0.1927 |  -0.0205 |   0.3968 |    20 |       1s | * 魹ｽ魹ｽ魹ｽ魹ｽ
   7 |   0.1946 |  -0.0418 |   0.4343 |    27 |       1s | * 魹ｽ魹ｽ魹ｽ魹ｽ
   8 |   0.1939 |   0.0160 |   0.3932 |    27 |       1s |   ﾍ｣魹ｽ魹ｽ 1/12
   9 |   0.2018 | -27353.6587 | 191710.8743 |    26 |       1s | * 魹ｽ魹ｽ魹ｽ魹ｽ
  10 |   0.2035 |   0.0199 |   0.4117 |    26 |       1s | * 魹ｽ魹ｽ魹ｽ魹ｽ
  11 |   0.2073 |   0.0481 |   0.3872 |    25 |       1s | * 魹ｽ魹ｽ魹ｽ魹ｽ
  12 |   0.2074 |   0.1116 |   0.3050 |    21 |       1s | * 魹ｽ魹ｽ魹ｽ魹ｽ
  13 |   0.2104 |   0.0786 |   0.3596 |    20 |       1s | * 魹ｽ魹ｽ魹ｽ魹ｽ
  14 |   0.2104 |   0.0228 |   0.4297 |    20 |       1s |   ﾍ｣魹ｽ魹ｽ 1/12
  15 |   0.2110 |   0.0848 |   0.3616 |    24 |       1s | * 魹ｽ魹ｽ魹ｽ魹ｽ
  16 |   0.2137 |   0.0844 |   0.3620 |    26 |       1s | * 魹ｽ魹ｽ魹ｽ魹ｽ
  17 |   0.2146 |   0.0732 |   0.3779 |    22 |       1s | * 魹ｽ魹ｽ魹ｽ魹ｽ
  18 |   0.2155 |   0.1005 |   0.3461 |    29 |       1s | * 魹ｽ魹ｽ魹ｽ魹ｽ
  19 |   0.2162 |   0.0178 |   0.4442 |    27 |       1s | * 魹ｽ魹ｽ魹ｽ魹ｽ
  20 |   0.2171 |   0.0315 |   0.4333 |    26 |       1s | * 魹ｽ魹ｽ魹ｽ魹ｽ
  21 |   0.2171 |  -0.0286 |   0.4857 |    26 |       1s |   ﾍ｣魹ｽ魹ｽ 1/12
  22 |   0.2163 |   0.0933 |   0.3644 |    26 |       1s |   ﾍ｣魹ｽ魹ｽ 2/12
  23 |   0.2171 |   0.0086 |   0.4565 |    21 |       1s |   ﾍ｣魹ｽ魹ｽ 3/12
  24 |   0.2172 |   0.0083 |   0.4564 |    25 |       1s | * 魹ｽ魹ｽ魹ｽ魹ｽ
  25 |   0.2172 | -410.8476 | 4087.8119 |    25 |       1s |   ﾍ｣魹ｽ魹ｽ 1/12
  26 |   0.2172 |  -0.0145 |   0.4773 |    25 |       1s |   ﾍ｣魹ｽ魹ｽ 2/12
  27 |   0.2172 |   0.0704 |   0.3953 |    25 |       1s |   ﾍ｣魹ｽ魹ｽ 3/12
  28 |   0.2172 |   0.0342 |   0.4344 |    25 |       1s |   ﾍ｣魹ｽ魹ｽ 4/12
  29 |   0.2172 |   0.0711 |   0.3955 |    29 |       1s |   ﾍ｣魹ｽ魹ｽ 5/12
  30 |   0.2172 |   0.0339 |   0.4344 |    29 |       1s |   ﾍ｣魹ｽ魹ｽ 6/12
  31 |   0.2172 | -409.2282 | 4071.5805 |    29 |       1s |   ﾍ｣魹ｽ魹ｽ 7/12
  32 |   0.2172 |   0.0468 |   0.4223 |    24 |       1s |   ﾍ｣魹ｽ魹ｽ 8/12
  33 |   0.2172 |   0.0102 |   0.4572 |    24 |       1s |   ﾍ｣魹ｽ魹ｽ 9/12
  34 |   0.2172 |  -0.0146 |   0.4773 |    25 |       1s |   ﾍ｣魹ｽ魹ｽ 10/12
  35 |   0.2172 | -66.3327 | 660.4492 |    25 |       1s |   ﾍ｣魹ｽ魹ｽ 11/12
  36 |   0.2172 |   0.0586 |   0.4092 |    23 |       1s |   ﾍ｣魹ｽ魹ｽ 12/12

>> 魹ｽ魹ｽﾍ｣魹ｽ魹ｽ魹ｽ魹ｽ: 魹ｽ魹ｽ魹ｽ魹ｽ 12 魹ｽ魹ｽ魹ｽﾞｸ魹ｽ魹ｽ魹ｽ
======================================================================
魹ｽ魹ｽ魹ｽ魹ｽ魹ｽ魹ｽ魹ｽ: 36 魹ｽ魹ｽ, 魹ｽﾜｺ魹ｽﾊｱ 46s

======================================================================
魹ｽ魹ｽ魹ｽ魹ｽ魹ｽ魹ｽ魹ｽ魹ｽ魹ｽﾓｼ魹ｽ (23 魹ｽ魹ｽ, CV R2=0.2172):
======================================================================
    1. MinAbsPartialCharge_1
    2. BCUT2D_MWLOW_1
    3. SlogP_VSA7_1
    4. VSA_EState1_1
    5. fr_priamide_1
    6. MinEStateIndex_2
    7. HeavyAtomMolWt_2
    8. ExactMolWt_2
    9. FpDensityMorgan3_2
   10. BertzCT_2
   11. PEOE_VSA3_2
   12. SMR_VSA2_2
   13. SMR_VSA5_2
   14. SlogP_VSA6_2
   15. VSA_EState3_2
   16. VSA_EState5_2
   17. VSA_EState7_2
   18. NumAromaticRings_2
   19. NumRotatableBonds_2
   20. fr_NH2_2
   21. Delta_MolMR
   22. Delta_MaxAbsCharge
   23. Inv_T

魹ｽ魹ｽ魹ｽﾔｼ魹ｽ魹ｽ魹ｽ魹ｽ魹ｽ (ElasticNet)...
  Test R2:   0.2636
  Test MAE:  0.3837
  Test RMSE: 0.5586

======================================================================
ElasticNet ﾏｵ魹ｽ魹ｽ (魹ｽ魹ｽ魹ｽ魹ｽ魹ｽ魹ｽ魹ｽ魹ｽ魹ｽ魹ｽ魹ｽ魹ｽ魹ｽ魹ｽ):
======================================================================
  Intercept = 0.7027
  + 0.1188  SMR_VSA2_2
  + 0.1113  Delta_MaxAbsCharge
  + 0.0661  fr_NH2_2
  + 0.0578  VSA_EState3_2
  - 0.0521  VSA_EState7_2
  + 0.0493  NumRotatableBonds_2
  - 0.0364  HeavyAtomMolWt_2
  - 0.0363  SlogP_VSA6_2
  + 0.0174  SMR_VSA5_2
  - 0.0149  Inv_T
  - 0.0104  PEOE_VSA3_2
  - 0.0065  SlogP_VSA7_1
  + 0.0035  VSA_EState5_2
  - 0.0000  BCUT2D_MWLOW_1
  - 0.0000  BertzCT_2
  - 0.0000  FpDensityMorgan3_2
  - 0.0000  ExactMolWt_2
  - 0.0000  MinEStateIndex_2
  - 0.0000  NumAromaticRings_2
  - 0.0000  fr_priamide_1
  - 0.0000  VSA_EState1_1
  - 0.0000  Delta_MolMR
  - 0.0000  MinAbsPartialCharge_1

魹ｽ魹ｽ魹ｽ魹ｽ魹ｽﾐｱ魹ｽ魹ｽﾑｱ魹ｽ魹ｽ魹ｽ: results¥ga_elasticnet_selected_features.txt
ﾄ｣魹ｽ魹ｽ魹ｽﾑｱ魹ｽ魹ｽ魹ｽ: results¥ga_elasticnet_best_model.pkl

Hall of Fame (Top 5):
  #1: 23 魹ｽ魹ｽ魹ｽ魹ｽ, CV R2=0.2172
  #2: 24 魹ｽ魹ｽ魹ｽ魹ｽ, CV R2=0.2172
  #3: 24 魹ｽ魹ｽ魹ｽ魹ｽ, CV R2=0.2172
  #4: 24 魹ｽ魹ｽ魹ｽ魹ｽ, CV R2=0.2172
  #5: 25 魹ｽ魹ｽ魹ｽ魹ｽ, CV R2=0.2172

魹ｽ魹ｽ魹ｽ!
ﾗ｢魹ｽ魹ｽ: 魹ｽ魹ｽ魹ｽﾅｱ魹ｽ魹ｽ魹ｽ魹ｽﾔｶ魹ｽ魹ｽ魹ｽ魹ｽ魹ｽ feature_config.py
      魹ｽ魹ｽﾔｱ魹ｽ RF 魹ｽ魹ｽ魹ｽ魹ｽ魹ｽ魹ｽ魹ｽﾛｺﾏｾ魹ｽ魹ｽ魹ｽ魹ｽ魹ｽ魹ｽ魹ｽ魹ｽ魹ｽ魹ｽ魹ｽ魹ｽﾐｱ魹ｽ
