魹ｽ魹ｽ results/ga_selected_features.txt 魹ｽ魹ｽ魹ｽ魹ｽ GA ﾔ､ﾑ｡魹ｽ魹ｽ魹ｽ魹ｽ: 23 魹ｽ魹ｽ
魹ｽﾑｼ魹ｽ魹ｽ魹ｽ 魹ｽﾅｴ魹ｽ.py 魹ｽ魹ｽ魹ｽ魹ｽ魹ｽ split 魹ｽ魹ｽ魹ｽ魹ｽ魹ｽ魹ｽ魹ｽ魹ｽ魹ｽ魹ｽ魹ｽ魹ｽﾍｬ train/test 魹ｽ魹ｽ魹ｽﾖ｡魹ｽ
ﾔｭﾊｼ魹ｽ魹ｽ魹ｽ魹ｽ魹ｽ魹ｽ: 23
魹ｽ魹ｽ魹ｽ魹ｽ魹ｽ魹ｽ(ﾑｵ魹ｽ魹ｽ魹ｽ魹ｽ): 1452 | 魹ｽ魹ｽ魹ｽﾔｼ魹ｽ: 363

============================================================
Step 0: ﾄｿ魹ｽ魹ｽﾖｵ魹ｽﾖｲ魹ｽ魹ｽ魹ｽ魹ｽ
============================================================
count    1452.000000
mean        0.702703
std         0.658767
min        -0.550000
25%         0.320000
50%         0.485000
75%         0.880000
max         3.850000
Name: chi_result, dtype: float64

魹ｽﾘｼ魹ｽ魹ｽ魹ｽﾎｻ魹ｽ魹ｽ:
0.01   -0.096185
0.05    0.040000
0.50    0.485000
0.95    2.100000
0.99    3.317250
Name: chi_result, dtype: float64

============================================================
Step 1: 魹ｽ魹ｽ魹ｽﾉｭ魹ｽ魹ｽ魹ｽ魹ｽ魹ｽ魹ｽ魹ｽ魹ｽﾒｪ魹ｽ魹ｽ魹ｽ魹ｽ魹ｽ魹ｽ
============================================================

ﾈｫ魹ｽ魹ｽ魹ｽ魹ｽ魹ｽ魹ｽ魹ｽ魹ｽﾒｪ魹ｽ魹ｽ魹ｽ魹ｽ魹ｽ魹ｽ魹ｽ魹ｽ
   1. Delta_MaxAbsCharge              0.1580  魹ｽ魹ｽ魹ｽ魹ｽ魹ｽ魹ｽ魹ｽ魹ｽ魹ｽ魹ｽ魹ｽ魹ｽ魹ｽ魹ｽ魹ｽ魹ｽ魹ｽ魹ｽ魹ｽ魹ｽ魹ｽ魹ｽ魹ｽ魹ｽ魹ｽ魹ｽ魹ｽ魹ｽ魹ｽ魹ｽ
   2. VSA_EState3_2                   0.1203  魹ｽ魹ｽ魹ｽ魹ｽ魹ｽ魹ｽ魹ｽ魹ｽ魹ｽ魹ｽ魹ｽ魹ｽ魹ｽ魹ｽ魹ｽ魹ｽ魹ｽ魹ｽ魹ｽ魹ｽ魹ｽ魹ｽ魹ｽ魹ｽ
   3. MinAbsPartialCharge_1           0.1140  魹ｽ魹ｽ魹ｽ魹ｽ魹ｽ魹ｽ魹ｽ魹ｽ魹ｽ魹ｽ魹ｽ魹ｽ魹ｽ魹ｽ魹ｽ魹ｽ魹ｽ魹ｽ魹ｽ魹ｽ魹ｽ魹ｽ
   4. Inv_T                           0.0936  魹ｽ魹ｽ魹ｽ魹ｽ魹ｽ魹ｽ魹ｽ魹ｽ魹ｽ魹ｽ魹ｽ魹ｽ魹ｽ魹ｽ魹ｽ魹ｽ魹ｽ魹ｽ
   5. SMR_VSA5_2                      0.0719  魹ｽ魹ｽ魹ｽ魹ｽ魹ｽ魹ｽ魹ｽ魹ｽ魹ｽ魹ｽ魹ｽ魹ｽ魹ｽ魹ｽ
   6. BCUT2D_MWLOW_1                  0.0663  魹ｽ魹ｽ魹ｽ魹ｽ魹ｽ魹ｽ魹ｽ魹ｽ魹ｽ魹ｽ魹ｽ魹ｽ
   7. VSA_EState1_1                   0.0658  魹ｽ魹ｽ魹ｽ魹ｽ魹ｽ魹ｽ魹ｽ魹ｽ魹ｽ魹ｽ魹ｽ魹ｽ
   8. Delta_MolMR                     0.0556  魹ｽ魹ｽ魹ｽ魹ｽ魹ｽ魹ｽ魹ｽ魹ｽ魹ｽ魹ｽ
   9. SMR_VSA2_2                      0.0355  魹ｽ魹ｽ魹ｽ魹ｽ魹ｽ魹ｽ
  10. BertzCT_2                       0.0265  魹ｽ魹ｽ魹ｽ魹ｽ
  11. MinEStateIndex_2                0.0256  魹ｽ魹ｽ魹ｽ魹ｽ
  12. HeavyAtomMolWt_2                0.0234  魹ｽ魹ｽ魹ｽ魹ｽ
  13. VSA_EState7_2                   0.0229  魹ｽ魹ｽ魹ｽ魹ｽ
  14. ExactMolWt_2                    0.0219  魹ｽ魹ｽ魹ｽ魹ｽ
  15. SlogP_VSA6_2                    0.0208  魹ｽ魹ｽ魹ｽ魹ｽ
  16. fr_NH2_2                        0.0186  魹ｽ魹ｽ
  17. FpDensityMorgan3_2              0.0170  魹ｽ魹ｽ
  18. NumRotatableBonds_2             0.0164  魹ｽ魹ｽ
  19. SlogP_VSA7_1                    0.0119  魹ｽ魹ｽ
  20. VSA_EState5_2                   0.0090  
  21. PEOE_VSA3_2                     0.0025  
  22. NumAromaticRings_2              0.0023  
  23. fr_priamide_1                   0.0000  

============================================================
Step 2: 魹ｽ魹ｽ魹ｽ魹ｽ魹ｽ魹ｽ魹ｽ魹ｽ魹ｽ魹ｽ魹ｽ魹ｽ魹ｽ魹ｽ (|r| > 0.9)
============================================================

魹ｽ魹ｽ魹ｽ魹ｽ 3 魹ｽﾔｸ魹ｽ魹ｽ魹ｽ魹ｽ魹ｽ魹ｽ魹ｽ魹ｽ魹ｽ魹ｽ魹ｽ魹ｽ
  HeavyAtomMolWt_2 <-> ExactMolWt_2: r=0.986
  SMR_VSA5_2 <-> VSA_EState7_2: r=0.927
  SlogP_VSA6_2 <-> NumAromaticRings_2: r=0.919

============================================================
Step 3: RFECV 魹ｽﾝｹ魹ｽ魹ｽ魹ｽ魹ｽ魹ｽ魹ｽ魹ｽ魹ｽ魹ｽ魹ｽ魹ｽ魹ｽﾔｶ魹ｽﾈｷ魹ｽ魹ｽ魹ｽ魹ｽ魹ｽ魹ｽ魹ｽ魹ｽ魹ｽ魹ｽ魹ｽ魹ｽ魹ｽ魹ｽ
============================================================
  魹ｽ魹ｽ魹ｽ魹ｽﾑｵ魹ｽ魹ｽ魹ｽ魹ｽ魹ｽ魹ｽ魹ｽ魹ｽ魹ｽ魹ｽ 5 魹ｽﾛｽ魹ｽ魹ｽ魹ｽ魹ｽ魹ｽﾖ､...

  魹ｽ魹ｽ魹ｽ魹ｽ魹ｽ魹ｽ魹ｽ魹ｽ魹ｽ魹ｽ魹ｽ魹ｽ: 9
  魹ｽ魹ｽ魹ｽ魹ｽ CV R2: 0.7028

  [OK] 魹ｽ魹ｽ魹ｽ魹ｽ魹ｽ魹ｽ魹ｽ魹ｽ魹ｽ魹ｽ (9):
     MinAbsPartialCharge_1 (RF魹ｽ魹ｽﾒｪ魹ｽ魹ｽ魹ｽ魹ｽ魹ｽ魹ｽ: #3)
     BCUT2D_MWLOW_1 (RF魹ｽ魹ｽﾒｪ魹ｽ魹ｽ魹ｽ魹ｽ魹ｽ魹ｽ: #6)
     VSA_EState1_1 (RF魹ｽ魹ｽﾒｪ魹ｽ魹ｽ魹ｽ魹ｽ魹ｽ魹ｽ: #7)
     HeavyAtomMolWt_2 (RF魹ｽ魹ｽﾒｪ魹ｽ魹ｽ魹ｽ魹ｽ魹ｽ魹ｽ: #12)
     SMR_VSA5_2 (RF魹ｽ魹ｽﾒｪ魹ｽ魹ｽ魹ｽ魹ｽ魹ｽ魹ｽ: #5)
     VSA_EState3_2 (RF魹ｽ魹ｽﾒｪ魹ｽ魹ｽ魹ｽ魹ｽ魹ｽ魹ｽ: #2)
     Delta_MolMR (RF魹ｽ魹ｽﾒｪ魹ｽ魹ｽ魹ｽ魹ｽ魹ｽ魹ｽ: #8)
     Delta_MaxAbsCharge (RF魹ｽ魹ｽﾒｪ魹ｽ魹ｽ魹ｽ魹ｽ魹ｽ魹ｽ: #1)
     Inv_T (RF魹ｽ魹ｽﾒｪ魹ｽ魹ｽ魹ｽ魹ｽ魹ｽ魹ｽ: #4)

  [DROP] 魹ｽ魹ｽﾌｭ魹ｽ魹ｽ魹ｽ魹ｽ魹ｽ魹ｽ (14):
     SlogP_VSA7_1 (RF魹ｽ魹ｽﾒｪ魹ｽ魹ｽ魹ｽ魹ｽ魹ｽ魹ｽ: #19)
     fr_priamide_1 (RF魹ｽ魹ｽﾒｪ魹ｽ魹ｽ魹ｽ魹ｽ魹ｽ魹ｽ: #23)
     MinEStateIndex_2 (RF魹ｽ魹ｽﾒｪ魹ｽ魹ｽ魹ｽ魹ｽ魹ｽ魹ｽ: #11)
     ExactMolWt_2 (RF魹ｽ魹ｽﾒｪ魹ｽ魹ｽ魹ｽ魹ｽ魹ｽ魹ｽ: #14)
     FpDensityMorgan3_2 (RF魹ｽ魹ｽﾒｪ魹ｽ魹ｽ魹ｽ魹ｽ魹ｽ魹ｽ: #17)
     BertzCT_2 (RF魹ｽ魹ｽﾒｪ魹ｽ魹ｽ魹ｽ魹ｽ魹ｽ魹ｽ: #10)
     PEOE_VSA3_2 (RF魹ｽ魹ｽﾒｪ魹ｽ魹ｽ魹ｽ魹ｽ魹ｽ魹ｽ: #21)
     SMR_VSA2_2 (RF魹ｽ魹ｽﾒｪ魹ｽ魹ｽ魹ｽ魹ｽ魹ｽ魹ｽ: #9)
     SlogP_VSA6_2 (RF魹ｽ魹ｽﾒｪ魹ｽ魹ｽ魹ｽ魹ｽ魹ｽ魹ｽ: #15)
     VSA_EState5_2 (RF魹ｽ魹ｽﾒｪ魹ｽ魹ｽ魹ｽ魹ｽ魹ｽ魹ｽ: #20)
     VSA_EState7_2 (RF魹ｽ魹ｽﾒｪ魹ｽ魹ｽ魹ｽ魹ｽ魹ｽ魹ｽ: #13)
     NumAromaticRings_2 (RF魹ｽ魹ｽﾒｪ魹ｽ魹ｽ魹ｽ魹ｽ魹ｽ魹ｽ: #22)
     NumRotatableBonds_2 (RF魹ｽ魹ｽﾒｪ魹ｽ魹ｽ魹ｽ魹ｽ魹ｽ魹ｽ: #18)
     fr_NH2_2 (RF魹ｽ魹ｽﾒｪ魹ｽ魹ｽ魹ｽ魹ｽ魹ｽ魹ｽ: #16)

============================================================
Step 4: 魹ｽ魹ｽ魹ｽ魹ｽ魹ｽ魹ｽﾖ､魹ｽﾔｱ魹ｽ
============================================================

  ﾈｫ魹ｽ魹ｽ 23 魹ｽ魹ｽ魹ｽ魹ｽ 魹ｽ魹ｽ CV R2: 0.7026 魹ｽ魹ｽ 0.0467
  ﾉｸﾑ｡ 9 魹ｽ魹ｽ魹ｽ魹ｽ 魹ｽ魹ｽ CV R2: 0.7072 魹ｽ魹ｽ 0.0438

============================================================
Step 4.1: 魹ｽ魹ｽ魹ｽ魹ｽ魹ｽ魹ｽﾖ､魹ｽ魹ｽ魹ｽ (ﾃｿ魹ｽ魹ｽ R2 + 魹ｽ魹ｽ魹ｽ魹ｽ)
============================================================
  Fold 1: Full=0.6428, Selected=0.7089, Dummy=-0.0000
  Fold 2: Full=0.6907, Selected=0.6880, Dummy=-0.0019
  Fold 3: Full=0.7306, Selected=0.7118, Dummy=-0.0286
  Fold 4: Full=0.6635, Selected=0.6610, Dummy=-0.0039
  Fold 5: Full=0.7715, Selected=0.7595, Dummy=-0.0026

  ﾃｿ魹ｽ魹ｽ R2 ﾍｳ魹ｽ魹ｽ:
  Full     mean=0.6998, std=0.0463
  Selected mean=0.7058, std=0.0324
  Dummy    mean=-0.0074, std=0.0107

  [OK] ﾉｸﾑ｡魹ｽ魹ｽ魹ｽ魹ｽ魹ｽ魹ｽ >= ﾈｫ魹ｽ魹ｽ魹ｽ魹ｽ魹ｽ魹ｽ魹ｽﾆｼ魹ｽﾊｹ魹ｽ魹ｽ 9 魹ｽ魹ｽ魹ｽ魹ｽ魹ｽ魹ｽ

魹ｽ魹ｽ魹ｽﾓｻ魹ｽ魹ｽﾑｱ魹ｽ魹ｽ魹ｽ魹ｽ魹ｽ results/feature_selection.png
ﾉｸﾑ｡魹ｽ魹ｽ魹ｽ魹ｽ魹ｽ魹ｽ魹ｽﾑｱ魹ｽ魹ｽ魹ｽ魹ｽ魹ｽ data/features_optimized.xlsx (9 魹ｽ魹ｽ魹ｽ魹ｽ + ﾄｿ魹ｽ魹ｽﾖｵ)
ﾍｳﾒｻ魹ｽ魹ｽ魹ｽ魹ｽ魹ｽ魹ｽ魹ｽ魹ｽ魹ｽ魹ｽ魹ｽﾔｶ魹ｽ魹ｽ魹ｽ魹ｽ魹ｽ: feature_config.py
魹ｽ魹ｽ魹ｽ魹ｽ魹ｽ魹ｽ魹ｽ魹ｽ魹ｽﾑｱ魹ｽ魹ｽ魹ｽ魹ｽ魹ｽ results/feature_ranking.txt

魹ｽ魹ｽ魹ｽ魹ｽ魹ｽﾆｼ魹ｽ魹ｽ魹ｽ魹ｽ魹ｽ魹ｽﾐｱ魹ｽ (魹ｽ魹ｽﾖｱ魹ｽﾓｸ魹ｽ魹ｽﾆｵ魹ｽﾄ｣魹ｽﾍｴ魹ｽ魹ｽ魹ｽ魹ｽ魹ｽ):
feature_cols = ['MinAbsPartialCharge_1', 'BCUT2D_MWLOW_1', 'VSA_EState1_1', 'HeavyAtomMolWt_2', 'SMR_VSA5_2', 'VSA_EState3_2', 'Delta_MolMR', 'Delta_MaxAbsCharge', 'Inv_T']
