魹ｽ魹ｽ魹ｽﾚｼ魹ｽ魹ｽ魹ｽ魹ｽ魹ｽ魹ｽ魹ｽ...
魹ｽ魹ｽ箏ｽ魹ｽ魹ｽ魹ｽ魹ｽﾉｸﾑ｡魹ｽﾗｶ魹ｽ魹ｽﾐｷ魹ｽ魹ｽ魹ｽ魹ｽ魹ｽ魹ｽ魹ｽ魹ｽﾑｸ魹ｽ魹ｽ魹ｽ魹ｽ魹ｽﾍｬ train/test 魹ｽ魹ｽ魹ｽﾖ｡魹ｽ
魹ｽ魹ｽ魹ｽ魹ｽ魹ｽ魹ｽ: 9
魹ｽ魹ｽ魹ｽ魹ｽﾗｼ魹ｽ魹ｽ魹ｽ魹ｽﾉ｣魹ｽﾑｵ魹ｽ魹ｽ魹ｽ魹ｽ 1452 魹ｽ魹ｽ魹ｽ魹ｽ魹ｽ魹ｽ魹ｽ魹ｽ魹ｽﾔｼ魹ｽ 363 魹ｽ魹ｽ魹ｽ魹ｽ

魹ｽ魹ｽﾊｼ魹ｽﾔｶ魹ｽﾑｰ魹ｽ魹ｽ (ﾃｿ魹ｽ魹ｽﾄ｣魹ｽ魹ｽ 50 魹ｽ魹ｽ魹ｽ魹ｽ魹ｽ, 5 魹ｽﾛｽ魹ｽ魹ｽ魹ｽ魹ｽ魹ｽﾖ､)...

魹ｽ魹ｽ魹ｽﾚｵ魹ｽ魹ｽ魹ｽ: MLPRegressor ...
Fitting 5 folds for each of 50 candidates, totalling 250 fits
  魹ｽ魹ｽ魹ｽﾅｲ魹ｽ魹ｽ魹ｽ: {'model__solver': 'adam', 'model__learning_rate_init': 0.01, 'model__hidden_layer_sizes': (128, 64, 32, 16), 'model__batch_size': 64, 'model__alpha': 1e-05, 'model__activation': 'tanh'}
  CV ﾑｵ魹ｽ魹ｽ R2: 0.8845, CV 魹ｽ魹ｽﾖ､ R2: 0.5967
  魹ｽ魹ｽ魹ｽﾔｼ魹ｽ R2: 0.7476, MAE: 0.2274, RMSE: 0.3271

魹ｽ魹ｽ魹ｽﾚｵ魹ｽ魹ｽ魹ｽ: XGBRegressor ...
Fitting 5 folds for each of 50 candidates, totalling 250 fits
  魹ｽ魹ｽ魹ｽﾅｲ魹ｽ魹ｽ魹ｽ: {'model__subsample': 0.9, 'model__reg_lambda': 1, 'model__reg_alpha': 0.01, 'model__n_estimators': 800, 'model__min_child_weight': 3, 'model__max_depth': 9, 'model__learning_rate': 0.03, 'model__gamma': 0.1, 'model__colsample_bytree': 1.0}
  CV ﾑｵ魹ｽ魹ｽ R2: 0.9451, CV 魹ｽ魹ｽﾖ､ R2: 0.7249
  魹ｽ魹ｽ魹ｽﾔｼ魹ｽ R2: 0.8272, MAE: 0.1653, RMSE: 0.2706

魹ｽ魹ｽ魹ｽﾚｵ魹ｽ魹ｽ魹ｽ: RandomForestRegressor ...
Fitting 5 folds for each of 50 candidates, totalling 250 fits
  魹ｽ魹ｽ魹ｽﾅｲ魹ｽ魹ｽ魹ｽ: {'model__n_estimators': 800, 'model__min_samples_split': 3, 'model__min_samples_leaf': 1, 'model__max_features': 0.7, 'model__max_depth': None}
  CV ﾑｵ魹ｽ魹ｽ R2: 0.9499, CV 魹ｽ魹ｽﾖ､ R2: 0.6992
  魹ｽ魹ｽ魹ｽﾔｼ魹ｽ R2: 0.8216, MAE: 0.1621, RMSE: 0.2750

魹ｽ魹ｽ魹ｽﾚｵ魹ｽ魹ｽ魹ｽ: GradientBoosting ...
Fitting 5 folds for each of 50 candidates, totalling 250 fits
  魹ｽ魹ｽ魹ｽﾅｲ魹ｽ魹ｽ魹ｽ: {'model__subsample': 0.8, 'model__n_estimators': 200, 'model__min_samples_split': 2, 'model__min_samples_leaf': 2, 'model__max_features': None, 'model__max_depth': 8, 'model__loss': 'huber', 'model__learning_rate': 0.05}
  CV ﾑｵ魹ｽ魹ｽ R2: 0.9750, CV 魹ｽ魹ｽﾖ､ R2: 0.7386
  魹ｽ魹ｽ魹ｽﾔｼ魹ｽ R2: 0.8520, MAE: 0.1445, RMSE: 0.2505

============================================================
魹ｽ魹ｽ魹ｽ魹ｽﾄ｣魹ｽﾍｵ魹ｽ魹ｽﾅｽ魹ｽ魹ｽ魹ｽ魹ｽ魹ｽ魹ｽ
============================================================
                Model                                                                                                                                                                                                                                     Best Params  CV Train R2  CV Val R2  Test R2  Test MAE  Test RMSE
     GradientBoosting                    {'model__subsample': 0.8, 'model__n_estimators': 200, 'model__min_samples_split': 2, 'model__min_samples_leaf': 2, 'model__max_features': None, 'model__max_depth': 8, 'model__loss': 'huber', 'model__learning_rate': 0.05}     0.975021   0.738574 0.851983  0.144453   0.250460
         XGBRegressor {'model__subsample': 0.9, 'model__reg_lambda': 1, 'model__reg_alpha': 0.01, 'model__n_estimators': 800, 'model__min_child_weight': 3, 'model__max_depth': 9, 'model__learning_rate': 0.03, 'model__gamma': 0.1, 'model__colsample_bytree': 1.0}     0.945055   0.724907 0.827173  0.165308   0.270639
RandomForestRegressor                                                                                                 {'model__n_estimators': 800, 'model__min_samples_split': 3, 'model__min_samples_leaf': 1, 'model__max_features': 0.7, 'model__max_depth': None}     0.949889   0.699169 0.821558  0.162092   0.275000
         MLPRegressor                                                       {'model__solver': 'adam', 'model__learning_rate_init': 0.01, 'model__hidden_layer_sizes': (128, 64, 32, 16), 'model__batch_size': 64, 'model__alpha': 1e-05, 'model__activation': 'tanh'}     0.884476   0.596728 0.747573  0.227418   0.327078
魹ｽ魹ｽ魹ｽﾓｻ魹ｽﾍｼ魹ｽ魹ｽ魹ｽﾑｱ魹ｽ魹ｽ魹ｽ: final_results¥sklearn¥sklearn_validation_plots.png

魹ｽ魹ｽ魹ｽﾄ｣魹ｽ魹ｽ (魹ｽ魹ｽ CV R2 ﾑ｡魹ｽ魹ｽ): GradientBoosting
魹ｽ魹ｽ魹ｽ CV R2: 0.7386
ﾍｳﾒｻﾄ｣魹ｽﾍｰ魹ｽ魹ｽﾑｱ魹ｽ魹ｽ魹ｽ: results/sklearn_model_bundle.pkl
魹ｽ魹ｽ魹ｽ魹ｽﾄ｣魹ｽ魹ｽ魹ｽﾑｱ魹ｽ魹ｽ魹ｽ: results/fingerprint_model.pkl
魹ｽ魹ｽ魹ｽ魹ｽﾕｪﾒｪ魹ｽﾑｱ魹ｽ魹ｽ魹ｽ: results/sklearn_tuning_summary.csv

魹ｽ魹ｽ魹ｽ魹ｽ魹ｽ魹ｽ魹ｽﾄｿﾂｼ: final_results¥sklearn
魹ｽ魹ｽ魹ｽﾕｱ魹ｽ魹ｽ魹ｽ: final_results¥sklearn¥sklearn_final_report.txt
