======================================================================
ïżœĆŽïżœïżœă·šïżœïżœïżœïżœŃĄïżœïżœ (DEAP)
======================================================================

ïżœïżœïżœïżœïżœïżœïżœïżœ...
  ïżœïżœïżœïżœ: 1815 ïżœïżœïżœïżœ ïżœïżœ 332 ïżœïżœïżœïżœ
  ïżœïżœïżœïżœ: train=1452, test=363
  split ïżœïżœïżœïżœïżœŃ±ïżœïżœïżœ: results/train_test_split_indices.npz

GA ïżœïżœïżœïżœŃĄïżœïżœïżœïżœïżœïżœ (ïżœïżœïżœÜ°ïżœ):
  ïżœïżœïżœïżœÎŹïżœïżœ: 332
  ïżœïżœÈș: 100, ïżœïżœïżœïżœïżœïżœ: 60
  ïżœïżœïżœïżœïżœïżœÔŒïżœïżœ: [5, 40]
  ïżœïżœïżœïżœïżœïżœ: RF, CV=3
  ïżœïżœÍŁ: ïżœïżœïżœïżœ 12 ïżœïżœïżœȚžïżœïżœïżœ
  ïżœïżœŃĄïżœïżœïżœïżœ: ['Inv_T']

======================================================================
   ïżœïżœ |     ïżœïżœïżœïżœR2 |     ÆœïżœïżœR2 |      ïżœïżœŚŒïżœïżœ |   ïżœïżœïżœïżœïżœïżœ |       ïżœïżœÊ± | ŚŽÌŹ
======================================================================
init |   0.1438 |  -0.1589 |   0.3441 |    34 |      34s | ïżœïżœÊŒïżœïżœ
   1 |   0.1611 |  -0.1064 |   0.3521 |    23 |      15s | * ïżœïżœïżœïżœ
   2 |   0.1971 |  -0.0825 |   0.3611 |    28 |      16s | * ïżœïżœïżœïżœ
   3 |   0.2177 |   0.0375 |   0.2285 |    23 |      15s | * ïżœïżœïżœïżœ
   4 |   0.2177 |  -0.0032 |   0.3392 |    23 |      16s |   ÍŁïżœïżœ 1/12
   5 |   0.2772 |   0.0799 |   0.2546 |    20 |      17s | * ïżœïżœïżœïżœ
   6 |   0.2712 |   0.0934 |   0.2828 |    20 |      16s |   ÍŁïżœïżœ 1/12
   7 |   0.3285 |   0.0630 |   0.3608 |    25 |      17s | * ïżœïżœïżœïżœ
   8 |   0.3067 |   0.1351 |   0.2659 |    25 |      15s |   ÍŁïżœïżœ 1/12
   9 |   0.3302 |   0.1760 |   0.2140 |    27 |      16s | * ïżœïżœïżœïżœ
  10 |   0.3172 |   0.1733 |   0.2210 |    27 |      16s |   ÍŁïżœïżœ 1/12
  11 |   0.3339 |   0.2198 |   0.1840 |    31 |      13s | * ïżœïżœïżœïżœ
  12 |   0.3340 |   0.2030 |   0.2809 |    34 |      14s | * ïżœïżœïżœïżœ
  13 |   0.3779 |   0.2284 |   0.2556 |    36 |      15s | * ïżœïżœïżœïżœ
  14 |   0.3514 |   0.2265 |   0.2874 |    36 |      13s |   ÍŁïżœïżœ 1/12
  15 |   0.3536 |   0.2703 |   0.2254 |    36 |      14s |   ÍŁïżœïżœ 2/12
  16 |   0.3536 |   0.2952 |   0.1405 |    36 |      16s |   ÍŁïżœïżœ 3/12
  17 |   0.3815 |   0.2391 |   0.2977 |    31 |      16s | * ïżœïżœïżœïżœ
  18 |   0.3748 |   0.2723 |   0.2634 |    31 |      15s |   ÍŁïżœïżœ 1/12
  19 |   0.3795 |   0.2182 |   0.3849 |    31 |      14s |   ÍŁïżœïżœ 2/12
  20 |   0.3814 |   0.3021 |   0.2342 |    31 |      15s |   ÍŁïżœïżœ 3/12
  21 |   0.3882 |   0.2418 |   0.3693 |    38 |      13s | * ïżœïżœïżœïżœ
  22 |   0.3950 |   0.3175 |   0.2353 |    35 |      15s | * ïżœïżœïżœïżœ
  23 |   0.3975 |   0.2179 |   0.4289 |    36 |      15s | * ïżœïżœïżœïżœ
  24 |   0.3975 |   0.2582 |   0.3725 |    36 |      15s |   ÍŁïżœïżœ 1/12
  25 |   0.4035 |   0.1281 |   0.5288 |    37 |      12s | * ïżœïżœïżœïżœ
  26 |   0.4058 |   0.1720 |   0.4928 |    39 |      13s | * ïżœïżœïżœïżœ
  27 |   0.4141 |   0.2048 |   0.4660 |    33 |      16s | * ïżœïżœïżœïżœ
  28 |   0.4141 |   0.1248 |   0.5452 |    33 |      15s |   ÍŁïżœïżœ 1/12
  29 |   0.4155 |   0.2255 |   0.4531 |    34 |      14s | * ïżœïżœïżœïżœ
  30 |   0.4139 |   0.2238 |   0.4526 |    34 |      14s |   ÍŁïżœïżœ 1/12
  31 |   0.4093 |   0.1400 |   0.5352 |    34 |      15s |   ÍŁïżœïżœ 2/12
  32 |   0.4128 |   0.2580 |   0.4196 |    34 |      17s |   ÍŁïżœïżœ 3/12
  33 |   0.4123 |   0.1626 |   0.5262 |    34 |      15s |   ÍŁïżœïżœ 4/12
  34 |   0.4123 |   0.1712 |   0.5119 |    34 |      18s |   ÍŁïżœïżœ 5/12
  35 |   0.4126 |   0.2457 |   0.4382 |    34 |      16s |   ÍŁïżœïżœ 6/12
  36 |   0.4170 |   0.2171 |   0.4711 |    37 |      15s | * ïżœïżœïżœïżœ
  37 |   0.4176 |   0.2749 |   0.4015 |    38 |      18s | * ïżœïżœïżœïżœ
  38 |   0.4180 |   0.2097 |   0.4881 |    34 |      14s | * ïżœïżœïżœïżœ
  39 |   0.4194 |   0.2802 |   0.4030 |    34 |      17s | * ïżœïżœïżœïżœ
  40 |   0.4203 |   0.2986 |   0.3830 |    35 |      16s | * ïżœïżœïżœïżœ
  41 |   0.4201 |   0.2948 |   0.3825 |    35 |      20s |   ÍŁïżœïżœ 1/12
  42 |   0.4212 |   0.2439 |   0.4595 |    38 |      19s | * ïżœïżœïżœïżœ
  43 |   0.4232 |   0.1895 |   0.5191 |    37 |      12s | * ïżœïżœïżœïżœ
  44 |   0.4263 |   0.2599 |   0.4431 |    39 |      15s | * ïżœïżœïżœïżœ
  45 |   0.4263 |   0.2542 |   0.4422 |    39 |      16s |   ÍŁïżœïżœ 1/12
  46 |   0.4263 |   0.2871 |   0.4051 |    39 |      15s |   ÍŁïżœïżœ 2/12
  47 |   0.4263 |   0.2603 |   0.4433 |    39 |      18s |   ÍŁïżœïżœ 3/12
  48 |   0.4263 |   0.2159 |   0.4909 |    39 |      14s |   ÍŁïżœïżœ 4/12
  49 |   0.4264 |   0.2723 |   0.4247 |    35 |      17s | * ïżœïżœïżœïżœ
  50 |   0.4264 |   0.1934 |   0.5208 |    36 |      17s | * ïżœïżœïżœïżœ
  51 |   0.4264 |   0.2636 |   0.4445 |    36 |      16s |   ÍŁïżœïżœ 1/12
  52 |   0.4264 |   0.3223 |   0.3628 |    36 |      21s |   ÍŁïżœïżœ 2/12
  53 |   0.4264 |   0.2212 |   0.4929 |    36 |      16s |   ÍŁïżœïżœ 3/12
  54 |   0.4264 |   0.1657 |   0.5464 |    36 |      15s |   ÍŁïżœïżœ 4/12
  55 |   0.4264 |   0.2497 |   0.4627 |    36 |      17s |   ÍŁïżœïżœ 5/12
  56 |   0.4264 |   0.2803 |   0.4273 |    36 |      17s |   ÍŁïżœïżœ 6/12
  57 |   0.4264 |   0.2237 |   0.4941 |    36 |      16s |   ÍŁïżœïżœ 7/12
  58 |   0.4264 |   0.3236 |   0.3639 |    36 |      18s |   ÍŁïżœïżœ 8/12
  59 |   0.4264 |   0.2967 |   0.4079 |    36 |      17s |   ÍŁïżœïżœ 9/12
  60 |   0.4264 |   0.2260 |   0.4947 |    36 |      15s |   ÍŁïżœïżœ 10/12
======================================================================
ïżœïżœïżœïżœïżœïżœïżœ: 60 ïżœïżœ, ïżœÜșïżœÊ± 16.2min

======================================================================
ïżœïżœïżœïżœïżœïżœïżœïżœïżœÓŒïżœ (36 ïżœïżœ, CV R2=0.4264):
======================================================================
    1. BCUT2D_MWLOW_1
    2. PEOE_VSA4_1
    3. PEOE_VSA8_1
    4. SMR_VSA5_1
    5. SMR_VSA6_1
    6. SlogP_VSA3_1
    7. FractionCSP3_1
    8. NumSaturatedCarbocycles_1
    9. NumSaturatedHeterocycles_1
   10. fr_aniline_1
   11. fr_halogen_1
   12. fr_ketone_1
   13. fr_ketone_Topliss_1
   14. fr_methoxy_1
   15. MaxPartialCharge_2
   16. MinAbsPartialCharge_2
   17. FpDensityMorgan1_2
   18. Chi1_2
   19. Chi2n_2
   20. Chi3n_2
   21. SMR_VSA2_2
   22. SMR_VSA7_2
   23. SlogP_VSA11_2
   24. SlogP_VSA6_2
   25. HeavyAtomCount_2
   26. NumAromaticCarbocycles_2
   27. NumAromaticHeterocycles_2
   28. NumRotatableBonds_2
   29. NumSaturatedCarbocycles_2
   30. MolLogP_2
   31. fr_Al_COO_2
   32. fr_NH2_2
   33. fr_lactone_2
   34. Delta_MolWt
   35. HB_Match
   36. Inv_T

ïżœïżœïżœÔŒïżœïżœïżœïżœïżœ...
  Test R2:   0.8085
  Test MAE:  0.1682
  Test RMSE: 0.2849

ïżœïżœïżœïżœïżœĐ±ïżœïżœŃ±ïżœïżœïżœ: results/ga_selected_features.txt
ïżœïżœïżœïżœÄŁïżœïżœïżœŃ±ïżœïżœïżœ: results/ga_best_model.pkl
feature_config.py ïżœïżœïżœÔ¶ïżœïżœïżœïżœïżœ (SELECTED=36)

Hall of Fame (Top 5):
  #1: 36 ïżœïżœïżœïżœ, CV R2=0.4264
  #2: 35 ïżœïżœïżœïżœ, CV R2=0.4264
  #3: 34 ïżœïżœïżœïżœ, CV R2=0.4263
  #4: 39 ïżœïżœïżœïżœ, CV R2=0.4263
  #5: 34 ïżœïżœïżœïżœ, CV R2=0.4262

ïżœïżœïżœ! ïżœïżœïżœïżœïżœïżœïżœïżœïżœïżœïżœïżœïżœïżœ:
  python ïżœïżœïżœïżœÉžŃĄ.py  # ïżœïżœÒ»ïżœïżœïżœïżœïżœïżœÉžŃĄ
