魹ｽ魹ｽ results/ga_selected_features.txt 魹ｽ魹ｽ魹ｽ魹ｽ GA ﾔ､ﾑ｡魹ｽ魹ｽ魹ｽ魹ｽ: 36 魹ｽ魹ｽ
魹ｽﾑｼ魹ｽ魹ｽ魹ｽ 魹ｽﾅｴ魹ｽ.py 魹ｽ魹ｽ魹ｽ魹ｽ魹ｽ split 魹ｽ魹ｽ魹ｽ魹ｽ魹ｽ魹ｽ魹ｽ魹ｽ魹ｽ魹ｽ魹ｽ魹ｽﾍｬ train/test 魹ｽ魹ｽ魹ｽﾖ｡魹ｽ
ﾔｭﾊｼ魹ｽ魹ｽ魹ｽ魹ｽ魹ｽ魹ｽ: 36
魹ｽ魹ｽ魹ｽ魹ｽ魹ｽ魹ｽ(ﾑｵ魹ｽ魹ｽ魹ｽ魹ｽ): 1452 | 魹ｽ魹ｽ魹ｽﾔｼ魹ｽ: 363

============================================================
Step 0: ﾄｿ魹ｽ魹ｽﾖｵ魹ｽﾖｲ魹ｽ魹ｽ魹ｽ魹ｽ
============================================================
count    1452.000000
mean        0.702703
std         0.658767
min        -0.550000
25%         0.320000
50%         0.485000
75%         0.880000
max         3.850000
Name: chi_result, dtype: float64

魹ｽﾘｼ魹ｽ魹ｽ魹ｽﾎｻ魹ｽ魹ｽ:
0.01   -0.096185
0.05    0.040000
0.50    0.485000
0.95    2.100000
0.99    3.317250
Name: chi_result, dtype: float64

============================================================
Step 1: 魹ｽ魹ｽ魹ｽﾉｭ魹ｽ魹ｽ魹ｽ魹ｽ魹ｽ魹ｽ魹ｽ魹ｽﾒｪ魹ｽ魹ｽ魹ｽ魹ｽ魹ｽ魹ｽ
============================================================

ﾈｫ魹ｽ魹ｽ魹ｽ魹ｽ魹ｽ魹ｽ魹ｽ魹ｽﾒｪ魹ｽ魹ｽ魹ｽ魹ｽ魹ｽ魹ｽ魹ｽ魹ｽ
   1. SMR_VSA2_2                      0.1318  魹ｽ魹ｽ魹ｽ魹ｽ魹ｽ魹ｽ魹ｽ魹ｽ魹ｽ魹ｽ魹ｽ魹ｽ魹ｽ魹ｽ魹ｽ魹ｽ魹ｽ魹ｽ魹ｽ魹ｽ魹ｽ魹ｽ魹ｽ魹ｽ魹ｽ魹ｽ
   2. MolLogP_2                       0.1147  魹ｽ魹ｽ魹ｽ魹ｽ魹ｽ魹ｽ魹ｽ魹ｽ魹ｽ魹ｽ魹ｽ魹ｽ魹ｽ魹ｽ魹ｽ魹ｽ魹ｽ魹ｽ魹ｽ魹ｽ魹ｽ魹ｽ
   3. Inv_T                           0.0975  魹ｽ魹ｽ魹ｽ魹ｽ魹ｽ魹ｽ魹ｽ魹ｽ魹ｽ魹ｽ魹ｽ魹ｽ魹ｽ魹ｽ魹ｽ魹ｽ魹ｽ魹ｽ
   4. MinAbsPartialCharge_2           0.0805  魹ｽ魹ｽ魹ｽ魹ｽ魹ｽ魹ｽ魹ｽ魹ｽ魹ｽ魹ｽ魹ｽ魹ｽ魹ｽ魹ｽ魹ｽ魹ｽ
   5. PEOE_VSA8_1                     0.0691  魹ｽ魹ｽ魹ｽ魹ｽ魹ｽ魹ｽ魹ｽ魹ｽ魹ｽ魹ｽ魹ｽ魹ｽ
   6. BCUT2D_MWLOW_1                  0.0663  魹ｽ魹ｽ魹ｽ魹ｽ魹ｽ魹ｽ魹ｽ魹ｽ魹ｽ魹ｽ魹ｽ魹ｽ
   7. SlogP_VSA3_1                    0.0598  魹ｽ魹ｽ魹ｽ魹ｽ魹ｽ魹ｽ魹ｽ魹ｽ魹ｽ魹ｽ
   8. Delta_MolWt                     0.0586  魹ｽ魹ｽ魹ｽ魹ｽ魹ｽ魹ｽ魹ｽ魹ｽ魹ｽ魹ｽ
   9. SMR_VSA5_1                      0.0559  魹ｽ魹ｽ魹ｽ魹ｽ魹ｽ魹ｽ魹ｽ魹ｽ魹ｽ魹ｽ
  10. SMR_VSA6_1                      0.0465  魹ｽ魹ｽ魹ｽ魹ｽ魹ｽ魹ｽ魹ｽ魹ｽ
  11. Chi2n_2                         0.0337  魹ｽ魹ｽ魹ｽ魹ｽ魹ｽ魹ｽ
  12. MaxPartialCharge_2              0.0275  魹ｽ魹ｽ魹ｽ魹ｽ
  13. FractionCSP3_1                  0.0208  魹ｽ魹ｽ魹ｽ魹ｽ
  14. NumRotatableBonds_2             0.0180  魹ｽ魹ｽ
  15. FpDensityMorgan1_2              0.0164  魹ｽ魹ｽ
  16. Chi1_2                          0.0160  魹ｽ魹ｽ
  17. Chi3n_2                         0.0137  魹ｽ魹ｽ
  18. fr_ketone_1                     0.0126  魹ｽ魹ｽ
  19. fr_ketone_Topliss_1             0.0103  魹ｽ魹ｽ
  20. PEOE_VSA4_1                     0.0077  
  21. HeavyAtomCount_2                0.0070  
  22. NumSaturatedCarbocycles_2       0.0060  
  23. HB_Match                        0.0051  
  24. fr_halogen_1                    0.0049  
  25. fr_NH2_2                        0.0045  
  26. SMR_VSA7_2                      0.0041  
  27. SlogP_VSA6_2                    0.0035  
  28. fr_methoxy_1                    0.0025  
  29. NumAromaticCarbocycles_2        0.0012  
  30. fr_lactone_2                    0.0011  
  31. fr_Al_COO_2                     0.0009  
  32. fr_aniline_1                    0.0008  
  33. NumSaturatedHeterocycles_1      0.0005  
  34. NumSaturatedCarbocycles_1       0.0002  
  35. NumAromaticHeterocycles_2       0.0002  
  36. SlogP_VSA11_2                   0.0000  

============================================================
Step 2: 魹ｽ魹ｽ魹ｽ魹ｽ魹ｽ魹ｽ魹ｽ魹ｽ魹ｽ魹ｽ魹ｽ魹ｽ魹ｽ魹ｽ (|r| > 0.9)
============================================================

魹ｽ魹ｽ魹ｽ魹ｽ 6 魹ｽﾔｸ魹ｽ魹ｽ魹ｽ魹ｽ魹ｽ魹ｽ魹ｽ魹ｽ魹ｽ魹ｽ魹ｽ魹ｽ
  SMR_VSA7_2 <-> SlogP_VSA6_2: r=0.990
  Chi2n_2 <-> Chi3n_2: r=0.952
  fr_ketone_1 <-> fr_ketone_Topliss_1: r=0.925
  MaxPartialCharge_2 <-> MinAbsPartialCharge_2: r=0.924
  Chi2n_2 <-> HeavyAtomCount_2: r=0.920
  SMR_VSA7_2 <-> NumAromaticCarbocycles_2: r=0.919

============================================================
Step 3: RFECV 魹ｽﾝｹ魹ｽ魹ｽ魹ｽ魹ｽ魹ｽ魹ｽ魹ｽ魹ｽ魹ｽ魹ｽ魹ｽ魹ｽﾔｶ魹ｽﾈｷ魹ｽ魹ｽ魹ｽ魹ｽ魹ｽ魹ｽ魹ｽ魹ｽ魹ｽ魹ｽ魹ｽ魹ｽ魹ｽ魹ｽ
============================================================
  魹ｽ魹ｽ魹ｽ魹ｽﾑｵ魹ｽ魹ｽ魹ｽ魹ｽ魹ｽ魹ｽ魹ｽ魹ｽ魹ｽ魹ｽ 5 魹ｽﾛｽ魹ｽ魹ｽ魹ｽ魹ｽ魹ｽﾖ､...

  魹ｽ魹ｽ魹ｽ魹ｽ魹ｽ魹ｽ魹ｽ魹ｽ魹ｽ魹ｽ魹ｽ魹ｽ: 30
  魹ｽ魹ｽ魹ｽ魹ｽ CV R2: 0.7086

  [OK] 魹ｽ魹ｽ魹ｽ魹ｽ魹ｽ魹ｽ魹ｽ魹ｽ魹ｽ魹ｽ (30):
     BCUT2D_MWLOW_1 (RF魹ｽ魹ｽﾒｪ魹ｽ魹ｽ魹ｽ魹ｽ魹ｽ魹ｽ: #6)
     PEOE_VSA4_1 (RF魹ｽ魹ｽﾒｪ魹ｽ魹ｽ魹ｽ魹ｽ魹ｽ魹ｽ: #20)
     PEOE_VSA8_1 (RF魹ｽ魹ｽﾒｪ魹ｽ魹ｽ魹ｽ魹ｽ魹ｽ魹ｽ: #5)
     SMR_VSA5_1 (RF魹ｽ魹ｽﾒｪ魹ｽ魹ｽ魹ｽ魹ｽ魹ｽ魹ｽ: #9)
     SMR_VSA6_1 (RF魹ｽ魹ｽﾒｪ魹ｽ魹ｽ魹ｽ魹ｽ魹ｽ魹ｽ: #10)
     SlogP_VSA3_1 (RF魹ｽ魹ｽﾒｪ魹ｽ魹ｽ魹ｽ魹ｽ魹ｽ魹ｽ: #7)
     FractionCSP3_1 (RF魹ｽ魹ｽﾒｪ魹ｽ魹ｽ魹ｽ魹ｽ魹ｽ魹ｽ: #13)
     fr_halogen_1 (RF魹ｽ魹ｽﾒｪ魹ｽ魹ｽ魹ｽ魹ｽ魹ｽ魹ｽ: #24)
     fr_ketone_1 (RF魹ｽ魹ｽﾒｪ魹ｽ魹ｽ魹ｽ魹ｽ魹ｽ魹ｽ: #18)
     fr_ketone_Topliss_1 (RF魹ｽ魹ｽﾒｪ魹ｽ魹ｽ魹ｽ魹ｽ魹ｽ魹ｽ: #19)
     fr_methoxy_1 (RF魹ｽ魹ｽﾒｪ魹ｽ魹ｽ魹ｽ魹ｽ魹ｽ魹ｽ: #28)
     MaxPartialCharge_2 (RF魹ｽ魹ｽﾒｪ魹ｽ魹ｽ魹ｽ魹ｽ魹ｽ魹ｽ: #12)
     MinAbsPartialCharge_2 (RF魹ｽ魹ｽﾒｪ魹ｽ魹ｽ魹ｽ魹ｽ魹ｽ魹ｽ: #4)
     FpDensityMorgan1_2 (RF魹ｽ魹ｽﾒｪ魹ｽ魹ｽ魹ｽ魹ｽ魹ｽ魹ｽ: #15)
     Chi1_2 (RF魹ｽ魹ｽﾒｪ魹ｽ魹ｽ魹ｽ魹ｽ魹ｽ魹ｽ: #16)
     Chi2n_2 (RF魹ｽ魹ｽﾒｪ魹ｽ魹ｽ魹ｽ魹ｽ魹ｽ魹ｽ: #11)
     Chi3n_2 (RF魹ｽ魹ｽﾒｪ魹ｽ魹ｽ魹ｽ魹ｽ魹ｽ魹ｽ: #17)
     SMR_VSA2_2 (RF魹ｽ魹ｽﾒｪ魹ｽ魹ｽ魹ｽ魹ｽ魹ｽ魹ｽ: #1)
     SMR_VSA7_2 (RF魹ｽ魹ｽﾒｪ魹ｽ魹ｽ魹ｽ魹ｽ魹ｽ魹ｽ: #26)
     SlogP_VSA6_2 (RF魹ｽ魹ｽﾒｪ魹ｽ魹ｽ魹ｽ魹ｽ魹ｽ魹ｽ: #27)
     HeavyAtomCount_2 (RF魹ｽ魹ｽﾒｪ魹ｽ魹ｽ魹ｽ魹ｽ魹ｽ魹ｽ: #21)
     NumAromaticCarbocycles_2 (RF魹ｽ魹ｽﾒｪ魹ｽ魹ｽ魹ｽ魹ｽ魹ｽ魹ｽ: #29)
     NumRotatableBonds_2 (RF魹ｽ魹ｽﾒｪ魹ｽ魹ｽ魹ｽ魹ｽ魹ｽ魹ｽ: #14)
     NumSaturatedCarbocycles_2 (RF魹ｽ魹ｽﾒｪ魹ｽ魹ｽ魹ｽ魹ｽ魹ｽ魹ｽ: #22)
     MolLogP_2 (RF魹ｽ魹ｽﾒｪ魹ｽ魹ｽ魹ｽ魹ｽ魹ｽ魹ｽ: #2)
     fr_Al_COO_2 (RF魹ｽ魹ｽﾒｪ魹ｽ魹ｽ魹ｽ魹ｽ魹ｽ魹ｽ: #31)
     fr_NH2_2 (RF魹ｽ魹ｽﾒｪ魹ｽ魹ｽ魹ｽ魹ｽ魹ｽ魹ｽ: #25)
     Delta_MolWt (RF魹ｽ魹ｽﾒｪ魹ｽ魹ｽ魹ｽ魹ｽ魹ｽ魹ｽ: #8)
     HB_Match (RF魹ｽ魹ｽﾒｪ魹ｽ魹ｽ魹ｽ魹ｽ魹ｽ魹ｽ: #23)
     Inv_T (RF魹ｽ魹ｽﾒｪ魹ｽ魹ｽ魹ｽ魹ｽ魹ｽ魹ｽ: #3)

  [DROP] 魹ｽ魹ｽﾌｭ魹ｽ魹ｽ魹ｽ魹ｽ魹ｽ魹ｽ (6):
     NumSaturatedCarbocycles_1 (RF魹ｽ魹ｽﾒｪ魹ｽ魹ｽ魹ｽ魹ｽ魹ｽ魹ｽ: #34)
     NumSaturatedHeterocycles_1 (RF魹ｽ魹ｽﾒｪ魹ｽ魹ｽ魹ｽ魹ｽ魹ｽ魹ｽ: #33)
     fr_aniline_1 (RF魹ｽ魹ｽﾒｪ魹ｽ魹ｽ魹ｽ魹ｽ魹ｽ魹ｽ: #32)
     SlogP_VSA11_2 (RF魹ｽ魹ｽﾒｪ魹ｽ魹ｽ魹ｽ魹ｽ魹ｽ魹ｽ: #36)
     NumAromaticHeterocycles_2 (RF魹ｽ魹ｽﾒｪ魹ｽ魹ｽ魹ｽ魹ｽ魹ｽ魹ｽ: #35)
     fr_lactone_2 (RF魹ｽ魹ｽﾒｪ魹ｽ魹ｽ魹ｽ魹ｽ魹ｽ魹ｽ: #30)

============================================================
Step 4: 魹ｽ魹ｽ魹ｽ魹ｽ魹ｽ魹ｽﾖ､魹ｽﾔｱ魹ｽ
============================================================

  ﾈｫ魹ｽ魹ｽ 36 魹ｽ魹ｽ魹ｽ魹ｽ 魹ｽ魹ｽ CV R2: 0.7147 魹ｽ魹ｽ 0.0460
  ﾉｸﾑ｡ 30 魹ｽ魹ｽ魹ｽ魹ｽ 魹ｽ魹ｽ CV R2: 0.7145 魹ｽ魹ｽ 0.0467

============================================================
Step 4.1: 魹ｽ魹ｽ魹ｽ魹ｽ魹ｽ魹ｽﾖ､魹ｽ魹ｽ魹ｽ (ﾃｿ魹ｽ魹ｽ R2 + 魹ｽ魹ｽ魹ｽ魹ｽ)
============================================================
  Fold 1: Full=0.6832, Selected=0.6830, Dummy=-0.0000
  Fold 2: Full=0.7409, Selected=0.7401, Dummy=-0.0019
  Fold 3: Full=0.6889, Selected=0.6912, Dummy=-0.0286
  Fold 4: Full=0.6787, Selected=0.6790, Dummy=-0.0039
  Fold 5: Full=0.7538, Selected=0.7530, Dummy=-0.0026

  ﾃｿ魹ｽ魹ｽ R2 ﾍｳ魹ｽ魹ｽ:
  Full     mean=0.7091, std=0.0317
  Selected mean=0.7092, std=0.0310
  Dummy    mean=-0.0074, std=0.0107

  [OK] ﾉｸﾑ｡魹ｽ魹ｽ魹ｽ魹ｽ魹ｽﾜｽ魹ｽ魹ｽﾂｽ魹ｽ 0.0002魹ｽ魹ｽ魹ｽ魹ｽ魹ｽ魹ｽ魹ｽ魹ｽ魹ｽ魹ｽ魹ｽﾙｸ魹ｽ魹ｽﾈｶ魹ｽ魹ｽ魹ｽ魹ｽﾆｼ魹ｽﾊｹ魹ｽ魹ｽ

魹ｽ魹ｽ魹ｽﾓｻ魹ｽ魹ｽﾑｱ魹ｽ魹ｽ魹ｽ魹ｽ魹ｽ results/feature_selection.png
ﾉｸﾑ｡魹ｽ魹ｽ魹ｽ魹ｽ魹ｽ魹ｽ魹ｽﾑｱ魹ｽ魹ｽ魹ｽ魹ｽ魹ｽ data/features_optimized.xlsx (30 魹ｽ魹ｽ魹ｽ魹ｽ + ﾄｿ魹ｽ魹ｽﾖｵ)
ﾍｳﾒｻ魹ｽ魹ｽ魹ｽ魹ｽ魹ｽ魹ｽ魹ｽ魹ｽ魹ｽ魹ｽ魹ｽﾔｶ魹ｽ魹ｽ魹ｽ魹ｽ魹ｽ: feature_config.py
魹ｽ魹ｽ魹ｽ魹ｽ魹ｽ魹ｽ魹ｽ魹ｽ魹ｽﾑｱ魹ｽ魹ｽ魹ｽ魹ｽ魹ｽ results/feature_ranking.txt

魹ｽ魹ｽ魹ｽ魹ｽ魹ｽﾆｼ魹ｽ魹ｽ魹ｽ魹ｽ魹ｽ魹ｽﾐｱ魹ｽ (魹ｽ魹ｽﾖｱ魹ｽﾓｸ魹ｽ魹ｽﾆｵ魹ｽﾄ｣魹ｽﾍｴ魹ｽ魹ｽ魹ｽ魹ｽ魹ｽ):
feature_cols = ['BCUT2D_MWLOW_1', 'PEOE_VSA4_1', 'PEOE_VSA8_1', 'SMR_VSA5_1', 'SMR_VSA6_1', 'SlogP_VSA3_1', 'FractionCSP3_1', 'fr_halogen_1', 'fr_ketone_1', 'fr_ketone_Topliss_1', 'fr_methoxy_1', 'MaxPartialCharge_2', 'MinAbsPartialCharge_2', 'FpDensityMorgan1_2', 'Chi1_2', 'Chi2n_2', 'Chi3n_2', 'SMR_VSA2_2', 'SMR_VSA7_2', 'SlogP_VSA6_2', 'HeavyAtomCount_2', 'NumAromaticCarbocycles_2', 'NumRotatableBonds_2', 'NumSaturatedCarbocycles_2', 'MolLogP_2', 'fr_Al_COO_2', 'fr_NH2_2', 'Delta_MolWt', 'HB_Match', 'Inv_T']
