魹ｽ魹ｽ魹ｽﾚｼ魹ｽ魹ｽ魹ｽ魹ｽ魹ｽ魹ｽ魹ｽ...
魹ｽ魹ｽ箏ｽ魹ｽ魹ｽ魹ｽ魹ｽﾉｸﾑ｡魹ｽﾗｶ魹ｽ魹ｽﾐｷ魹ｽ魹ｽ魹ｽ魹ｽ魹ｽ魹ｽ魹ｽ魹ｽﾑｸ魹ｽ魹ｽ魹ｽ魹ｽ魹ｽﾍｬ train/test 魹ｽ魹ｽ魹ｽﾖ｡魹ｽ
魹ｽ魹ｽ魹ｽ魹ｽ魹ｽ魹ｽ: 30
魹ｽ魹ｽ魹ｽ魹ｽﾗｼ魹ｽ魹ｽ魹ｽ魹ｽﾉ｣魹ｽﾑｵ魹ｽ魹ｽ魹ｽ魹ｽ 1452 魹ｽ魹ｽ魹ｽ魹ｽ魹ｽ魹ｽ魹ｽ魹ｽ魹ｽﾔｼ魹ｽ 363 魹ｽ魹ｽ魹ｽ魹ｽ

魹ｽ魹ｽﾊｼ魹ｽﾔｶ魹ｽﾑｰ魹ｽ魹ｽ (ﾃｿ魹ｽ魹ｽﾄ｣魹ｽ魹ｽ 50 魹ｽ魹ｽ魹ｽ魹ｽ魹ｽ, 5 魹ｽﾛｽ魹ｽ魹ｽ魹ｽ魹ｽ魹ｽﾖ､)...

魹ｽ魹ｽ魹ｽﾚｵ魹ｽ魹ｽ魹ｽ: MLPRegressor ...
Fitting 5 folds for each of 50 candidates, totalling 250 fits
  魹ｽ魹ｽ魹ｽﾅｲ魹ｽ魹ｽ魹ｽ: {'model__solver': 'adam', 'model__learning_rate_init': 0.0005, 'model__hidden_layer_sizes': (128, 64, 32, 16), 'model__batch_size': 32, 'model__alpha': 0.05, 'model__activation': 'tanh'}
  CV ﾑｵ魹ｽ魹ｽ R2: 0.8262, CV 魹ｽ魹ｽﾖ､ R2: 0.6214
  魹ｽ魹ｽ魹ｽﾔｼ魹ｽ R2: 0.7506, MAE: 0.1978, RMSE: 0.3251

魹ｽ魹ｽ魹ｽﾚｵ魹ｽ魹ｽ魹ｽ: XGBRegressor ...
Fitting 5 folds for each of 50 candidates, totalling 250 fits
  魹ｽ魹ｽ魹ｽﾅｲ魹ｽ魹ｽ魹ｽ: {'model__subsample': 1.0, 'model__reg_lambda': 0.1, 'model__reg_alpha': 0.1, 'model__n_estimators': 800, 'model__min_child_weight': 1, 'model__max_depth': 7, 'model__learning_rate': 0.1, 'model__gamma': 0, 'model__colsample_bytree': 0.5}
  CV ﾑｵ魹ｽ魹ｽ R2: 0.9980, CV 魹ｽ魹ｽﾖ､ R2: 0.7352
  魹ｽ魹ｽ魹ｽﾔｼ魹ｽ R2: 0.8200, MAE: 0.1504, RMSE: 0.2762

魹ｽ魹ｽ魹ｽﾚｵ魹ｽ魹ｽ魹ｽ: RandomForestRegressor ...
Fitting 5 folds for each of 50 candidates, totalling 250 fits
  魹ｽ魹ｽ魹ｽﾅｲ魹ｽ魹ｽ魹ｽ: {'model__n_estimators': 800, 'model__min_samples_split': 3, 'model__min_samples_leaf': 1, 'model__max_features': 0.7, 'model__max_depth': None}
  CV ﾑｵ魹ｽ魹ｽ R2: 0.9526, CV 魹ｽ魹ｽﾖ､ R2: 0.7119
  魹ｽ魹ｽ魹ｽﾔｼ魹ｽ R2: 0.8200, MAE: 0.1606, RMSE: 0.2762

魹ｽ魹ｽ魹ｽﾚｵ魹ｽ魹ｽ魹ｽ: GradientBoosting ...
Fitting 5 folds for each of 50 candidates, totalling 250 fits
  魹ｽ魹ｽ魹ｽﾅｲ魹ｽ魹ｽ魹ｽ: {'model__subsample': 0.7, 'model__n_estimators': 800, 'model__min_samples_split': 2, 'model__min_samples_leaf': 2, 'model__max_features': None, 'model__max_depth': 8, 'model__loss': 'huber', 'model__learning_rate': 0.1}
  CV ﾑｵ魹ｽ魹ｽ R2: 0.9962, CV 魹ｽ魹ｽﾖ､ R2: 0.7464
  魹ｽ魹ｽ魹ｽﾔｼ魹ｽ R2: 0.8538, MAE: 0.1426, RMSE: 0.2489

============================================================
魹ｽ魹ｽ魹ｽ魹ｽﾄ｣魹ｽﾍｵ魹ｽ魹ｽﾅｽ魹ｽ魹ｽ魹ｽ魹ｽ魹ｽ魹ｽ
============================================================
                Model                                                                                                                                                                                                                                   Best Params  CV Train R2  CV Val R2  Test R2  Test MAE  Test RMSE
     GradientBoosting                   {'model__subsample': 0.7, 'model__n_estimators': 800, 'model__min_samples_split': 2, 'model__min_samples_leaf': 2, 'model__max_features': None, 'model__max_depth': 8, 'model__loss': 'huber', 'model__learning_rate': 0.1}     0.996151   0.746398 0.853846  0.142606   0.248879
         XGBRegressor {'model__subsample': 1.0, 'model__reg_lambda': 0.1, 'model__reg_alpha': 0.1, 'model__n_estimators': 800, 'model__min_child_weight': 1, 'model__max_depth': 7, 'model__learning_rate': 0.1, 'model__gamma': 0, 'model__colsample_bytree': 0.5}     0.998028   0.735220 0.819954  0.150401   0.276233
RandomForestRegressor                                                                                               {'model__n_estimators': 800, 'model__min_samples_split': 3, 'model__min_samples_leaf': 1, 'model__max_features': 0.7, 'model__max_depth': None}     0.952588   0.711874 0.819969  0.160629   0.276221
         MLPRegressor                                                    {'model__solver': 'adam', 'model__learning_rate_init': 0.0005, 'model__hidden_layer_sizes': (128, 64, 32, 16), 'model__batch_size': 32, 'model__alpha': 0.05, 'model__activation': 'tanh'}     0.826199   0.621383 0.750587  0.197816   0.325120
魹ｽ魹ｽ魹ｽﾓｻ魹ｽﾍｼ魹ｽ魹ｽ魹ｽﾑｱ魹ｽ魹ｽ魹ｽ: final_results¥sklearn¥sklearn_validation_plots.png

魹ｽ魹ｽ魹ｽﾄ｣魹ｽ魹ｽ (魹ｽ魹ｽ CV R2 ﾑ｡魹ｽ魹ｽ): GradientBoosting
魹ｽ魹ｽ魹ｽ CV R2: 0.7464
ﾍｳﾒｻﾄ｣魹ｽﾍｰ魹ｽ魹ｽﾑｱ魹ｽ魹ｽ魹ｽ: results/sklearn_model_bundle.pkl
魹ｽ魹ｽ魹ｽ魹ｽﾄ｣魹ｽ魹ｽ魹ｽﾑｱ魹ｽ魹ｽ魹ｽ: results/fingerprint_model.pkl
魹ｽ魹ｽ魹ｽ魹ｽﾕｪﾒｪ魹ｽﾑｱ魹ｽ魹ｽ魹ｽ: results/sklearn_tuning_summary.csv

魹ｽ魹ｽ魹ｽ魹ｽ魹ｽ魹ｽ魹ｽﾄｿﾂｼ: final_results¥sklearn
魹ｽ魹ｽ魹ｽﾕｱ魹ｽ魹ｽ魹ｽ: final_results¥sklearn¥sklearn_final_report.txt
