======================================================================
魹ｽﾅｴ魹ｽ魹ｽ羚ｨ魹ｽ魹ｽ魹ｽ魹ｽﾑ｡魹ｽ魹ｽ 魹ｽ魹ｽ 魹ｽ魹ｽ魹ｽ魹ｽ魹ｽ魹ｽ魹ｽﾍｰ魹ｽ (ElasticNet)
======================================================================

魹ｽ魹ｽ魹ｽ魹ｽ魹ｽ魹ｽ魹ｽ魹ｽ...
  魹ｽ魹ｽ魹ｽ魹ｽ: 1815 魹ｽ魹ｽ魹ｽ魹ｽ x 325 魹ｽ魹ｽ魹ｽ魹ｽ
  魹ｽﾑｸ魹ｽ魹ｽ魹ｽ split 魹ｽ魹ｽ魹ｽ魹ｽ: results/train_test_split_indices.npz
  魹ｽ魹ｽ魹ｽ魹ｽ: train=1452, test=363

======================================================================
Stage 1: Mutual Information 魹ｽ魹ｽﾉｸ
======================================================================
  MI 魹ｽ魹ｽ魹ｽ魹ｽ魹ｽﾑｱ魹ｽ魹ｽ魹ｽ: results¥ga_elasticnet_mi_ranking.csv
  魹ｽ魹ｽﾑ｡魹ｽ魹ｽ魹ｽ魹ｽ HB_Match 魹ｽ魹ｽ魹ｽ魹ｽ MI top-100魹ｽ魹ｽ魹ｽ魹ｽﾇｿ魹ｽﾆｼ魹ｽ魹ｽ魹ｽ
  魹ｽ魹ｽ魹ｽ魹ｽ魹ｽ魹ｽ魹ｽ魹ｽ: 325 -> 101 (MI top-100 + 魹ｽ魹ｽﾑ｡)
  Inv_T MI 魹ｽ魹ｽ魹ｽ魹ｽ: #78 (MI=0.1780)

======================================================================
Stage 2: GA 魹ｽ魹ｽ魹ｽ魹ｽ魹ｽ魹ｽ魹ｽ
======================================================================

GA-ElasticNet 魹ｽ魹ｽ魹ｽ魹ｽﾑ｡魹ｽ魹ｽ魹ｽ魹ｽ魹ｽ魹ｽ:
  魹ｽ魹ｽ魹ｽ魹ｽﾎｬ魹ｽ魹ｽ: 101
  魹ｽ魹ｽﾈｺ: 100, 魹ｽ魹ｽ魹ｽ魹ｽ魹ｽ魹ｽ: 60
  魹ｽ魹ｽ魹ｽ魹ｽ魹ｽ魹ｽﾔｼ魹ｽ魹ｽ: [5, 30]
  魹ｽ魹ｽ魹ｽ魹ｽ魹ｽ魹ｽ: ElasticNet(alpha=0.1, l1=0.5), CV=3
  魹ｽ魹ｽﾍ｣: 魹ｽ魹ｽ魹ｽ魹ｽ 12 魹ｽ魹ｽ魹ｽﾞｸ魹ｽ魹ｽ魹ｽ
  魹ｽ魹ｽﾑ｡魹ｽ魹ｽ魹ｽ魹ｽ: ['Delta_MaxAbsCharge', 'InvT_x_DTPSA', 'Delta_TPSA', 'InvT_x_DMaxCharge', 'Inv_T', 'Delta_LogP', 'HB_Match']

======================================================================
   魹ｽ魹ｽ |     魹ｽ魹ｽ魹ｽ魹ｽR2 |     ﾆｽ魹ｽ魹ｽR2 |      魹ｽ魹ｽﾗｼ魹ｽ魹ｽ |   魹ｽ魹ｽ魹ｽ魹ｽ魹ｽ魹ｽ |       魹ｽ魹ｽﾊｱ | ﾗｴﾌｬ
======================================================================
init |  -0.1947 |  -0.2734 |   0.0347 |    18 |      13s | 魹ｽ魹ｽﾊｼ魹ｽ魹ｽ
   1 |  -0.1950 |  -0.2497 |   0.0251 |    18 |       1s |   ﾍ｣魹ｽ魹ｽ 1/12
   2 |  -0.1950 |  -0.2336 |   0.0203 |    18 |       1s |   ﾍ｣魹ｽ魹ｽ 2/12
   3 |  -0.1888 |  -0.2203 |   0.0176 |    22 |       1s | * 魹ｽ魹ｽ魹ｽ魹ｽ
   4 |  -0.1886 |  -0.2112 |   0.0102 |    22 |       1s | * 魹ｽ魹ｽ魹ｽ魹ｽ
   5 |  -0.1852 |  -0.2056 |   0.0109 |    22 |       1s | * 魹ｽ魹ｽ魹ｽ魹ｽ
   6 |  -0.1826 |  -0.1997 |   0.0080 |    23 |       1s | * 魹ｽ魹ｽ魹ｽ魹ｽ
   7 |  -0.1726 |  -0.1950 |   0.0106 |    18 |       1s | * 魹ｽ魹ｽ魹ｽ魹ｽ
   8 |  -0.1726 |  -0.1978 |   0.0811 |    18 |       1s |   ﾍ｣魹ｽ魹ｽ 1/12
   9 |  -0.1755 |  -0.1948 |   0.0812 |    18 |       1s |   ﾍ｣魹ｽ魹ｽ 2/12
  10 |  -0.1736 |  -0.1852 |   0.0060 |    18 |       1s |   ﾍ｣魹ｽ魹ｽ 3/12
  11 |  -0.1733 |  -0.1837 |   0.0068 |    18 |       1s |   ﾍ｣魹ｽ魹ｽ 4/12
  12 |  -0.1733 |  -0.1805 |   0.0046 |    18 |       1s |   ﾍ｣魹ｽ魹ｽ 5/12
  13 |  -0.1720 |  -0.1800 |   0.0083 |    22 |       1s | * 魹ｽ魹ｽ魹ｽ魹ｽ
  14 |  -0.1708 |  -0.1782 |   0.0080 |    16 |       1s | * 魹ｽ魹ｽ魹ｽ魹ｽ
  15 |  -0.1698 |  -0.1855 |   0.0824 |    16 |       1s | * 魹ｽ魹ｽ魹ｽ魹ｽ
  16 |  -0.1698 |  -0.1757 |   0.0086 |    16 |       1s |   ﾍ｣魹ｽ魹ｽ 1/12
  17 |  -0.1698 |  -0.1737 |   0.0076 |    16 |       1s |   ﾍ｣魹ｽ魹ｽ 2/12
  18 |  -0.1698 |  -0.1730 |   0.0073 |    16 |       1s |   ﾍ｣魹ｽ魹ｽ 3/12
  19 |  -0.1698 |  -0.1719 |   0.0046 |    19 |       1s |   ﾍ｣魹ｽ魹ｽ 4/12
  20 |  -0.1696 |  -0.1727 |   0.0090 |    20 |       1s | * 魹ｽ魹ｽ魹ｽ魹ｽ
  21 |  -0.1696 |  -0.1716 |   0.0063 |    20 |       1s |   ﾍ｣魹ｽ魹ｽ 1/12
  22 |  -0.1696 |  -0.1704 |   0.0029 |    20 |       1s |   ﾍ｣魹ｽ魹ｽ 2/12
  23 |  -0.1696 |  -0.1707 |   0.0037 |    20 |       1s |   ﾍ｣魹ｽ魹ｽ 3/12
  24 |  -0.1686 |  -0.1716 |   0.0092 |    21 |       1s | * 魹ｽ魹ｽ魹ｽ魹ｽ
  25 |  -0.1686 |  -0.1711 |   0.0062 |    19 |       1s |   ﾍ｣魹ｽ魹ｽ 1/12
  26 |  -0.1686 |  -0.1728 |   0.0101 |    19 |       1s |   ﾍ｣魹ｽ魹ｽ 2/12
  27 |  -0.1686 |  -0.1709 |   0.0042 |    15 |       1s |   ﾍ｣魹ｽ魹ｽ 3/12
  28 |  -0.1686 |  -0.1707 |   0.0072 |    16 |       1s |   ﾍ｣魹ｽ魹ｽ 4/12
  29 |  -0.1686 |  -0.1714 |   0.0078 |    16 |       1s |   ﾍ｣魹ｽ魹ｽ 5/12
  30 |  -0.1686 |  -0.1714 |   0.0087 |    16 |       1s |   ﾍ｣魹ｽ魹ｽ 6/12
  31 |  -0.1686 |  -0.1714 |   0.0090 |    16 |       1s |   ﾍ｣魹ｽ魹ｽ 7/12
  32 |  -0.1686 |  -0.1706 |   0.0091 |    16 |       1s |   ﾍ｣魹ｽ魹ｽ 8/12
  33 |  -0.1686 |  -0.1718 |   0.0100 |    16 |       1s |   ﾍ｣魹ｽ魹ｽ 9/12
  34 |  -0.1686 |  -0.1717 |   0.0096 |    16 |       1s |   ﾍ｣魹ｽ魹ｽ 10/12
  35 |  -0.1686 |  -0.1698 |   0.0041 |    16 |       1s |   ﾍ｣魹ｽ魹ｽ 11/12
  36 |  -0.1686 |  -0.1698 |   0.0046 |    16 |       1s |   ﾍ｣魹ｽ魹ｽ 12/12

>> 魹ｽ魹ｽﾍ｣魹ｽ魹ｽ魹ｽ魹ｽ: 魹ｽ魹ｽ魹ｽ魹ｽ 12 魹ｽ魹ｽ魹ｽﾞｸ魹ｽ魹ｽ魹ｽ
======================================================================
魹ｽ魹ｽ魹ｽ魹ｽ魹ｽ魹ｽ魹ｽ: 36 魹ｽ魹ｽ, 魹ｽﾜｺ魹ｽﾊｱ 55s

======================================================================
魹ｽ魹ｽ魹ｽ魹ｽ魹ｽ魹ｽ魹ｽ魹ｽ魹ｽﾓｼ魹ｽ (16 魹ｽ魹ｽ, CV R2=-0.1686):
======================================================================
    1. Delta_MaxAbsCharge
    2. MinPartialCharge_1
    3. MinPartialCharge_2
    4. MinEStateIndex_1
    5. MaxEStateIndex_1
    6. InvT_x_DTPSA
    7. HeavyAtomMolWt_1
    8. SMR_VSA1_1
    9. Delta_TPSA
   10. InvT_x_DMaxCharge
   11. FpDensityMorgan1_2
   12. PEOE_VSA8_2
   13. Inv_T
   14. Delta_LogP
   15. Chi2v_2
   16. HB_Match

魹ｽ魹ｽ魹ｽﾔｼ魹ｽ魹ｽ魹ｽ魹ｽ魹ｽ (ElasticNet)...
  Test R2:   0.1552
  Test MAE:  0.4059
  Test RMSE: 0.5983

======================================================================
ElasticNet ﾏｵ魹ｽ魹ｽ (魹ｽ魹ｽ魹ｽ魹ｽ魹ｽ魹ｽ魹ｽ魹ｽ魹ｽ魹ｽ魹ｽ魹ｽ魹ｽ魹ｽ):
======================================================================
  Intercept = 0.7027
  + 0.0997  Delta_MaxAbsCharge
  + 0.0746  PEOE_VSA8_2
  - 0.0470  Chi2v_2
  + 0.0421  FpDensityMorgan1_2
  - 0.0387  Inv_T
  + 0.0183  Delta_LogP
  + 0.0112  Delta_TPSA
  - 0.0000  MinPartialCharge_1
  - 0.0000  MinPartialCharge_2
  - 0.0000  MinEStateIndex_1
  - 0.0000  MaxEStateIndex_1
  - 0.0000  InvT_x_DTPSA
  - 0.0000  HeavyAtomMolWt_1
  - 0.0000  SMR_VSA1_1
  - 0.0000  InvT_x_DMaxCharge
  - 0.0000  HB_Match

魹ｽ魹ｽ魹ｽ魹ｽ魹ｽﾐｱ魹ｽ魹ｽﾑｱ魹ｽ魹ｽ魹ｽ: results¥ga_elasticnet_selected_features.txt
ﾄ｣魹ｽ魹ｽ魹ｽﾑｱ魹ｽ魹ｽ魹ｽ: results¥ga_elasticnet_best_model.pkl

Hall of Fame (Top 5):
  #1: 16 魹ｽ魹ｽ魹ｽ魹ｽ, CV R2=-0.1686
  #2: 20 魹ｽ魹ｽ魹ｽ魹ｽ, CV R2=-0.1686
  #3: 16 魹ｽ魹ｽ魹ｽ魹ｽ, CV R2=-0.1686
  #4: 15 魹ｽ魹ｽ魹ｽ魹ｽ, CV R2=-0.1686
  #5: 16 魹ｽ魹ｽ魹ｽ魹ｽ, CV R2=-0.1686

魹ｽ魹ｽ魹ｽ!
ﾗ｢魹ｽ魹ｽ: 魹ｽ魹ｽ魹ｽﾅｱ魹ｽ魹ｽ魹ｽ魹ｽﾔｶ魹ｽ魹ｽ魹ｽ魹ｽ魹ｽ feature_config.py
      魹ｽ魹ｽﾔｱ魹ｽ RF 魹ｽ魹ｽ魹ｽ魹ｽ魹ｽ魹ｽ魹ｽﾛｺﾏｾ魹ｽ魹ｽ魹ｽ魹ｽ魹ｽ魹ｽ魹ｽ魹ｽ魹ｽ魹ｽ魹ｽ魹ｽﾐｱ魹ｽ
