魹ｽ魹ｽ results/ga_selected_features.txt 魹ｽ魹ｽ魹ｽ魹ｽ GA ﾔ､ﾑ｡魹ｽ魹ｽ魹ｽ魹ｽ: 16 魹ｽ魹ｽ
魹ｽﾑｼ魹ｽ魹ｽ魹ｽ 魹ｽﾅｴ魹ｽ.py 魹ｽ魹ｽ魹ｽ魹ｽ魹ｽ split 魹ｽ魹ｽ魹ｽ魹ｽ魹ｽ魹ｽ魹ｽ魹ｽ魹ｽ魹ｽ魹ｽ魹ｽﾍｬ train/test 魹ｽ魹ｽ魹ｽﾖ｡魹ｽ
ﾔｭﾊｼ魹ｽ魹ｽ魹ｽ魹ｽ魹ｽ魹ｽ: 16
魹ｽ魹ｽ魹ｽ魹ｽ魹ｽ魹ｽ(ﾑｵ魹ｽ魹ｽ魹ｽ魹ｽ): 1452 | 魹ｽ魹ｽ魹ｽﾔｼ魹ｽ: 363

============================================================
Step 0: ﾄｿ魹ｽ魹ｽﾖｵ魹ｽﾖｲ魹ｽ魹ｽ魹ｽ魹ｽ
============================================================
count    1452.000000
mean        0.702703
std         0.658767
min        -0.550000
25%         0.320000
50%         0.485000
75%         0.880000
max         3.850000
Name: chi_result, dtype: float64

魹ｽﾘｼ魹ｽ魹ｽ魹ｽﾎｻ魹ｽ魹ｽ:
0.01   -0.096185
0.05    0.040000
0.50    0.485000
0.95    2.100000
0.99    3.317250
Name: chi_result, dtype: float64

============================================================
Step 1: 魹ｽ魹ｽ魹ｽﾉｭ魹ｽ魹ｽ魹ｽ魹ｽ魹ｽ魹ｽ魹ｽ魹ｽﾒｪ魹ｽ魹ｽ魹ｽ魹ｽ魹ｽ魹ｽ
============================================================

ﾈｫ魹ｽ魹ｽ魹ｽ魹ｽ魹ｽ魹ｽ魹ｽ魹ｽﾒｪ魹ｽ魹ｽ魹ｽ魹ｽ魹ｽ魹ｽ魹ｽ魹ｽ
   1. Delta_MaxAbsCharge              0.1613  魹ｽ魹ｽ魹ｽ魹ｽ魹ｽ魹ｽ魹ｽ魹ｽ魹ｽ魹ｽ魹ｽ魹ｽ魹ｽ魹ｽ魹ｽ魹ｽ魹ｽ魹ｽ魹ｽ魹ｽ魹ｽ魹ｽ魹ｽ魹ｽ魹ｽ魹ｽ魹ｽ魹ｽ魹ｽ魹ｽ魹ｽ魹ｽ
   2. Chi2v_2                         0.1437  魹ｽ魹ｽ魹ｽ魹ｽ魹ｽ魹ｽ魹ｽ魹ｽ魹ｽ魹ｽ魹ｽ魹ｽ魹ｽ魹ｽ魹ｽ魹ｽ魹ｽ魹ｽ魹ｽ魹ｽ魹ｽ魹ｽ魹ｽ魹ｽ魹ｽ魹ｽ魹ｽ魹ｽ
   3. PEOE_VSA8_2                     0.1020  魹ｽ魹ｽ魹ｽ魹ｽ魹ｽ魹ｽ魹ｽ魹ｽ魹ｽ魹ｽ魹ｽ魹ｽ魹ｽ魹ｽ魹ｽ魹ｽ魹ｽ魹ｽ魹ｽ魹ｽ
   4. InvT_x_DTPSA                    0.0932  魹ｽ魹ｽ魹ｽ魹ｽ魹ｽ魹ｽ魹ｽ魹ｽ魹ｽ魹ｽ魹ｽ魹ｽ魹ｽ魹ｽ魹ｽ魹ｽ魹ｽ魹ｽ
   5. MinPartialCharge_1              0.0785  魹ｽ魹ｽ魹ｽ魹ｽ魹ｽ魹ｽ魹ｽ魹ｽ魹ｽ魹ｽ魹ｽ魹ｽ魹ｽ魹ｽ
   6. MinEStateIndex_1                0.0691  魹ｽ魹ｽ魹ｽ魹ｽ魹ｽ魹ｽ魹ｽ魹ｽ魹ｽ魹ｽ魹ｽ魹ｽ
   7. Delta_LogP                      0.0560  魹ｽ魹ｽ魹ｽ魹ｽ魹ｽ魹ｽ魹ｽ魹ｽ魹ｽ魹ｽ
   8. InvT_x_DMaxCharge               0.0559  魹ｽ魹ｽ魹ｽ魹ｽ魹ｽ魹ｽ魹ｽ魹ｽ魹ｽ魹ｽ
   9. Inv_T                           0.0489  魹ｽ魹ｽ魹ｽ魹ｽ魹ｽ魹ｽ魹ｽ魹ｽ
  10. FpDensityMorgan1_2              0.0353  魹ｽ魹ｽ魹ｽ魹ｽ魹ｽ魹ｽ
  11. Delta_TPSA                      0.0348  魹ｽ魹ｽ魹ｽ魹ｽ魹ｽ魹ｽ
  12. MinPartialCharge_2              0.0337  魹ｽ魹ｽ魹ｽ魹ｽ魹ｽ魹ｽ
  13. MaxEStateIndex_1                0.0307  魹ｽ魹ｽ魹ｽ魹ｽ魹ｽ魹ｽ
  14. HeavyAtomMolWt_1                0.0278  魹ｽ魹ｽ魹ｽ魹ｽ
  15. SMR_VSA1_1                      0.0269  魹ｽ魹ｽ魹ｽ魹ｽ
  16. HB_Match                        0.0021  

============================================================
Step 2: 魹ｽ魹ｽ魹ｽ魹ｽ魹ｽ魹ｽ魹ｽ魹ｽ魹ｽ魹ｽ魹ｽ魹ｽ魹ｽ魹ｽ (|r| > 0.9)
============================================================

魹ｽ魹ｽ魹ｽ魹ｽ 2 魹ｽﾔｸ魹ｽ魹ｽ魹ｽ魹ｽ魹ｽ魹ｽ魹ｽ魹ｽ魹ｽ魹ｽ魹ｽ魹ｽ
  InvT_x_DTPSA <-> Delta_TPSA: r=0.974
  Delta_MaxAbsCharge <-> InvT_x_DMaxCharge: r=0.961

============================================================
Step 3: RFECV 魹ｽﾝｹ魹ｽ魹ｽ魹ｽ魹ｽ魹ｽ魹ｽ魹ｽ魹ｽ魹ｽ魹ｽ魹ｽ魹ｽﾔｶ魹ｽﾈｷ魹ｽ魹ｽ魹ｽ魹ｽ魹ｽ魹ｽ魹ｽ魹ｽ魹ｽ魹ｽ魹ｽ魹ｽ魹ｽ魹ｽ
============================================================
  魹ｽ魹ｽ魹ｽ魹ｽﾑｵ魹ｽ魹ｽ魹ｽ魹ｽ魹ｽ魹ｽ魹ｽ魹ｽ魹ｽ魹ｽ 5 魹ｽﾛｽ魹ｽ魹ｽ魹ｽ魹ｽ魹ｽﾖ､...

  魹ｽ魹ｽ魹ｽ魹ｽ魹ｽ魹ｽ魹ｽ魹ｽ魹ｽ魹ｽ魹ｽ魹ｽ: 15
  魹ｽ魹ｽ魹ｽ魹ｽ CV R2: 0.6815

  [OK] 魹ｽ魹ｽ魹ｽ魹ｽ魹ｽ魹ｽ魹ｽ魹ｽ魹ｽ魹ｽ (15):
     Delta_MaxAbsCharge (RF魹ｽ魹ｽﾒｪ魹ｽ魹ｽ魹ｽ魹ｽ魹ｽ魹ｽ: #1)
     MinPartialCharge_1 (RF魹ｽ魹ｽﾒｪ魹ｽ魹ｽ魹ｽ魹ｽ魹ｽ魹ｽ: #5)
     MinPartialCharge_2 (RF魹ｽ魹ｽﾒｪ魹ｽ魹ｽ魹ｽ魹ｽ魹ｽ魹ｽ: #12)
     MinEStateIndex_1 (RF魹ｽ魹ｽﾒｪ魹ｽ魹ｽ魹ｽ魹ｽ魹ｽ魹ｽ: #6)
     MaxEStateIndex_1 (RF魹ｽ魹ｽﾒｪ魹ｽ魹ｽ魹ｽ魹ｽ魹ｽ魹ｽ: #13)
     InvT_x_DTPSA (RF魹ｽ魹ｽﾒｪ魹ｽ魹ｽ魹ｽ魹ｽ魹ｽ魹ｽ: #4)
     HeavyAtomMolWt_1 (RF魹ｽ魹ｽﾒｪ魹ｽ魹ｽ魹ｽ魹ｽ魹ｽ魹ｽ: #14)
     SMR_VSA1_1 (RF魹ｽ魹ｽﾒｪ魹ｽ魹ｽ魹ｽ魹ｽ魹ｽ魹ｽ: #15)
     Delta_TPSA (RF魹ｽ魹ｽﾒｪ魹ｽ魹ｽ魹ｽ魹ｽ魹ｽ魹ｽ: #11)
     InvT_x_DMaxCharge (RF魹ｽ魹ｽﾒｪ魹ｽ魹ｽ魹ｽ魹ｽ魹ｽ魹ｽ: #8)
     FpDensityMorgan1_2 (RF魹ｽ魹ｽﾒｪ魹ｽ魹ｽ魹ｽ魹ｽ魹ｽ魹ｽ: #10)
     PEOE_VSA8_2 (RF魹ｽ魹ｽﾒｪ魹ｽ魹ｽ魹ｽ魹ｽ魹ｽ魹ｽ: #3)
     Inv_T (RF魹ｽ魹ｽﾒｪ魹ｽ魹ｽ魹ｽ魹ｽ魹ｽ魹ｽ: #9)
     Delta_LogP (RF魹ｽ魹ｽﾒｪ魹ｽ魹ｽ魹ｽ魹ｽ魹ｽ魹ｽ: #7)
     Chi2v_2 (RF魹ｽ魹ｽﾒｪ魹ｽ魹ｽ魹ｽ魹ｽ魹ｽ魹ｽ: #2)

  [DROP] 魹ｽ魹ｽﾌｭ魹ｽ魹ｽ魹ｽ魹ｽ魹ｽ魹ｽ (1):
     HB_Match (RF魹ｽ魹ｽﾒｪ魹ｽ魹ｽ魹ｽ魹ｽ魹ｽ魹ｽ: #16)

============================================================
Step 4: 魹ｽ魹ｽ魹ｽ魹ｽ魹ｽ魹ｽﾖ､魹ｽﾔｱ魹ｽ
============================================================

  ﾈｫ魹ｽ魹ｽ 16 魹ｽ魹ｽ魹ｽ魹ｽ 魹ｽ魹ｽ CV R2: 0.6834 魹ｽ魹ｽ 0.0491
  ﾉｸﾑ｡ 15 魹ｽ魹ｽ魹ｽ魹ｽ 魹ｽ魹ｽ CV R2: 0.6832 魹ｽ魹ｽ 0.0493

============================================================
Step 4.1: 魹ｽ魹ｽ魹ｽ魹ｽ魹ｽ魹ｽﾖ､魹ｽ魹ｽ魹ｽ (ﾃｿ魹ｽ魹ｽ R2 + 魹ｽ魹ｽ魹ｽ魹ｽ)
============================================================
  Fold 1: Full=0.7055, Selected=0.7056, Dummy=-0.0000
  Fold 2: Full=0.5878, Selected=0.5933, Dummy=-0.0019
  Fold 3: Full=0.6711, Selected=0.6647, Dummy=-0.0286
  Fold 4: Full=0.6625, Selected=0.6634, Dummy=-0.0039
  Fold 5: Full=0.7794, Selected=0.7835, Dummy=-0.0026

  ﾃｿ魹ｽ魹ｽ R2 ﾍｳ魹ｽ魹ｽ:
  Full     mean=0.6813, std=0.0623
  Selected mean=0.6821, std=0.0623
  Dummy    mean=-0.0074, std=0.0107

  [OK] ﾉｸﾑ｡魹ｽ魹ｽ魹ｽ魹ｽ魹ｽﾜｽ魹ｽ魹ｽﾂｽ魹ｽ 0.0002魹ｽ魹ｽ魹ｽ魹ｽ魹ｽ魹ｽ魹ｽ魹ｽ魹ｽ魹ｽ魹ｽﾙｸ魹ｽ魹ｽﾈｶ魹ｽ魹ｽ魹ｽ魹ｽﾆｼ魹ｽﾊｹ魹ｽ魹ｽ

魹ｽ魹ｽ魹ｽﾓｻ魹ｽ魹ｽﾑｱ魹ｽ魹ｽ魹ｽ魹ｽ魹ｽ results/feature_selection.png
ﾉｸﾑ｡魹ｽ魹ｽ魹ｽ魹ｽ魹ｽ魹ｽ魹ｽﾑｱ魹ｽ魹ｽ魹ｽ魹ｽ魹ｽ data/features_optimized.xlsx (15 魹ｽ魹ｽ魹ｽ魹ｽ + ﾄｿ魹ｽ魹ｽﾖｵ)
ﾍｳﾒｻ魹ｽ魹ｽ魹ｽ魹ｽ魹ｽ魹ｽ魹ｽ魹ｽ魹ｽ魹ｽ魹ｽﾔｶ魹ｽ魹ｽ魹ｽ魹ｽ魹ｽ: feature_config.py
魹ｽ魹ｽ魹ｽ魹ｽ魹ｽ魹ｽ魹ｽ魹ｽ魹ｽﾑｱ魹ｽ魹ｽ魹ｽ魹ｽ魹ｽ results/feature_ranking.txt

魹ｽ魹ｽ魹ｽ魹ｽ魹ｽﾆｼ魹ｽ魹ｽ魹ｽ魹ｽ魹ｽ魹ｽﾐｱ魹ｽ (魹ｽ魹ｽﾖｱ魹ｽﾓｸ魹ｽ魹ｽﾆｵ魹ｽﾄ｣魹ｽﾍｴ魹ｽ魹ｽ魹ｽ魹ｽ魹ｽ):
feature_cols = ['Delta_MaxAbsCharge', 'MinPartialCharge_1', 'MinPartialCharge_2', 'MinEStateIndex_1', 'MaxEStateIndex_1', 'InvT_x_DTPSA', 'HeavyAtomMolWt_1', 'SMR_VSA1_1', 'Delta_TPSA', 'InvT_x_DMaxCharge', 'FpDensityMorgan1_2', 'PEOE_VSA8_2', 'Inv_T', 'Delta_LogP', 'Chi2v_2']
