魹ｽ魹ｽ魹ｽﾚｼ魹ｽ魹ｽ魹ｽ魹ｽ魹ｽ魹ｽ魹ｽ...
魹ｽ魹ｽ箏ｽ魹ｽ魹ｽ魹ｽ魹ｽﾉｸﾑ｡魹ｽﾗｶ魹ｽ魹ｽﾐｷ魹ｽ魹ｽ魹ｽ魹ｽ魹ｽ魹ｽ魹ｽ魹ｽﾑｸ魹ｽ魹ｽ魹ｽ魹ｽ魹ｽﾍｬ train/test 魹ｽ魹ｽ魹ｽﾖ｡魹ｽ
魹ｽ魹ｽ魹ｽ魹ｽ魹ｽ魹ｽ: 15
魹ｽ魹ｽ魹ｽ魹ｽﾗｼ魹ｽ魹ｽ魹ｽ魹ｽﾉ｣魹ｽﾑｵ魹ｽ魹ｽ魹ｽ魹ｽ 1452 魹ｽ魹ｽ魹ｽ魹ｽ魹ｽ魹ｽ魹ｽ魹ｽ魹ｽﾔｼ魹ｽ 363 魹ｽ魹ｽ魹ｽ魹ｽ

魹ｽ魹ｽﾊｼ魹ｽﾔｶ魹ｽﾑｰ魹ｽ魹ｽ (ﾃｿ魹ｽ魹ｽﾄ｣魹ｽ魹ｽ 50 魹ｽ魹ｽ魹ｽ魹ｽ魹ｽ, 5 魹ｽﾛｽ魹ｽ魹ｽ魹ｽ魹ｽ魹ｽﾖ､)...

魹ｽ魹ｽ魹ｽﾚｵ魹ｽ魹ｽ魹ｽ: MLPRegressor ...
Fitting 5 folds for each of 50 candidates, totalling 250 fits
  魹ｽ魹ｽ魹ｽﾅｲ魹ｽ魹ｽ魹ｽ: {'model__solver': 'adam', 'model__learning_rate_init': 0.001, 'model__hidden_layer_sizes': (256, 128, 64), 'model__batch_size': 32, 'model__alpha': 1e-05, 'model__activation': 'relu'}
  CV ﾑｵ魹ｽ魹ｽ R2: 0.9266, CV 魹ｽ魹ｽﾖ､ R2: 0.6563
  魹ｽ魹ｽ魹ｽﾔｼ魹ｽ R2: 0.7300, MAE: 0.2338, RMSE: 0.3383

魹ｽ魹ｽ魹ｽﾚｵ魹ｽ魹ｽ魹ｽ: XGBRegressor ...
Fitting 5 folds for each of 50 candidates, totalling 250 fits
  魹ｽ魹ｽ魹ｽﾅｲ魹ｽ魹ｽ魹ｽ: {'model__subsample': 0.6, 'model__reg_lambda': 0.1, 'model__reg_alpha': 0.01, 'model__n_estimators': 500, 'model__min_child_weight': 7, 'model__max_depth': 6, 'model__learning_rate': 0.05, 'model__gamma': 0, 'model__colsample_bytree': 0.5}
  CV ﾑｵ魹ｽ魹ｽ R2: 0.9770, CV 魹ｽ魹ｽﾖ､ R2: 0.7329
  魹ｽ魹ｽ魹ｽﾔｼ魹ｽ R2: 0.8455, MAE: 0.1596, RMSE: 0.2558

魹ｽ魹ｽ魹ｽﾚｵ魹ｽ魹ｽ魹ｽ: RandomForestRegressor ...
Fitting 5 folds for each of 50 candidates, totalling 250 fits
  魹ｽ魹ｽ魹ｽﾅｲ魹ｽ魹ｽ魹ｽ: {'model__n_estimators': 800, 'model__min_samples_split': 2, 'model__min_samples_leaf': 1, 'model__max_features': 'log2', 'model__max_depth': 30}
  CV ﾑｵ魹ｽ魹ｽ R2: 0.9599, CV 魹ｽ魹ｽﾖ､ R2: 0.7032
  魹ｽ魹ｽ魹ｽﾔｼ魹ｽ R2: 0.8259, MAE: 0.1646, RMSE: 0.2717

魹ｽ魹ｽ魹ｽﾚｵ魹ｽ魹ｽ魹ｽ: GradientBoosting ...
Fitting 5 folds for each of 50 candidates, totalling 250 fits
  魹ｽ魹ｽ魹ｽﾅｲ魹ｽ魹ｽ魹ｽ: {'model__subsample': 0.7, 'model__n_estimators': 800, 'model__min_samples_split': 10, 'model__min_samples_leaf': 8, 'model__max_features': 'log2', 'model__max_depth': 8, 'model__loss': 'huber', 'model__learning_rate': 0.1}
  CV ﾑｵ魹ｽ魹ｽ R2: 0.9649, CV 魹ｽ魹ｽﾖ､ R2: 0.7357
  魹ｽ魹ｽ魹ｽﾔｼ魹ｽ R2: 0.8507, MAE: 0.1421, RMSE: 0.2516

============================================================
魹ｽ魹ｽ魹ｽ魹ｽﾄ｣魹ｽﾍｵ魹ｽ魹ｽﾅｽ魹ｽ魹ｽ魹ｽ魹ｽ魹ｽ魹ｽ
============================================================
                Model                                                                                                                                                                                                                                     Best Params  CV Train R2  CV Val R2  Test R2  Test MAE  Test RMSE
     GradientBoosting                  {'model__subsample': 0.7, 'model__n_estimators': 800, 'model__min_samples_split': 10, 'model__min_samples_leaf': 8, 'model__max_features': 'log2', 'model__max_depth': 8, 'model__loss': 'huber', 'model__learning_rate': 0.1}     0.964882   0.735657 0.850667  0.142087   0.251572
         XGBRegressor {'model__subsample': 0.6, 'model__reg_lambda': 0.1, 'model__reg_alpha': 0.01, 'model__n_estimators': 500, 'model__min_child_weight': 7, 'model__max_depth': 6, 'model__learning_rate': 0.05, 'model__gamma': 0, 'model__colsample_bytree': 0.5}     0.976978   0.732903 0.845545  0.159625   0.255849
RandomForestRegressor                                                                                                {'model__n_estimators': 800, 'model__min_samples_split': 2, 'model__min_samples_leaf': 1, 'model__max_features': 'log2', 'model__max_depth': 30}     0.959908   0.703211 0.825861  0.164581   0.271663
         MLPRegressor                                                         {'model__solver': 'adam', 'model__learning_rate_init': 0.001, 'model__hidden_layer_sizes': (256, 128, 64), 'model__batch_size': 32, 'model__alpha': 1e-05, 'model__activation': 'relu'}     0.926576   0.656272 0.730010  0.233770   0.338265
魹ｽ魹ｽ魹ｽﾓｻ魹ｽﾍｼ魹ｽ魹ｽ魹ｽﾑｱ魹ｽ魹ｽ魹ｽ: final_results¥sklearn¥sklearn_validation_plots.png

魹ｽ魹ｽ魹ｽﾄ｣魹ｽ魹ｽ (魹ｽ魹ｽ CV R2 ﾑ｡魹ｽ魹ｽ): GradientBoosting
魹ｽ魹ｽ魹ｽ CV R2: 0.7357
ﾍｳﾒｻﾄ｣魹ｽﾍｰ魹ｽ魹ｽﾑｱ魹ｽ魹ｽ魹ｽ: results/sklearn_model_bundle.pkl
魹ｽ魹ｽ魹ｽ魹ｽﾄ｣魹ｽ魹ｽ魹ｽﾑｱ魹ｽ魹ｽ魹ｽ: results/fingerprint_model.pkl
魹ｽ魹ｽ魹ｽ魹ｽﾕｪﾒｪ魹ｽﾑｱ魹ｽ魹ｽ魹ｽ: results/sklearn_tuning_summary.csv

魹ｽ魹ｽ魹ｽ魹ｽ魹ｽ魹ｽ魹ｽﾄｿﾂｼ: final_results¥sklearn
魹ｽ魹ｽ魹ｽﾕｱ魹ｽ魹ｽ魹ｽ: final_results¥sklearn¥sklearn_final_report.txt
