======================================================================
ïżœĆŽïżœïżœă·šïżœïżœïżœïżœŃĄïżœïżœ (DEAP)
======================================================================

ïżœïżœïżœïżœïżœïżœïżœïżœ...
  ïżœïżœïżœïżœ: 1815 ïżœïżœïżœïżœ ïżœïżœ 325 ïżœïżœïżœïżœ
  ïżœïżœïżœïżœ: train=1452, test=363
  split ïżœïżœïżœïżœïżœŃ±ïżœïżœïżœ: results/train_test_split_indices.npz

======================================================================
Stage 1: Mutual Information ïżœïżœÉž
======================================================================
  MI ïżœïżœïżœïżœïżœŃ±ïżœïżœïżœ: results/mi_ranking.csv
  ïżœïżœŃĄïżœïżœïżœïżœ HB_Match ïżœïżœïżœïżœ MI top-100ïżœïżœïżœïżœÇżïżœÆŒïżœïżœïżœ
  ïżœïżœïżœïżœïżœïżœïżœïżœ: 325 -> 101 (MI top-100 + ïżœïżœŃĄ)
  MI top-5: ['Delta_MaxAbsCharge', 'VSA_EState8_2', 'SPS_1', 'MolMR_1', 'Kappa2_1']
  Inv_T MI ïżœïżœïżœïżœ: #78 (MI=0.1780)

======================================================================
Stage 2: GA ïżœïżœïżœïżœïżœïżœïżœ
======================================================================

GA ïżœïżœïżœïżœŃĄïżœïżœïżœïżœïżœïżœ (ïżœïżœïżœÜ°ïżœ):
  ïżœïżœïżœïżœÎŹïżœïżœ: 101
  ïżœïżœÈș: 100, ïżœïżœïżœïżœïżœïżœ: 60
  ïżœïżœïżœïżœïżœïżœÔŒïżœïżœ: [5, 40]
  ïżœïżœïżœïżœïżœïżœ: RF, CV=3
  ïżœïżœÍŁ: ïżœïżœïżœïżœ 12 ïżœïżœïżœȚžïżœïżœïżœ
  ïżœïżœŃĄïżœïżœïżœïżœ: ['Delta_MaxAbsCharge', 'InvT_x_DTPSA', 'Delta_TPSA', 'InvT_x_DMaxCharge', 'Inv_T', 'Delta_LogP', 'HB_Match']

======================================================================
   ïżœïżœ |     ïżœïżœïżœïżœR2 |     ÆœïżœïżœR2 |      ïżœïżœŚŒïżœïżœ |   ïżœïżœïżœïżœïżœïżœ |       ïżœïżœÊ± | ŚŽÌŹ
======================================================================
init |   0.0091 |  -0.3589 |   0.2717 |    17 |      40s | ïżœïżœÊŒïżœïżœ
   1 |  -0.0010 |  -0.1917 |   0.1366 |    17 |      19s |   ÍŁïżœïżœ 1/12
   2 |   0.0285 |  -0.1317 |   0.1175 |    20 |      23s | * ïżœïżœïżœïżœ
   3 |   0.0285 |  -0.0813 |   0.0915 |    20 |      21s |   ÍŁïżœïżœ 1/12
   4 |   0.0401 |  -0.0583 |   0.1250 |    21 |      22s | * ïżœïżœïżœïżœ
   5 |   0.0481 |  -0.0249 |   0.0762 |    17 |      24s | * ïżœïżœïżœïżœ
   6 |   0.0601 |  -0.0096 |   0.0464 |    21 |      23s | * ïżœïżœïżœïżœ
   7 |   0.0563 |   0.0077 |   0.0373 |    21 |      26s |   ÍŁïżœïżœ 1/12
   8 |   0.0653 |   0.0156 |   0.0315 |    29 |      26s | * ïżœïżœïżœïżœ
   9 |   0.0744 |   0.0253 |   0.0328 |    26 |      25s | * ïżœïżœïżœïżœ
  10 |   0.0779 |   0.0431 |   0.0253 |    26 |      27s | * ïżœïżœïżœïżœ
  11 |   0.0867 |   0.0545 |   0.0153 |    20 |      29s | * ïżœïżœïżœïżœ
  12 |   0.1041 |   0.0568 |   0.0194 |    22 |      28s | * ïżœïżœïżœïżœ
  13 |   0.1041 |   0.0593 |   0.0189 |    22 |      27s |   ÍŁïżœïżœ 1/12
  14 |   0.0958 |   0.0643 |   0.0175 |    22 |      26s |   ÍŁïżœïżœ 2/12
  15 |   0.0946 |   0.0641 |   0.0194 |    22 |      28s |   ÍŁïżœïżœ 3/12
  16 |   0.1002 |   0.0678 |   0.0201 |    22 |      26s |   ÍŁïżœïżœ 4/12
  17 |   0.1055 |   0.0767 |   0.0159 |    25 |      28s | * ïżœïżœïżœïżœ
  18 |   0.1185 |   0.0785 |   0.0178 |    22 |      31s | * ïżœïżœïżœïżœ
  19 |   0.1185 |   0.0813 |   0.0211 |    22 |      31s |   ÍŁïżœïżœ 1/12
  20 |   0.1185 |   0.0891 |   0.0168 |    22 |      29s |   ÍŁïżœïżœ 2/12
  21 |   0.1185 |   0.0928 |   0.0151 |    22 |      29s |   ÍŁïżœïżœ 3/12
  22 |   0.1170 |   0.0950 |   0.0130 |    22 |      28s |   ÍŁïżœïżœ 4/12
  23 |   0.1222 |   0.0976 |   0.0189 |    26 |      29s | * ïżœïżœïżœïżœ
  24 |   0.1222 |   0.0992 |   0.0195 |    26 |      30s |   ÍŁïżœïżœ 1/12
  25 |   0.1240 |   0.1013 |   0.0164 |    27 |      32s | * ïżœïżœïżœïżœ
  26 |   0.1198 |   0.0999 |   0.0258 |    27 |      30s |   ÍŁïżœïżœ 1/12
  27 |   0.1198 |   0.1038 |   0.0201 |    27 |      31s |   ÍŁïżœïżœ 2/12
  28 |   0.1264 |   0.1082 |   0.0135 |    26 |      28s | * ïżœïżœïżœïżœ
  29 |   0.1264 |   0.1073 |   0.0163 |    26 |      29s |   ÍŁïżœïżœ 1/12
  30 |   0.1264 |   0.1090 |   0.0220 |    26 |      29s |   ÍŁïżœïżœ 2/12
  31 |   0.1264 |   0.1068 |   0.0215 |    26 |      35s |   ÍŁïżœïżœ 3/12
  32 |   0.1274 |   0.1112 |   0.0165 |    26 |      30s | * ïżœïżœïżœïżœ
  33 |   0.1274 |   0.1108 |   0.0146 |    26 |      27s |   ÍŁïżœïżœ 1/12
  34 |   0.1274 |   0.1119 |   0.0175 |    26 |      30s |   ÍŁïżœïżœ 2/12
  35 |   0.1274 |   0.1118 |   0.0214 |    26 |      29s |   ÍŁïżœïżœ 3/12
  36 |   0.1274 |   0.1155 |   0.0137 |    26 |      29s |   ÍŁïżœïżœ 4/12
  37 |   0.1274 |   0.1149 |   0.0187 |    26 |      29s |   ÍŁïżœïżœ 5/12
  38 |   0.1274 |   0.1144 |   0.0218 |    26 |      34s |   ÍŁïżœïżœ 6/12
  39 |   0.1274 |   0.1187 |   0.0177 |    26 |      28s |   ÍŁïżœïżœ 7/12
  40 |   0.1274 |   0.1169 |   0.0232 |    26 |      29s |   ÍŁïżœïżœ 8/12
  41 |   0.1274 |   0.1212 |   0.0129 |    26 |      32s |   ÍŁïżœïżœ 9/12
  42 |   0.1274 |   0.1211 |   0.0232 |    26 |      33s |   ÍŁïżœïżœ 10/12
  43 |   0.1274 |   0.1151 |   0.0329 |    26 |      32s |   ÍŁïżœïżœ 11/12
  44 |   0.1274 |   0.1226 |   0.0165 |    26 |      26s |   ÍŁïżœïżœ 12/12

>> ïżœïżœÍŁïżœïżœïżœïżœ: ïżœïżœïżœïżœ 12 ïżœïżœïżœȚžïżœïżœïżœ
======================================================================
ïżœïżœïżœïżœïżœïżœïżœ: 44 ïżœïżœ, ïżœÜșïżœÊ± 21.3min

======================================================================
ïżœïżœïżœïżœïżœïżœïżœïżœïżœÓŒïżœ (26 ïżœïżœ, CV R2=0.1274):
======================================================================
    1. Delta_MaxAbsCharge
    2. VSA_EState8_2
    3. MinPartialCharge_1
    4. MaxAbsPartialCharge_1
    5. HallKierAlpha_2
    6. MolLogP_2
    7. Morgan_Similarity
    8. MaxAbsEStateIndex_1
    9. MaxEStateIndex_1
   10. ExactMolWt_2
   11. InvT_x_DTPSA
   12. LabuteASA_2
   13. MaxAbsEStateIndex_2
   14. Delta_TPSA
   15. InvT_x_DMaxCharge
   16. Avalon_Similarity
   17. FpDensityMorgan1_2
   18. qed_2
   19. Inv_T
   20. Chi1v_1
   21. PEOE_VSA8_1
   22. Delta_LogP
   23. EState_VSA9_1
   24. PEOE_VSA6_1
   25. Kappa2_2
   26. HB_Match

ïżœïżœïżœÔŒïżœïżœïżœïżœïżœ...
  Test R2:   0.8100
  Test MAE:  0.1731
  Test RMSE: 0.2838

ïżœïżœïżœïżœïżœĐ±ïżœïżœŃ±ïżœïżœïżœ: results/ga_selected_features.txt
ïżœïżœïżœïżœÄŁïżœïżœïżœŃ±ïżœïżœïżœ: results/ga_best_model.pkl
feature_config.py ïżœïżœïżœÔ¶ïżœïżœïżœïżœïżœ (SELECTED=26)

Hall of Fame (Top 5):
  #1: 26 ïżœïżœïżœïżœ, CV R2=0.1274
  #2: 26 ïżœïżœïżœïżœ, CV R2=0.1274
  #3: 26 ïżœïżœïżœïżœ, CV R2=0.1264
  #4: 27 ïżœïżœïżœïżœ, CV R2=0.1254
  #5: 27 ïżœïżœïżœïżœ, CV R2=0.1240

ïżœïżœïżœ! ïżœïżœïżœïżœïżœïżœïżœïżœïżœïżœïżœïżœïżœïżœ:
  python ïżœïżœïżœïżœÉžŃĄ.py  # ïżœïżœÒ»ïżœïżœïżœïżœïżœïżœÉžŃĄ
