魹ｽ魹ｽ results/ga_selected_features.txt 魹ｽ魹ｽ魹ｽ魹ｽ GA ﾔ､ﾑ｡魹ｽ魹ｽ魹ｽ魹ｽ: 26 魹ｽ魹ｽ
魹ｽﾑｼ魹ｽ魹ｽ魹ｽ 魹ｽﾅｴ魹ｽ.py 魹ｽ魹ｽ魹ｽ魹ｽ魹ｽ split 魹ｽ魹ｽ魹ｽ魹ｽ魹ｽ魹ｽ魹ｽ魹ｽ魹ｽ魹ｽ魹ｽ魹ｽﾍｬ train/test 魹ｽ魹ｽ魹ｽﾖ｡魹ｽ
ﾔｭﾊｼ魹ｽ魹ｽ魹ｽ魹ｽ魹ｽ魹ｽ: 26
魹ｽ魹ｽ魹ｽ魹ｽ魹ｽ魹ｽ(ﾑｵ魹ｽ魹ｽ魹ｽ魹ｽ): 1452 | 魹ｽ魹ｽ魹ｽﾔｼ魹ｽ: 363

============================================================
Step 0: ﾄｿ魹ｽ魹ｽﾖｵ魹ｽﾖｲ魹ｽ魹ｽ魹ｽ魹ｽ
============================================================
count    1452.000000
mean        0.702703
std         0.658767
min        -0.550000
25%         0.320000
50%         0.485000
75%         0.880000
max         3.850000
Name: chi_result, dtype: float64

魹ｽﾘｼ魹ｽ魹ｽ魹ｽﾎｻ魹ｽ魹ｽ:
0.01   -0.096185
0.05    0.040000
0.50    0.485000
0.95    2.100000
0.99    3.317250
Name: chi_result, dtype: float64

============================================================
Step 1: 魹ｽ魹ｽ魹ｽﾉｭ魹ｽ魹ｽ魹ｽ魹ｽ魹ｽ魹ｽ魹ｽ魹ｽﾒｪ魹ｽ魹ｽ魹ｽ魹ｽ魹ｽ魹ｽ
============================================================

ﾈｫ魹ｽ魹ｽ魹ｽ魹ｽ魹ｽ魹ｽ魹ｽ魹ｽﾒｪ魹ｽ魹ｽ魹ｽ魹ｽ魹ｽ魹ｽ魹ｽ魹ｽ
   1. Delta_MaxAbsCharge              0.1132  魹ｽ魹ｽ魹ｽ魹ｽ魹ｽ魹ｽ魹ｽ魹ｽ魹ｽ魹ｽ魹ｽ魹ｽ魹ｽ魹ｽ魹ｽ魹ｽ魹ｽ魹ｽ魹ｽ魹ｽ魹ｽ魹ｽ
   2. MolLogP_2                       0.0932  魹ｽ魹ｽ魹ｽ魹ｽ魹ｽ魹ｽ魹ｽ魹ｽ魹ｽ魹ｽ魹ｽ魹ｽ魹ｽ魹ｽ魹ｽ魹ｽ魹ｽ魹ｽ
   3. InvT_x_DTPSA                    0.0661  魹ｽ魹ｽ魹ｽ魹ｽ魹ｽ魹ｽ魹ｽ魹ｽ魹ｽ魹ｽ魹ｽ魹ｽ
   4. ExactMolWt_2                    0.0658  魹ｽ魹ｽ魹ｽ魹ｽ魹ｽ魹ｽ魹ｽ魹ｽ魹ｽ魹ｽ魹ｽ魹ｽ
   5. FpDensityMorgan1_2              0.0599  魹ｽ魹ｽ魹ｽ魹ｽ魹ｽ魹ｽ魹ｽ魹ｽ魹ｽ魹ｽ
   6. InvT_x_DMaxCharge               0.0549  魹ｽ魹ｽ魹ｽ魹ｽ魹ｽ魹ｽ魹ｽ魹ｽ魹ｽ魹ｽ
   7. Inv_T                           0.0462  魹ｽ魹ｽ魹ｽ魹ｽ魹ｽ魹ｽ魹ｽ魹ｽ
   8. VSA_EState8_2                   0.0449  魹ｽ魹ｽ魹ｽ魹ｽ魹ｽ魹ｽ魹ｽ魹ｽ
   9. MinPartialCharge_1              0.0438  魹ｽ魹ｽ魹ｽ魹ｽ魹ｽ魹ｽ魹ｽ魹ｽ
  10. Delta_TPSA                      0.0421  魹ｽ魹ｽ魹ｽ魹ｽ魹ｽ魹ｽ魹ｽ魹ｽ
  11. MaxAbsPartialCharge_1           0.0385  魹ｽ魹ｽ魹ｽ魹ｽ魹ｽ魹ｽ
  12. Avalon_Similarity               0.0332  魹ｽ魹ｽ魹ｽ魹ｽ魹ｽ魹ｽ
  13. Kappa2_2                        0.0311  魹ｽ魹ｽ魹ｽ魹ｽ魹ｽ魹ｽ
  14. Delta_LogP                      0.0301  魹ｽ魹ｽ魹ｽ魹ｽ魹ｽ魹ｽ
  15. Chi1v_1                         0.0298  魹ｽ魹ｽ魹ｽ魹ｽ
  16. PEOE_VSA8_1                     0.0284  魹ｽ魹ｽ魹ｽ魹ｽ
  17. Morgan_Similarity               0.0275  魹ｽ魹ｽ魹ｽ魹ｽ
  18. PEOE_VSA6_1                     0.0240  魹ｽ魹ｽ魹ｽ魹ｽ
  19. HallKierAlpha_2                 0.0226  魹ｽ魹ｽ魹ｽ魹ｽ
  20. EState_VSA9_1                   0.0225  魹ｽ魹ｽ魹ｽ魹ｽ
  21. MaxAbsEStateIndex_2             0.0200  魹ｽ魹ｽ
  22. qed_2                           0.0179  魹ｽ魹ｽ
  23. MaxAbsEStateIndex_1             0.0156  魹ｽ魹ｽ
  24. MaxEStateIndex_1                0.0156  魹ｽ魹ｽ
  25. LabuteASA_2                     0.0123  魹ｽ魹ｽ
  26. HB_Match                        0.0007  

============================================================
Step 2: 魹ｽ魹ｽ魹ｽ魹ｽ魹ｽ魹ｽ魹ｽ魹ｽ魹ｽ魹ｽ魹ｽ魹ｽ魹ｽ魹ｽ (|r| > 0.9)
============================================================

魹ｽ魹ｽ魹ｽ魹ｽ 4 魹ｽﾔｸ魹ｽ魹ｽ魹ｽ魹ｽ魹ｽ魹ｽ魹ｽ魹ｽ魹ｽ魹ｽ魹ｽ魹ｽ
  MaxAbsEStateIndex_1 <-> MaxEStateIndex_1: r=1.000
  MinPartialCharge_1 <-> MaxAbsPartialCharge_1: r=0.999
  InvT_x_DTPSA <-> Delta_TPSA: r=0.974
  Delta_MaxAbsCharge <-> InvT_x_DMaxCharge: r=0.961

============================================================
Step 3: RFECV 魹ｽﾝｹ魹ｽ魹ｽ魹ｽ魹ｽ魹ｽ魹ｽ魹ｽ魹ｽ魹ｽ魹ｽ魹ｽ魹ｽﾔｶ魹ｽﾈｷ魹ｽ魹ｽ魹ｽ魹ｽ魹ｽ魹ｽ魹ｽ魹ｽ魹ｽ魹ｽ魹ｽ魹ｽ魹ｽ魹ｽ
============================================================
  魹ｽ魹ｽ魹ｽ魹ｽﾑｵ魹ｽ魹ｽ魹ｽ魹ｽ魹ｽ魹ｽ魹ｽ魹ｽ魹ｽ魹ｽ 5 魹ｽﾛｽ魹ｽ魹ｽ魹ｽ魹ｽ魹ｽﾖ､...

  魹ｽ魹ｽ魹ｽ魹ｽ魹ｽ魹ｽ魹ｽ魹ｽ魹ｽ魹ｽ魹ｽ魹ｽ: 22
  魹ｽ魹ｽ魹ｽ魹ｽ CV R2: 0.6991

  [OK] 魹ｽ魹ｽ魹ｽ魹ｽ魹ｽ魹ｽ魹ｽ魹ｽ魹ｽ魹ｽ (22):
     Delta_MaxAbsCharge (RF魹ｽ魹ｽﾒｪ魹ｽ魹ｽ魹ｽ魹ｽ魹ｽ魹ｽ: #1)
     VSA_EState8_2 (RF魹ｽ魹ｽﾒｪ魹ｽ魹ｽ魹ｽ魹ｽ魹ｽ魹ｽ: #8)
     MinPartialCharge_1 (RF魹ｽ魹ｽﾒｪ魹ｽ魹ｽ魹ｽ魹ｽ魹ｽ魹ｽ: #9)
     MaxAbsPartialCharge_1 (RF魹ｽ魹ｽﾒｪ魹ｽ魹ｽ魹ｽ魹ｽ魹ｽ魹ｽ: #11)
     HallKierAlpha_2 (RF魹ｽ魹ｽﾒｪ魹ｽ魹ｽ魹ｽ魹ｽ魹ｽ魹ｽ: #19)
     MolLogP_2 (RF魹ｽ魹ｽﾒｪ魹ｽ魹ｽ魹ｽ魹ｽ魹ｽ魹ｽ: #2)
     Morgan_Similarity (RF魹ｽ魹ｽﾒｪ魹ｽ魹ｽ魹ｽ魹ｽ魹ｽ魹ｽ: #17)
     MaxAbsEStateIndex_1 (RF魹ｽ魹ｽﾒｪ魹ｽ魹ｽ魹ｽ魹ｽ魹ｽ魹ｽ: #23)
     ExactMolWt_2 (RF魹ｽ魹ｽﾒｪ魹ｽ魹ｽ魹ｽ魹ｽ魹ｽ魹ｽ: #4)
     InvT_x_DTPSA (RF魹ｽ魹ｽﾒｪ魹ｽ魹ｽ魹ｽ魹ｽ魹ｽ魹ｽ: #3)
     MaxAbsEStateIndex_2 (RF魹ｽ魹ｽﾒｪ魹ｽ魹ｽ魹ｽ魹ｽ魹ｽ魹ｽ: #21)
     Delta_TPSA (RF魹ｽ魹ｽﾒｪ魹ｽ魹ｽ魹ｽ魹ｽ魹ｽ魹ｽ: #10)
     InvT_x_DMaxCharge (RF魹ｽ魹ｽﾒｪ魹ｽ魹ｽ魹ｽ魹ｽ魹ｽ魹ｽ: #6)
     Avalon_Similarity (RF魹ｽ魹ｽﾒｪ魹ｽ魹ｽ魹ｽ魹ｽ魹ｽ魹ｽ: #12)
     FpDensityMorgan1_2 (RF魹ｽ魹ｽﾒｪ魹ｽ魹ｽ魹ｽ魹ｽ魹ｽ魹ｽ: #5)
     Inv_T (RF魹ｽ魹ｽﾒｪ魹ｽ魹ｽ魹ｽ魹ｽ魹ｽ魹ｽ: #7)
     Chi1v_1 (RF魹ｽ魹ｽﾒｪ魹ｽ魹ｽ魹ｽ魹ｽ魹ｽ魹ｽ: #15)
     PEOE_VSA8_1 (RF魹ｽ魹ｽﾒｪ魹ｽ魹ｽ魹ｽ魹ｽ魹ｽ魹ｽ: #16)
     Delta_LogP (RF魹ｽ魹ｽﾒｪ魹ｽ魹ｽ魹ｽ魹ｽ魹ｽ魹ｽ: #14)
     EState_VSA9_1 (RF魹ｽ魹ｽﾒｪ魹ｽ魹ｽ魹ｽ魹ｽ魹ｽ魹ｽ: #20)
     PEOE_VSA6_1 (RF魹ｽ魹ｽﾒｪ魹ｽ魹ｽ魹ｽ魹ｽ魹ｽ魹ｽ: #18)
     Kappa2_2 (RF魹ｽ魹ｽﾒｪ魹ｽ魹ｽ魹ｽ魹ｽ魹ｽ魹ｽ: #13)

  [DROP] 魹ｽ魹ｽﾌｭ魹ｽ魹ｽ魹ｽ魹ｽ魹ｽ魹ｽ (4):
     MaxEStateIndex_1 (RF魹ｽ魹ｽﾒｪ魹ｽ魹ｽ魹ｽ魹ｽ魹ｽ魹ｽ: #24)
     LabuteASA_2 (RF魹ｽ魹ｽﾒｪ魹ｽ魹ｽ魹ｽ魹ｽ魹ｽ魹ｽ: #25)
     qed_2 (RF魹ｽ魹ｽﾒｪ魹ｽ魹ｽ魹ｽ魹ｽ魹ｽ魹ｽ: #22)
     HB_Match (RF魹ｽ魹ｽﾒｪ魹ｽ魹ｽ魹ｽ魹ｽ魹ｽ魹ｽ: #26)

============================================================
Step 4: 魹ｽ魹ｽ魹ｽ魹ｽ魹ｽ魹ｽﾖ､魹ｽﾔｱ魹ｽ
============================================================

  ﾈｫ魹ｽ魹ｽ 26 魹ｽ魹ｽ魹ｽ魹ｽ 魹ｽ魹ｽ CV R2: 0.6951 魹ｽ魹ｽ 0.0448
  ﾉｸﾑ｡ 22 魹ｽ魹ｽ魹ｽ魹ｽ 魹ｽ魹ｽ CV R2: 0.6977 魹ｽ魹ｽ 0.0449

============================================================
Step 4.1: 魹ｽ魹ｽ魹ｽ魹ｽ魹ｽ魹ｽﾖ､魹ｽ魹ｽ魹ｽ (ﾃｿ魹ｽ魹ｽ R2 + 魹ｽ魹ｽ魹ｽ魹ｽ)
============================================================
  Fold 1: Full=0.6988, Selected=0.7064, Dummy=-0.0000
  Fold 2: Full=0.6731, Selected=0.6768, Dummy=-0.0019
  Fold 3: Full=0.6764, Selected=0.6858, Dummy=-0.0286
  Fold 4: Full=0.6852, Selected=0.6842, Dummy=-0.0039
  Fold 5: Full=0.7422, Selected=0.7449, Dummy=-0.0026

  ﾃｿ魹ｽ魹ｽ R2 ﾍｳ魹ｽ魹ｽ:
  Full     mean=0.6951, std=0.0252
  Selected mean=0.6996, std=0.0247
  Dummy    mean=-0.0074, std=0.0107

  [OK] ﾉｸﾑ｡魹ｽ魹ｽ魹ｽ魹ｽ魹ｽ魹ｽ >= ﾈｫ魹ｽ魹ｽ魹ｽ魹ｽ魹ｽ魹ｽ魹ｽﾆｼ魹ｽﾊｹ魹ｽ魹ｽ 22 魹ｽ魹ｽ魹ｽ魹ｽ魹ｽ魹ｽ

魹ｽ魹ｽ魹ｽﾓｻ魹ｽ魹ｽﾑｱ魹ｽ魹ｽ魹ｽ魹ｽ魹ｽ results/feature_selection.png
ﾉｸﾑ｡魹ｽ魹ｽ魹ｽ魹ｽ魹ｽ魹ｽ魹ｽﾑｱ魹ｽ魹ｽ魹ｽ魹ｽ魹ｽ data/features_optimized.xlsx (22 魹ｽ魹ｽ魹ｽ魹ｽ + ﾄｿ魹ｽ魹ｽﾖｵ)
ﾍｳﾒｻ魹ｽ魹ｽ魹ｽ魹ｽ魹ｽ魹ｽ魹ｽ魹ｽ魹ｽ魹ｽ魹ｽﾔｶ魹ｽ魹ｽ魹ｽ魹ｽ魹ｽ: feature_config.py
魹ｽ魹ｽ魹ｽ魹ｽ魹ｽ魹ｽ魹ｽ魹ｽ魹ｽﾑｱ魹ｽ魹ｽ魹ｽ魹ｽ魹ｽ results/feature_ranking.txt

魹ｽ魹ｽ魹ｽ魹ｽ魹ｽﾆｼ魹ｽ魹ｽ魹ｽ魹ｽ魹ｽ魹ｽﾐｱ魹ｽ (魹ｽ魹ｽﾖｱ魹ｽﾓｸ魹ｽ魹ｽﾆｵ魹ｽﾄ｣魹ｽﾍｴ魹ｽ魹ｽ魹ｽ魹ｽ魹ｽ):
feature_cols = ['Delta_MaxAbsCharge', 'VSA_EState8_2', 'MinPartialCharge_1', 'MaxAbsPartialCharge_1', 'HallKierAlpha_2', 'MolLogP_2', 'Morgan_Similarity', 'MaxAbsEStateIndex_1', 'ExactMolWt_2', 'InvT_x_DTPSA', 'MaxAbsEStateIndex_2', 'Delta_TPSA', 'InvT_x_DMaxCharge', 'Avalon_Similarity', 'FpDensityMorgan1_2', 'Inv_T', 'Chi1v_1', 'PEOE_VSA8_1', 'Delta_LogP', 'EState_VSA9_1', 'PEOE_VSA6_1', 'Kappa2_2']
