魹ｽ魹ｽ魹ｽﾚｼ魹ｽ魹ｽ魹ｽ魹ｽ魹ｽ魹ｽ魹ｽ...
魹ｽ魹ｽ箏ｽ魹ｽ魹ｽ魹ｽ魹ｽﾉｸﾑ｡魹ｽﾗｶ魹ｽ魹ｽﾐｷ魹ｽ魹ｽ魹ｽ魹ｽ魹ｽ魹ｽ魹ｽ魹ｽﾑｸ魹ｽ魹ｽ魹ｽ魹ｽ魹ｽﾍｬ train/test 魹ｽ魹ｽ魹ｽﾖ｡魹ｽ
魹ｽ魹ｽ魹ｽ魹ｽ魹ｽ魹ｽ: 22
魹ｽ魹ｽ魹ｽ魹ｽﾗｼ魹ｽ魹ｽ魹ｽ魹ｽﾉ｣魹ｽﾑｵ魹ｽ魹ｽ魹ｽ魹ｽ 1452 魹ｽ魹ｽ魹ｽ魹ｽ魹ｽ魹ｽ魹ｽ魹ｽ魹ｽﾔｼ魹ｽ 363 魹ｽ魹ｽ魹ｽ魹ｽ

魹ｽ魹ｽﾊｼ魹ｽﾔｶ魹ｽﾑｰ魹ｽ魹ｽ (ﾃｿ魹ｽ魹ｽﾄ｣魹ｽ魹ｽ 50 魹ｽ魹ｽ魹ｽ魹ｽ魹ｽ, 5 魹ｽﾛｽ魹ｽ魹ｽ魹ｽ魹ｽ魹ｽﾖ､)...

魹ｽ魹ｽ魹ｽﾚｵ魹ｽ魹ｽ魹ｽ: MLPRegressor ...
Fitting 5 folds for each of 50 candidates, totalling 250 fits
  魹ｽ魹ｽ魹ｽﾅｲ魹ｽ魹ｽ魹ｽ: {'model__solver': 'adam', 'model__learning_rate_init': 0.001, 'model__hidden_layer_sizes': (256, 128, 64), 'model__batch_size': 32, 'model__alpha': 1e-05, 'model__activation': 'relu'}
  CV ﾑｵ魹ｽ魹ｽ R2: 0.9147, CV 魹ｽ魹ｽﾖ､ R2: 0.6613
  魹ｽ魹ｽ魹ｽﾔｼ魹ｽ R2: 0.7969, MAE: 0.1745, RMSE: 0.2934

魹ｽ魹ｽ魹ｽﾚｵ魹ｽ魹ｽ魹ｽ: XGBRegressor ...
Fitting 5 folds for each of 50 candidates, totalling 250 fits
  魹ｽ魹ｽ魹ｽﾅｲ魹ｽ魹ｽ魹ｽ: {'model__subsample': 1.0, 'model__reg_lambda': 0.1, 'model__reg_alpha': 0.1, 'model__n_estimators': 800, 'model__min_child_weight': 1, 'model__max_depth': 7, 'model__learning_rate': 0.1, 'model__gamma': 0, 'model__colsample_bytree': 0.5}
  CV ﾑｵ魹ｽ魹ｽ R2: 0.9989, CV 魹ｽ魹ｽﾖ､ R2: 0.7379
  魹ｽ魹ｽ魹ｽﾔｼ魹ｽ R2: 0.8448, MAE: 0.1526, RMSE: 0.2565

魹ｽ魹ｽ魹ｽﾚｵ魹ｽ魹ｽ魹ｽ: RandomForestRegressor ...
Fitting 5 folds for each of 50 candidates, totalling 250 fits
  魹ｽ魹ｽ魹ｽﾅｲ魹ｽ魹ｽ魹ｽ: {'model__n_estimators': 800, 'model__min_samples_split': 2, 'model__min_samples_leaf': 1, 'model__max_features': 'log2', 'model__max_depth': 30}
  CV ﾑｵ魹ｽ魹ｽ R2: 0.9593, CV 魹ｽ魹ｽﾖ､ R2: 0.7085
  魹ｽ魹ｽ魹ｽﾔｼ魹ｽ R2: 0.8165, MAE: 0.1713, RMSE: 0.2788

魹ｽ魹ｽ魹ｽﾚｵ魹ｽ魹ｽ魹ｽ: GradientBoosting ...
Fitting 5 folds for each of 50 candidates, totalling 250 fits
  魹ｽ魹ｽ魹ｽﾅｲ魹ｽ魹ｽ魹ｽ: {'model__subsample': 0.7, 'model__n_estimators': 800, 'model__min_samples_split': 2, 'model__min_samples_leaf': 2, 'model__max_features': None, 'model__max_depth': 8, 'model__loss': 'huber', 'model__learning_rate': 0.1}
  CV ﾑｵ魹ｽ魹ｽ R2: 0.9957, CV 魹ｽ魹ｽﾖ､ R2: 0.7414
  魹ｽ魹ｽ魹ｽﾔｼ魹ｽ R2: 0.8308, MAE: 0.1520, RMSE: 0.2678

============================================================
魹ｽ魹ｽ魹ｽ魹ｽﾄ｣魹ｽﾍｵ魹ｽ魹ｽﾅｽ魹ｽ魹ｽ魹ｽ魹ｽ魹ｽ魹ｽ
============================================================
                Model                                                                                                                                                                                                                                   Best Params  CV Train R2  CV Val R2  Test R2  Test MAE  Test RMSE
     GradientBoosting                   {'model__subsample': 0.7, 'model__n_estimators': 800, 'model__min_samples_split': 2, 'model__min_samples_leaf': 2, 'model__max_features': None, 'model__max_depth': 8, 'model__loss': 'huber', 'model__learning_rate': 0.1}     0.995730   0.741359 0.830790  0.151970   0.267791
         XGBRegressor {'model__subsample': 1.0, 'model__reg_lambda': 0.1, 'model__reg_alpha': 0.1, 'model__n_estimators': 800, 'model__min_child_weight': 1, 'model__max_depth': 7, 'model__learning_rate': 0.1, 'model__gamma': 0, 'model__colsample_bytree': 0.5}     0.998907   0.737921 0.844774  0.152617   0.256487
RandomForestRegressor                                                                                              {'model__n_estimators': 800, 'model__min_samples_split': 2, 'model__min_samples_leaf': 1, 'model__max_features': 'log2', 'model__max_depth': 30}     0.959350   0.708466 0.816539  0.171292   0.278840
         MLPRegressor                                                       {'model__solver': 'adam', 'model__learning_rate_init': 0.001, 'model__hidden_layer_sizes': (256, 128, 64), 'model__batch_size': 32, 'model__alpha': 1e-05, 'model__activation': 'relu'}     0.914666   0.661271 0.796875  0.174486   0.293404
魹ｽ魹ｽ魹ｽﾓｻ魹ｽﾍｼ魹ｽ魹ｽ魹ｽﾑｱ魹ｽ魹ｽ魹ｽ: final_results¥sklearn¥sklearn_validation_plots.png

魹ｽ魹ｽ魹ｽﾄ｣魹ｽ魹ｽ (魹ｽ魹ｽ CV R2 ﾑ｡魹ｽ魹ｽ): GradientBoosting
魹ｽ魹ｽ魹ｽ CV R2: 0.7414
ﾍｳﾒｻﾄ｣魹ｽﾍｰ魹ｽ魹ｽﾑｱ魹ｽ魹ｽ魹ｽ: results/sklearn_model_bundle.pkl
魹ｽ魹ｽ魹ｽ魹ｽﾄ｣魹ｽ魹ｽ魹ｽﾑｱ魹ｽ魹ｽ魹ｽ: results/fingerprint_model.pkl
魹ｽ魹ｽ魹ｽ魹ｽﾕｪﾒｪ魹ｽﾑｱ魹ｽ魹ｽ魹ｽ: results/sklearn_tuning_summary.csv

魹ｽ魹ｽ魹ｽ魹ｽ魹ｽ魹ｽ魹ｽﾄｿﾂｼ: final_results¥sklearn
魹ｽ魹ｽ魹ｽﾕｱ魹ｽ魹ｽ魹ｽ: final_results¥sklearn¥sklearn_final_report.txt
