======================================================================
魹ｽﾅｴ魹ｽ魹ｽ羚ｨ魹ｽ魹ｽ魹ｽ魹ｽﾑ｡魹ｽ魹ｽ 魹ｽ魹ｽ 魹ｽ魹ｽ魹ｽ魹ｽ魹ｽ魹ｽ魹ｽﾍｰ魹ｽ (ElasticNet)
======================================================================

魹ｽ魹ｽ魹ｽ魹ｽ魹ｽ魹ｽ魹ｽ魹ｽ...
  魹ｽ魹ｽ魹ｽ魹ｽ: 1815 魹ｽ魹ｽ魹ｽ魹ｽ x 325 魹ｽ魹ｽ魹ｽ魹ｽ
  魹ｽﾑｸ魹ｽ魹ｽ魹ｽ split 魹ｽ魹ｽ魹ｽ魹ｽ: results/train_test_split_indices.npz
  魹ｽ魹ｽ魹ｽ魹ｽ: train=1452, test=363

GA-ElasticNet 魹ｽ魹ｽ魹ｽ魹ｽﾑ｡魹ｽ魹ｽ魹ｽ魹ｽ魹ｽ魹ｽ:
  魹ｽ魹ｽ魹ｽ魹ｽﾎｬ魹ｽ魹ｽ: 325
  魹ｽ魹ｽﾈｺ: 100, 魹ｽ魹ｽ魹ｽ魹ｽ魹ｽ魹ｽ: 60
  魹ｽ魹ｽ魹ｽ魹ｽ魹ｽ魹ｽﾔｼ魹ｽ魹ｽ: [5, 30]
  魹ｽ魹ｽ魹ｽ魹ｽ魹ｽ魹ｽ: ElasticNet(alpha=0.1, l1=0.5), CV=3
  魹ｽ魹ｽﾍ｣: 魹ｽ魹ｽ魹ｽ魹ｽ 12 魹ｽ魹ｽ魹ｽﾞｸ魹ｽ魹ｽ魹ｽ
  魹ｽ魹ｽﾑ｡魹ｽ魹ｽ魹ｽ魹ｽ: ['Inv_T']

======================================================================
   魹ｽ魹ｽ |     魹ｽ魹ｽ魹ｽ魹ｽR2 |     ﾆｽ魹ｽ魹ｽR2 |      魹ｽ魹ｽﾗｼ魹ｽ魹ｽ |   魹ｽ魹ｽ魹ｽ魹ｽ魹ｽ魹ｽ |       魹ｽ魹ｽﾊｱ | ﾗｴﾌｬ
======================================================================
init |   0.0864 | -467645.9117 | 4653012.7296 |    22 |      14s | 魹ｽ魹ｽﾊｼ魹ｽ魹ｽ
   1 |   0.0940 | -565622.5588 | 5627870.3396 |    30 |       1s | * 魹ｽ魹ｽ魹ｽ魹ｽ
   2 |   0.0977 |  -0.1387 |   0.3798 |    24 |       1s | * 魹ｽ魹ｽ魹ｽ魹ｽ
   3 |   0.1021 | -1038.5804 | 10332.7315 |    23 |       1s | * 魹ｽ魹ｽ魹ｽ魹ｽ
   4 |   0.1487 | -83372.2871 | 723752.7612 |    21 |       1s | * 魹ｽ魹ｽ魹ｽ魹ｽ
   5 |   0.1529 |  -0.0775 |   0.3888 |    26 |       1s | * 魹ｽ魹ｽ魹ｽ魹ｽ
   6 |   0.1555 |  -0.0731 |   0.4057 |    27 |       1s | * 魹ｽ魹ｽ魹ｽ魹ｽ
   7 |   0.1646 |  -0.1650 |   0.4828 |    29 |       1s | * 魹ｽ魹ｽ魹ｽ魹ｽ
   8 |   0.1738 |  -0.0663 |   0.4232 |    30 |       1s | * 魹ｽ魹ｽ魹ｽ魹ｽ
   9 |   0.1847 |   0.0237 |   0.3419 |    19 |       1s | * 魹ｽ魹ｽ魹ｽ魹ｽ
  10 |   0.1866 |   0.0375 |   0.3462 |    23 |       1s | * 魹ｽ魹ｽ魹ｽ魹ｽ
  11 |   0.1933 | -11258.8732 | 112023.7461 |    23 |       1s | * 魹ｽ魹ｽ魹ｽ魹ｽ
  12 |   0.1933 |  -0.0436 |   0.4484 |    23 |       1s |   ﾍ｣魹ｽ魹ｽ 1/12
  13 |   0.1933 |  -0.0262 |   0.4409 |    23 |       1s |   ﾍ｣魹ｽ魹ｽ 2/12
  14 |   0.1942 |   0.0521 |   0.3700 |    24 |       1s | * 魹ｽ魹ｽ魹ｽ魹ｽ
  15 |   0.1960 |   0.0336 |   0.3996 |    25 |       1s | * 魹ｽ魹ｽ魹ｽ魹ｽ
  16 |   0.1989 |   0.1423 |   0.2332 |    23 |       1s | * 魹ｽ魹ｽ魹ｽ魹ｽ
  17 |   0.1989 | -7772.4301 | 77334.9505 |    23 |       1s |   ﾍ｣魹ｽ魹ｽ 1/12
  18 |   0.2014 |   0.1106 |   0.3047 |    30 |       1s | * 魹ｽ魹ｽ魹ｽ魹ｽ
  19 |   0.2023 |   0.0988 |   0.3245 |    28 |       1s | * 魹ｽ魹ｽ魹ｽ魹ｽ
  20 |   0.2024 |   0.1012 |   0.3248 |    24 |       1s | * 魹ｽ魹ｽ魹ｽ魹ｽ
  21 |   0.2031 |   0.0188 |   0.4280 |    27 |       1s | * 魹ｽ魹ｽ魹ｽ魹ｽ
  22 |   0.2034 |   0.0787 |   0.3596 |    24 |       1s | * 魹ｽ魹ｽ魹ｽ魹ｽ
  23 |   0.2032 |   0.1635 |   0.2046 |    24 |       1s |   ﾍ｣魹ｽ魹ｽ 1/12
  24 |   0.2032 |   0.0781 |   0.3597 |    24 |       1s |   ﾍ｣魹ｽ魹ｽ 2/12
  25 |   0.2042 |   0.1163 |   0.3063 |    25 |       1s | * 魹ｽ魹ｽ魹ｽ魹ｽ
  26 |   0.2045 |   0.0814 |   0.3605 |    27 |       1s | * 魹ｽ魹ｽ魹ｽ魹ｽ
  27 |   0.2104 |   0.0699 |   0.3762 |    28 |       1s | * 魹ｽ魹ｽ魹ｽ魹ｽ
  28 |   0.2053 |   0.0947 |   0.3443 |    28 |       1s |   ﾍ｣魹ｽ魹ｽ 1/12
  29 |   0.2053 |   0.0957 |   0.3446 |    28 |       1s |   ﾍ｣魹ｽ魹ｽ 2/12
  30 |   0.2053 |   0.0723 |   0.3770 |    28 |       1s |   ﾍ｣魹ｽ魹ｽ 3/12
  31 |   0.2053 |   0.0722 |   0.3769 |    28 |       1s |   ﾍ｣魹ｽ魹ｽ 4/12
  32 |   0.2053 |   0.0832 |   0.3612 |    28 |       1s |   ﾍ｣魹ｽ魹ｽ 5/12
  33 |   0.2053 |   0.1080 |   0.3268 |    28 |       1s |   ﾍ｣魹ｽ魹ｽ 6/12
  34 |   0.2053 |   0.0723 |   0.3770 |    28 |       1s |   ﾍ｣魹ｽ魹ｽ 7/12
  35 |   0.2053 |   0.0725 |   0.3771 |    28 |       1s |   ﾍ｣魹ｽ魹ｽ 8/12
  36 |   0.2054 |   0.0237 |   0.4301 |    28 |       1s |   ﾍ｣魹ｽ魹ｽ 9/12
  37 |   0.2097 |   0.0595 |   0.3913 |    28 |       1s |   ﾍ｣魹ｽ魹ｽ 10/12
  38 |   0.2054 |   0.0356 |   0.4179 |    28 |       1s |   ﾍ｣魹ｽ魹ｽ 11/12
  39 |   0.2054 | -5453.4570 | 54261.9157 |    28 |       1s |   ﾍ｣魹ｽ魹ｽ 12/12

>> 魹ｽ魹ｽﾍ｣魹ｽ魹ｽ魹ｽ魹ｽ: 魹ｽ魹ｽ魹ｽ魹ｽ 12 魹ｽ魹ｽ魹ｽﾞｸ魹ｽ魹ｽ魹ｽ
======================================================================
魹ｽ魹ｽ魹ｽ魹ｽ魹ｽ魹ｽ魹ｽ: 39 魹ｽ魹ｽ, 魹ｽﾜｺ魹ｽﾊｱ 53s

======================================================================
魹ｽ魹ｽ魹ｽ魹ｽ魹ｽ魹ｽ魹ｽ魹ｽ魹ｽﾓｼ魹ｽ (28 魹ｽ魹ｽ, CV R2=0.2104):
======================================================================
    1. MaxPartialCharge_1
    2. Kappa3_1
    3. PEOE_VSA8_1
    4. SMR_VSA10_1
    5. SlogP_VSA7_1
    6. EState_VSA4_1
    7. VSA_EState10_1
    8. NumAliphaticCarbocycles_1
    9. NumAliphaticHeterocycles_1
   10. NumSaturatedCarbocycles_1
   11. fr_para_hydroxylation_1
   12. MaxAbsEStateIndex_2
   13. MinAbsEStateIndex_2
   14. PEOE_VSA7_2
   15. PEOE_VSA8_2
   16. SMR_VSA10_2
   17. SMR_VSA2_2
   18. SlogP_VSA1_2
   19. SlogP_VSA6_2
   20. VSA_EState3_2
   21. VSA_EState5_2
   22. fr_NH2_2
   23. fr_ether_2
   24. fr_phenol_noOrthoHbond_2
   25. fr_pyridine_2
   26. fr_quatN_2
   27. Delta_MaxAbsCharge
   28. Inv_T

魹ｽ魹ｽ魹ｽﾔｼ魹ｽ魹ｽ魹ｽ魹ｽ魹ｽ (ElasticNet)...
  Test R2:   0.2701
  Test MAE:  0.3827
  Test RMSE: 0.5562

======================================================================
ElasticNet ﾏｵ魹ｽ魹ｽ (魹ｽ魹ｽ魹ｽ魹ｽ魹ｽ魹ｽ魹ｽ魹ｽ魹ｽ魹ｽ魹ｽ魹ｽ魹ｽ魹ｽ):
======================================================================
  Intercept = 0.7027
  + 0.1159  SMR_VSA2_2
  + 0.1159  Delta_MaxAbsCharge
  + 0.0683  fr_NH2_2
  + 0.0513  MinAbsEStateIndex_2
  + 0.0500  VSA_EState3_2
  + 0.0386  PEOE_VSA8_2
  - 0.0377  SMR_VSA10_2
  - 0.0354  SlogP_VSA6_2
  - 0.0321  fr_ether_2
  + 0.0186  EState_VSA4_1
  - 0.0172  Inv_T
  + 0.0123  VSA_EState5_2
  - 0.0118  PEOE_VSA7_2
  - 0.0092  SlogP_VSA7_1
  - 0.0000  MaxAbsEStateIndex_2
  - 0.0000  PEOE_VSA8_1
  - 0.0000  fr_quatN_2
  - 0.0000  fr_pyridine_2
  - 0.0000  fr_phenol_noOrthoHbond_2
  - 0.0000  SMR_VSA10_1
  - 0.0000  VSA_EState10_1
  - 0.0000  fr_para_hydroxylation_1
  - 0.0000  NumAliphaticCarbocycles_1
  - 0.0000  SlogP_VSA1_2
  - 0.0000  NumAliphaticHeterocycles_1
  - 0.0000  NumSaturatedCarbocycles_1
  - 0.0000  Kappa3_1
  - 0.0000  MaxPartialCharge_1

魹ｽ魹ｽ魹ｽ魹ｽ魹ｽﾐｱ魹ｽ魹ｽﾑｱ魹ｽ魹ｽ魹ｽ: results¥ga_elasticnet_selected_features.txt
ﾄ｣魹ｽ魹ｽ魹ｽﾑｱ魹ｽ魹ｽ魹ｽ: results¥ga_elasticnet_best_model.pkl

Hall of Fame (Top 5):
  #1: 28 魹ｽ魹ｽ魹ｽ魹ｽ, CV R2=0.2104
  #2: 30 魹ｽ魹ｽ魹ｽ魹ｽ, CV R2=0.2097
  #3: 28 魹ｽ魹ｽ魹ｽ魹ｽ, CV R2=0.2054
  #4: 29 魹ｽ魹ｽ魹ｽ魹ｽ, CV R2=0.2054
  #5: 29 魹ｽ魹ｽ魹ｽ魹ｽ, CV R2=0.2053

魹ｽ魹ｽ魹ｽ!
ﾗ｢魹ｽ魹ｽ: 魹ｽ魹ｽ魹ｽﾅｱ魹ｽ魹ｽ魹ｽ魹ｽﾔｶ魹ｽ魹ｽ魹ｽ魹ｽ魹ｽ feature_config.py
      魹ｽ魹ｽﾔｱ魹ｽ RF 魹ｽ魹ｽ魹ｽ魹ｽ魹ｽ魹ｽ魹ｽﾛｺﾏｾ魹ｽ魹ｽ魹ｽ魹ｽ魹ｽ魹ｽ魹ｽ魹ｽ魹ｽ魹ｽ魹ｽ魹ｽﾐｱ魹ｽ
