魹ｽ魹ｽ results/ga_selected_features.txt 魹ｽ魹ｽ魹ｽ魹ｽ GA ﾔ､ﾑ｡魹ｽ魹ｽ魹ｽ魹ｽ: 28 魹ｽ魹ｽ
魹ｽﾑｼ魹ｽ魹ｽ魹ｽ 魹ｽﾅｴ魹ｽ.py 魹ｽ魹ｽ魹ｽ魹ｽ魹ｽ split 魹ｽ魹ｽ魹ｽ魹ｽ魹ｽ魹ｽ魹ｽ魹ｽ魹ｽ魹ｽ魹ｽ魹ｽﾍｬ train/test 魹ｽ魹ｽ魹ｽﾖ｡魹ｽ
ﾔｭﾊｼ魹ｽ魹ｽ魹ｽ魹ｽ魹ｽ魹ｽ: 28
魹ｽ魹ｽ魹ｽ魹ｽ魹ｽ魹ｽ(ﾑｵ魹ｽ魹ｽ魹ｽ魹ｽ): 1452 | 魹ｽ魹ｽ魹ｽﾔｼ魹ｽ: 363

============================================================
Step 0: ﾄｿ魹ｽ魹ｽﾖｵ魹ｽﾖｲ魹ｽ魹ｽ魹ｽ魹ｽ
============================================================
count    1452.000000
mean        0.702703
std         0.658767
min        -0.550000
25%         0.320000
50%         0.485000
75%         0.880000
max         3.850000
Name: chi_result, dtype: float64

魹ｽﾘｼ魹ｽ魹ｽ魹ｽﾎｻ魹ｽ魹ｽ:
0.01   -0.096185
0.05    0.040000
0.50    0.485000
0.95    2.100000
0.99    3.317250
Name: chi_result, dtype: float64

============================================================
Step 1: 魹ｽ魹ｽ魹ｽﾉｭ魹ｽ魹ｽ魹ｽ魹ｽ魹ｽ魹ｽ魹ｽ魹ｽﾒｪ魹ｽ魹ｽ魹ｽ魹ｽ魹ｽ魹ｽ
============================================================

ﾈｫ魹ｽ魹ｽ魹ｽ魹ｽ魹ｽ魹ｽ魹ｽ魹ｽﾒｪ魹ｽ魹ｽ魹ｽ魹ｽ魹ｽ魹ｽ魹ｽ魹ｽ
   1. Delta_MaxAbsCharge              0.1602  魹ｽ魹ｽ魹ｽ魹ｽ魹ｽ魹ｽ魹ｽ魹ｽ魹ｽ魹ｽ魹ｽ魹ｽ魹ｽ魹ｽ魹ｽ魹ｽ魹ｽ魹ｽ魹ｽ魹ｽ魹ｽ魹ｽ魹ｽ魹ｽ魹ｽ魹ｽ魹ｽ魹ｽ魹ｽ魹ｽ魹ｽ魹ｽ
   2. MaxPartialCharge_1              0.1349  魹ｽ魹ｽ魹ｽ魹ｽ魹ｽ魹ｽ魹ｽ魹ｽ魹ｽ魹ｽ魹ｽ魹ｽ魹ｽ魹ｽ魹ｽ魹ｽ魹ｽ魹ｽ魹ｽ魹ｽ魹ｽ魹ｽ魹ｽ魹ｽ魹ｽ魹ｽ
   3. VSA_EState3_2                   0.1230  魹ｽ魹ｽ魹ｽ魹ｽ魹ｽ魹ｽ魹ｽ魹ｽ魹ｽ魹ｽ魹ｽ魹ｽ魹ｽ魹ｽ魹ｽ魹ｽ魹ｽ魹ｽ魹ｽ魹ｽ魹ｽ魹ｽ魹ｽ魹ｽ
   4. Inv_T                           0.1052  魹ｽ魹ｽ魹ｽ魹ｽ魹ｽ魹ｽ魹ｽ魹ｽ魹ｽ魹ｽ魹ｽ魹ｽ魹ｽ魹ｽ魹ｽ魹ｽ魹ｽ魹ｽ魹ｽ魹ｽ
   5. MinAbsEStateIndex_2             0.0799  魹ｽ魹ｽ魹ｽ魹ｽ魹ｽ魹ｽ魹ｽ魹ｽ魹ｽ魹ｽ魹ｽ魹ｽ魹ｽ魹ｽ
   6. PEOE_VSA8_1                     0.0625  魹ｽ魹ｽ魹ｽ魹ｽ魹ｽ魹ｽ魹ｽ魹ｽ魹ｽ魹ｽ魹ｽ魹ｽ
   7. MaxAbsEStateIndex_2             0.0514  魹ｽ魹ｽ魹ｽ魹ｽ魹ｽ魹ｽ魹ｽ魹ｽ魹ｽ魹ｽ
   8. PEOE_VSA8_2                     0.0433  魹ｽ魹ｽ魹ｽ魹ｽ魹ｽ魹ｽ魹ｽ魹ｽ
   9. Kappa3_1                        0.0428  魹ｽ魹ｽ魹ｽ魹ｽ魹ｽ魹ｽ魹ｽ魹ｽ
  10. SMR_VSA2_2                      0.0418  魹ｽ魹ｽ魹ｽ魹ｽ魹ｽ魹ｽ魹ｽ魹ｽ
  11. SMR_VSA10_1                     0.0301  魹ｽ魹ｽ魹ｽ魹ｽ魹ｽ魹ｽ
  12. SlogP_VSA6_2                    0.0215  魹ｽ魹ｽ魹ｽ魹ｽ
  13. PEOE_VSA7_2                     0.0210  魹ｽ魹ｽ魹ｽ魹ｽ
  14. SMR_VSA10_2                     0.0176  魹ｽ魹ｽ
  15. EState_VSA4_1                   0.0115  魹ｽ魹ｽ
  16. fr_NH2_2                        0.0109  魹ｽ魹ｽ
  17. VSA_EState10_1                  0.0094  
  18. VSA_EState5_2                   0.0085  
  19. SlogP_VSA1_2                    0.0081  
  20. fr_ether_2                      0.0056  
  21. NumAliphaticHeterocycles_1      0.0047  
  22. SlogP_VSA7_1                    0.0043  
  23. NumAliphaticCarbocycles_1       0.0012  
  24. NumSaturatedCarbocycles_1       0.0002  
  25. fr_pyridine_2                   0.0001  
  26. fr_para_hydroxylation_1         0.0000  
  27. fr_phenol_noOrthoHbond_2        0.0000  
  28. fr_quatN_2                      0.0000  

============================================================
Step 2: 魹ｽ魹ｽ魹ｽ魹ｽ魹ｽ魹ｽ魹ｽ魹ｽ魹ｽ魹ｽ魹ｽ魹ｽ魹ｽ魹ｽ (|r| > 0.9)
============================================================

魹ｽ魹ｽ魹ｽ魹ｽ 2 魹ｽﾔｸ魹ｽ魹ｽ魹ｽ魹ｽ魹ｽ魹ｽ魹ｽ魹ｽ魹ｽ魹ｽ魹ｽ魹ｽ
  NumAliphaticCarbocycles_1 <-> NumSaturatedCarbocycles_1: r=0.978
  Kappa3_1 <-> SlogP_VSA7_1: r=0.913

============================================================
Step 3: RFECV 魹ｽﾝｹ魹ｽ魹ｽ魹ｽ魹ｽ魹ｽ魹ｽ魹ｽ魹ｽ魹ｽ魹ｽ魹ｽ魹ｽﾔｶ魹ｽﾈｷ魹ｽ魹ｽ魹ｽ魹ｽ魹ｽ魹ｽ魹ｽ魹ｽ魹ｽ魹ｽ魹ｽ魹ｽ魹ｽ魹ｽ
============================================================
  魹ｽ魹ｽ魹ｽ魹ｽﾑｵ魹ｽ魹ｽ魹ｽ魹ｽ魹ｽ魹ｽ魹ｽ魹ｽ魹ｽ魹ｽ 5 魹ｽﾛｽ魹ｽ魹ｽ魹ｽ魹ｽ魹ｽﾖ､...

  魹ｽ魹ｽ魹ｽ魹ｽ魹ｽ魹ｽ魹ｽ魹ｽ魹ｽ魹ｽ魹ｽ魹ｽ: 9
  魹ｽ魹ｽ魹ｽ魹ｽ CV R2: 0.7054

  [OK] 魹ｽ魹ｽ魹ｽ魹ｽ魹ｽ魹ｽ魹ｽ魹ｽ魹ｽ魹ｽ (9):
     MaxPartialCharge_1 (RF魹ｽ魹ｽﾒｪ魹ｽ魹ｽ魹ｽ魹ｽ魹ｽ魹ｽ: #2)
     Kappa3_1 (RF魹ｽ魹ｽﾒｪ魹ｽ魹ｽ魹ｽ魹ｽ魹ｽ魹ｽ: #9)
     PEOE_VSA8_1 (RF魹ｽ魹ｽﾒｪ魹ｽ魹ｽ魹ｽ魹ｽ魹ｽ魹ｽ: #6)
     MaxAbsEStateIndex_2 (RF魹ｽ魹ｽﾒｪ魹ｽ魹ｽ魹ｽ魹ｽ魹ｽ魹ｽ: #7)
     MinAbsEStateIndex_2 (RF魹ｽ魹ｽﾒｪ魹ｽ魹ｽ魹ｽ魹ｽ魹ｽ魹ｽ: #5)
     PEOE_VSA8_2 (RF魹ｽ魹ｽﾒｪ魹ｽ魹ｽ魹ｽ魹ｽ魹ｽ魹ｽ: #8)
     VSA_EState3_2 (RF魹ｽ魹ｽﾒｪ魹ｽ魹ｽ魹ｽ魹ｽ魹ｽ魹ｽ: #3)
     Delta_MaxAbsCharge (RF魹ｽ魹ｽﾒｪ魹ｽ魹ｽ魹ｽ魹ｽ魹ｽ魹ｽ: #1)
     Inv_T (RF魹ｽ魹ｽﾒｪ魹ｽ魹ｽ魹ｽ魹ｽ魹ｽ魹ｽ: #4)

  [DROP] 魹ｽ魹ｽﾌｭ魹ｽ魹ｽ魹ｽ魹ｽ魹ｽ魹ｽ (19):
     SMR_VSA10_1 (RF魹ｽ魹ｽﾒｪ魹ｽ魹ｽ魹ｽ魹ｽ魹ｽ魹ｽ: #11)
     SlogP_VSA7_1 (RF魹ｽ魹ｽﾒｪ魹ｽ魹ｽ魹ｽ魹ｽ魹ｽ魹ｽ: #22)
     EState_VSA4_1 (RF魹ｽ魹ｽﾒｪ魹ｽ魹ｽ魹ｽ魹ｽ魹ｽ魹ｽ: #15)
     VSA_EState10_1 (RF魹ｽ魹ｽﾒｪ魹ｽ魹ｽ魹ｽ魹ｽ魹ｽ魹ｽ: #17)
     NumAliphaticCarbocycles_1 (RF魹ｽ魹ｽﾒｪ魹ｽ魹ｽ魹ｽ魹ｽ魹ｽ魹ｽ: #23)
     NumAliphaticHeterocycles_1 (RF魹ｽ魹ｽﾒｪ魹ｽ魹ｽ魹ｽ魹ｽ魹ｽ魹ｽ: #21)
     NumSaturatedCarbocycles_1 (RF魹ｽ魹ｽﾒｪ魹ｽ魹ｽ魹ｽ魹ｽ魹ｽ魹ｽ: #24)
     fr_para_hydroxylation_1 (RF魹ｽ魹ｽﾒｪ魹ｽ魹ｽ魹ｽ魹ｽ魹ｽ魹ｽ: #26)
     PEOE_VSA7_2 (RF魹ｽ魹ｽﾒｪ魹ｽ魹ｽ魹ｽ魹ｽ魹ｽ魹ｽ: #13)
     SMR_VSA10_2 (RF魹ｽ魹ｽﾒｪ魹ｽ魹ｽ魹ｽ魹ｽ魹ｽ魹ｽ: #14)
     SMR_VSA2_2 (RF魹ｽ魹ｽﾒｪ魹ｽ魹ｽ魹ｽ魹ｽ魹ｽ魹ｽ: #10)
     SlogP_VSA1_2 (RF魹ｽ魹ｽﾒｪ魹ｽ魹ｽ魹ｽ魹ｽ魹ｽ魹ｽ: #19)
     SlogP_VSA6_2 (RF魹ｽ魹ｽﾒｪ魹ｽ魹ｽ魹ｽ魹ｽ魹ｽ魹ｽ: #12)
     VSA_EState5_2 (RF魹ｽ魹ｽﾒｪ魹ｽ魹ｽ魹ｽ魹ｽ魹ｽ魹ｽ: #18)
     fr_NH2_2 (RF魹ｽ魹ｽﾒｪ魹ｽ魹ｽ魹ｽ魹ｽ魹ｽ魹ｽ: #16)
     fr_ether_2 (RF魹ｽ魹ｽﾒｪ魹ｽ魹ｽ魹ｽ魹ｽ魹ｽ魹ｽ: #20)
     fr_phenol_noOrthoHbond_2 (RF魹ｽ魹ｽﾒｪ魹ｽ魹ｽ魹ｽ魹ｽ魹ｽ魹ｽ: #27)
     fr_pyridine_2 (RF魹ｽ魹ｽﾒｪ魹ｽ魹ｽ魹ｽ魹ｽ魹ｽ魹ｽ: #25)
     fr_quatN_2 (RF魹ｽ魹ｽﾒｪ魹ｽ魹ｽ魹ｽ魹ｽ魹ｽ魹ｽ: #28)

============================================================
Step 4: 魹ｽ魹ｽ魹ｽ魹ｽ魹ｽ魹ｽﾖ､魹ｽﾔｱ魹ｽ
============================================================

  ﾈｫ魹ｽ魹ｽ 28 魹ｽ魹ｽ魹ｽ魹ｽ 魹ｽ魹ｽ CV R2: 0.7069 魹ｽ魹ｽ 0.0525
  ﾉｸﾑ｡ 9 魹ｽ魹ｽ魹ｽ魹ｽ 魹ｽ魹ｽ CV R2: 0.7037 魹ｽ魹ｽ 0.0527

============================================================
Step 4.1: 魹ｽ魹ｽ魹ｽ魹ｽ魹ｽ魹ｽﾖ､魹ｽ魹ｽ魹ｽ (ﾃｿ魹ｽ魹ｽ R2 + 魹ｽ魹ｽ魹ｽ魹ｽ)
============================================================
  Fold 1: Full=0.6525, Selected=0.6530, Dummy=-0.0000
  Fold 2: Full=0.6980, Selected=0.6815, Dummy=-0.0019
  Fold 3: Full=0.6999, Selected=0.6850, Dummy=-0.0286
  Fold 4: Full=0.6504, Selected=0.6963, Dummy=-0.0039
  Fold 5: Full=0.8107, Selected=0.8081, Dummy=-0.0026

  ﾃｿ魹ｽ魹ｽ R2 ﾍｳ魹ｽ魹ｽ:
  Full     mean=0.7023, std=0.0582
  Selected mean=0.7048, std=0.0536
  Dummy    mean=-0.0074, std=0.0107

  [OK] ﾉｸﾑ｡魹ｽ魹ｽ魹ｽ魹ｽ魹ｽﾜｽ魹ｽ魹ｽﾂｽ魹ｽ 0.0032魹ｽ魹ｽ魹ｽ魹ｽ魹ｽ魹ｽ魹ｽ魹ｽ魹ｽ魹ｽ魹ｽﾙｸ魹ｽ魹ｽﾈｶ魹ｽ魹ｽ魹ｽ魹ｽﾆｼ魹ｽﾊｹ魹ｽ魹ｽ

魹ｽ魹ｽ魹ｽﾓｻ魹ｽ魹ｽﾑｱ魹ｽ魹ｽ魹ｽ魹ｽ魹ｽ results/feature_selection.png
ﾉｸﾑ｡魹ｽ魹ｽ魹ｽ魹ｽ魹ｽ魹ｽ魹ｽﾑｱ魹ｽ魹ｽ魹ｽ魹ｽ魹ｽ data/features_optimized.xlsx (9 魹ｽ魹ｽ魹ｽ魹ｽ + ﾄｿ魹ｽ魹ｽﾖｵ)
ﾍｳﾒｻ魹ｽ魹ｽ魹ｽ魹ｽ魹ｽ魹ｽ魹ｽ魹ｽ魹ｽ魹ｽ魹ｽﾔｶ魹ｽ魹ｽ魹ｽ魹ｽ魹ｽ: feature_config.py
魹ｽ魹ｽ魹ｽ魹ｽ魹ｽ魹ｽ魹ｽ魹ｽ魹ｽﾑｱ魹ｽ魹ｽ魹ｽ魹ｽ魹ｽ results/feature_ranking.txt

魹ｽ魹ｽ魹ｽ魹ｽ魹ｽﾆｼ魹ｽ魹ｽ魹ｽ魹ｽ魹ｽ魹ｽﾐｱ魹ｽ (魹ｽ魹ｽﾖｱ魹ｽﾓｸ魹ｽ魹ｽﾆｵ魹ｽﾄ｣魹ｽﾍｴ魹ｽ魹ｽ魹ｽ魹ｽ魹ｽ):
feature_cols = ['MaxPartialCharge_1', 'Kappa3_1', 'PEOE_VSA8_1', 'MaxAbsEStateIndex_2', 'MinAbsEStateIndex_2', 'PEOE_VSA8_2', 'VSA_EState3_2', 'Delta_MaxAbsCharge', 'Inv_T']
