魹ｽ魹ｽ魹ｽﾚｼ魹ｽ魹ｽ魹ｽ魹ｽ魹ｽ魹ｽ魹ｽ...
魹ｽ魹ｽ箏ｽ魹ｽ魹ｽ魹ｽ魹ｽﾉｸﾑ｡魹ｽﾗｶ魹ｽ魹ｽﾐｷ魹ｽ魹ｽ魹ｽ魹ｽ魹ｽ魹ｽ魹ｽ魹ｽﾑｸ魹ｽ魹ｽ魹ｽ魹ｽ魹ｽﾍｬ train/test 魹ｽ魹ｽ魹ｽﾖ｡魹ｽ
魹ｽ魹ｽ魹ｽ魹ｽ魹ｽ魹ｽ: 9
魹ｽ魹ｽ魹ｽ魹ｽﾗｼ魹ｽ魹ｽ魹ｽ魹ｽﾉ｣魹ｽﾑｵ魹ｽ魹ｽ魹ｽ魹ｽ 1452 魹ｽ魹ｽ魹ｽ魹ｽ魹ｽ魹ｽ魹ｽ魹ｽ魹ｽﾔｼ魹ｽ 363 魹ｽ魹ｽ魹ｽ魹ｽ

魹ｽ魹ｽﾊｼ魹ｽﾔｶ魹ｽﾑｰ魹ｽ魹ｽ (ﾃｿ魹ｽ魹ｽﾄ｣魹ｽ魹ｽ 50 魹ｽ魹ｽ魹ｽ魹ｽ魹ｽ, 5 魹ｽﾛｽ魹ｽ魹ｽ魹ｽ魹ｽ魹ｽﾖ､)...

魹ｽ魹ｽ魹ｽﾚｵ魹ｽ魹ｽ魹ｽ: MLPRegressor ...
Fitting 5 folds for each of 50 candidates, totalling 250 fits
  魹ｽ魹ｽ魹ｽﾅｲ魹ｽ魹ｽ魹ｽ: {'model__solver': 'adam', 'model__learning_rate_init': 0.001, 'model__hidden_layer_sizes': (128, 64, 32, 16), 'model__batch_size': 32, 'model__alpha': 0.05, 'model__activation': 'relu'}
  CV ﾑｵ魹ｽ魹ｽ R2: 0.8566, CV 魹ｽ魹ｽﾖ､ R2: 0.6119
  魹ｽ魹ｽ魹ｽﾔｼ魹ｽ R2: 0.7121, MAE: 0.2307, RMSE: 0.3493

魹ｽ魹ｽ魹ｽﾚｵ魹ｽ魹ｽ魹ｽ: XGBRegressor ...
Fitting 5 folds for each of 50 candidates, totalling 250 fits
  魹ｽ魹ｽ魹ｽﾅｲ魹ｽ魹ｽ魹ｽ: {'model__subsample': 0.6, 'model__reg_lambda': 0.5, 'model__reg_alpha': 0.01, 'model__n_estimators': 200, 'model__min_child_weight': 1, 'model__max_depth': 7, 'model__learning_rate': 0.1, 'model__gamma': 0.01, 'model__colsample_bytree': 0.6}
  CV ﾑｵ魹ｽ魹ｽ R2: 0.9873, CV 魹ｽ魹ｽﾖ､ R2: 0.7246
  魹ｽ魹ｽ魹ｽﾔｼ魹ｽ R2: 0.8268, MAE: 0.1663, RMSE: 0.2709

魹ｽ魹ｽ魹ｽﾚｵ魹ｽ魹ｽ魹ｽ: RandomForestRegressor ...
Fitting 5 folds for each of 50 candidates, totalling 250 fits
  魹ｽ魹ｽ魹ｽﾅｲ魹ｽ魹ｽ魹ｽ: {'model__n_estimators': 800, 'model__min_samples_split': 2, 'model__min_samples_leaf': 1, 'model__max_features': 'log2', 'model__max_depth': 30}
  CV ﾑｵ魹ｽ魹ｽ R2: 0.9608, CV 魹ｽ魹ｽﾖ､ R2: 0.7165
  魹ｽ魹ｽ魹ｽﾔｼ魹ｽ R2: 0.8097, MAE: 0.1658, RMSE: 0.2840

魹ｽ魹ｽ魹ｽﾚｵ魹ｽ魹ｽ魹ｽ: GradientBoosting ...
Fitting 5 folds for each of 50 candidates, totalling 250 fits
  魹ｽ魹ｽ魹ｽﾅｲ魹ｽ魹ｽ魹ｽ: {'model__subsample': 0.6, 'model__n_estimators': 300, 'model__min_samples_split': 5, 'model__min_samples_leaf': 2, 'model__max_features': 'sqrt', 'model__max_depth': 8, 'model__loss': 'squared_error', 'model__learning_rate': 0.1}
  CV ﾑｵ魹ｽ魹ｽ R2: 0.9980, CV 魹ｽ魹ｽﾖ､ R2: 0.7432
  魹ｽ魹ｽ魹ｽﾔｼ魹ｽ R2: 0.8290, MAE: 0.1524, RMSE: 0.2692

============================================================
魹ｽ魹ｽ魹ｽ魹ｽﾄ｣魹ｽﾍｵ魹ｽ魹ｽﾅｽ魹ｽ魹ｽ魹ｽ魹ｽ魹ｽ魹ｽ
============================================================
                Model                                                                                                                                                                                                                                       Best Params  CV Train R2  CV Val R2  Test R2  Test MAE  Test RMSE
     GradientBoosting             {'model__subsample': 0.6, 'model__n_estimators': 300, 'model__min_samples_split': 5, 'model__min_samples_leaf': 2, 'model__max_features': 'sqrt', 'model__max_depth': 8, 'model__loss': 'squared_error', 'model__learning_rate': 0.1}     0.997996   0.743150 0.828980  0.152412   0.269220
         XGBRegressor {'model__subsample': 0.6, 'model__reg_lambda': 0.5, 'model__reg_alpha': 0.01, 'model__n_estimators': 200, 'model__min_child_weight': 1, 'model__max_depth': 7, 'model__learning_rate': 0.1, 'model__gamma': 0.01, 'model__colsample_bytree': 0.6}     0.987348   0.724623 0.826831  0.166275   0.270906
RandomForestRegressor                                                                                                  {'model__n_estimators': 800, 'model__min_samples_split': 2, 'model__min_samples_leaf': 1, 'model__max_features': 'log2', 'model__max_depth': 30}     0.960776   0.716450 0.809671  0.165792   0.284011
         MLPRegressor                                                         {'model__solver': 'adam', 'model__learning_rate_init': 0.001, 'model__hidden_layer_sizes': (128, 64, 32, 16), 'model__batch_size': 32, 'model__alpha': 0.05, 'model__activation': 'relu'}     0.856612   0.611882 0.712109  0.230739   0.349299
魹ｽ魹ｽ魹ｽﾓｻ魹ｽﾍｼ魹ｽ魹ｽ魹ｽﾑｱ魹ｽ魹ｽ魹ｽ: final_results¥sklearn¥sklearn_validation_plots.png

魹ｽ魹ｽ魹ｽﾄ｣魹ｽ魹ｽ (魹ｽ魹ｽ CV R2 ﾑ｡魹ｽ魹ｽ): GradientBoosting
魹ｽ魹ｽ魹ｽ CV R2: 0.7432
ﾍｳﾒｻﾄ｣魹ｽﾍｰ魹ｽ魹ｽﾑｱ魹ｽ魹ｽ魹ｽ: results/sklearn_model_bundle.pkl
魹ｽ魹ｽ魹ｽ魹ｽﾄ｣魹ｽ魹ｽ魹ｽﾑｱ魹ｽ魹ｽ魹ｽ: results/fingerprint_model.pkl
魹ｽ魹ｽ魹ｽ魹ｽﾕｪﾒｪ魹ｽﾑｱ魹ｽ魹ｽ魹ｽ: results/sklearn_tuning_summary.csv

魹ｽ魹ｽ魹ｽ魹ｽ魹ｽ魹ｽ魹ｽﾄｿﾂｼ: final_results¥sklearn
魹ｽ魹ｽ魹ｽﾕｱ魹ｽ魹ｽ魹ｽ: final_results¥sklearn¥sklearn_final_report.txt
