======================================================================
ïżœĆŽïżœïżœă·šïżœïżœïżœïżœŃĄïżœïżœ (DEAP)
======================================================================

ïżœïżœïżœïżœïżœïżœïżœïżœ...
  ïżœïżœïżœïżœ: 1815 ïżœïżœïżœïżœ ïżœïżœ 325 ïżœïżœïżœïżœ
  ïżœïżœïżœïżœ: train=1452, test=363
  split ïżœïżœïżœïżœïżœŃ±ïżœïżœïżœ: results/train_test_split_indices.npz

GA ïżœïżœïżœïżœŃĄïżœïżœïżœïżœïżœïżœ (ïżœïżœïżœÜ°ïżœ):
  ïżœïżœïżœïżœÎŹïżœïżœ: 325
  ïżœïżœÈș: 100, ïżœïżœïżœïżœïżœïżœ: 60
  ïżœïżœïżœïżœïżœïżœÔŒïżœïżœ: [5, 40]
  ïżœïżœïżœïżœïżœïżœ: RF, CV=3
  ïżœïżœÍŁ: ïżœïżœïżœïżœ 12 ïżœïżœïżœȚžïżœïżœïżœ
  ïżœïżœŃĄïżœïżœïżœïżœ: ['Inv_T']

======================================================================
   ïżœïżœ |     ïżœïżœïżœïżœR2 |     ÆœïżœïżœR2 |      ïżœïżœŚŒïżœïżœ |   ïżœïżœïżœïżœïżœïżœ |       ïżœïżœÊ± | ŚŽÌŹ
======================================================================
init |   0.1408 |  -0.1946 |   0.3211 |    34 |      32s | ïżœïżœÊŒïżœïżœ
   1 |   0.1621 |  -0.1588 |   0.3404 |    33 |      14s | * ïżœïżœïżœïżœ
   2 |   0.1978 |  -0.0450 |   0.2905 |    26 |      14s | * ïżœïżœïżœïżœ
   3 |   0.1978 |  -0.0267 |   0.3099 |    26 |      14s |   ÍŁïżœïżœ 1/12
   4 |   0.2317 |   0.0445 |   0.2249 |    25 |      16s | * ïżœïżœïżœïżœ
   5 |   0.2272 |   0.0443 |   0.2706 |    25 |      18s |   ÍŁïżœïżœ 1/12
   6 |   0.2331 |   0.0600 |   0.2952 |    28 |      13s | * ïżœïżœïżœïżœ
   7 |   0.2501 |   0.0820 |   0.2791 |    35 |      19s | * ïżœïżœïżœïżœ
   8 |   0.2885 |   0.0620 |   0.3377 |    35 |      16s | * ïżœïżœïżœïżœ
   9 |   0.3153 |   0.1172 |   0.2892 |    33 |      16s | * ïżœïżœïżœïżœ
  10 |   0.3153 |   0.1605 |   0.2697 |    33 |      15s |   ÍŁïżœïżœ 1/12
  11 |   0.3459 |   0.1155 |   0.3739 |    32 |      17s | * ïżœïżœïżœïżœ
  12 |   0.3459 |   0.1726 |   0.3003 |    32 |      16s |   ÍŁïżœïżœ 1/12
  13 |   0.3459 |   0.1559 |   0.3433 |    32 |      17s |   ÍŁïżœïżœ 2/12
  14 |   0.3348 |   0.1785 |   0.3249 |    32 |      18s |   ÍŁïżœïżœ 3/12
  15 |   0.3324 |   0.1537 |   0.3854 |    32 |      16s |   ÍŁïżœïżœ 4/12
  16 |   0.3342 |   0.2294 |   0.2836 |    32 |      17s |   ÍŁïżœïżœ 5/12
  17 |   0.3371 |   0.2020 |   0.3552 |    32 |      14s |   ÍŁïżœïżœ 6/12
  18 |   0.3443 |   0.2196 |   0.3360 |    32 |      17s |   ÍŁïżœïżœ 7/12
  19 |   0.3443 |   0.2383 |   0.3155 |    32 |      15s |   ÍŁïżœïżœ 8/12
  20 |   0.3474 |   0.3103 |   0.1339 |    25 |      16s | * ïżœïżœïżœïżœ
  21 |   0.3520 |   0.2648 |   0.2638 |    34 |      18s | * ïżœïżœïżœïżœ
  22 |   0.3572 |   0.2268 |   0.3622 |    29 |      14s | * ïżœïżœïżœïżœ
  23 |   0.3593 |   0.2940 |   0.2297 |    37 |      15s | * ïżœïżœïżœïżœ
  24 |   0.3655 |   0.2521 |   0.2964 |    32 |      16s | * ïżœïżœïżœïżœ
  25 |   0.3668 |   0.2315 |   0.3642 |    33 |      16s | * ïżœïżœïżœïżœ
  26 |   0.3650 |   0.2478 |   0.3445 |    33 |      16s |   ÍŁïżœïżœ 1/12
  27 |   0.3739 |   0.2234 |   0.3881 |    28 |      17s | * ïżœïżœïżœïżœ
  28 |   0.3756 |   0.2059 |   0.4246 |    28 |      14s | * ïżœïżœïżœïżœ
  29 |   0.3847 |   0.2521 |   0.3697 |    32 |      14s | * ïżœïżœïżœïżœ
  30 |   0.3868 |   0.2685 |   0.3488 |    32 |      16s | * ïżœïżœïżœïżœ
  31 |   0.3834 |   0.3006 |   0.2706 |    32 |      16s |   ÍŁïżœïżœ 1/12
  32 |   0.3856 |   0.2700 |   0.3504 |    32 |      14s |   ÍŁïżœïżœ 2/12
  33 |   0.3849 |   0.3042 |   0.2748 |    32 |      15s |   ÍŁïżœïżœ 3/12
  34 |   0.3864 |   0.2995 |   0.2744 |    32 |      17s |   ÍŁïżœïżœ 4/12
  35 |   0.3886 |   0.3222 |   0.2376 |    29 |      15s | * ïżœïżœïżœïżœ
  36 |   0.3892 |   0.2961 |   0.3010 |    29 |      14s | * ïżœïżœïżœïżœ
  37 |   0.3901 |   0.3283 |   0.2015 |    31 |      14s | * ïżœïżœïżœïżœ
  38 |   0.3908 |   0.3486 |   0.1496 |    30 |      14s | * ïżœïżœïżœïżœ
  39 |   0.3909 |   0.3480 |   0.1480 |    29 |      15s | * ïżœïżœïżœïżœ
  40 |   0.3909 |   0.3346 |   0.2384 |    29 |      13s |   ÍŁïżœïżœ 1/12
  41 |   0.3909 |   0.3370 |   0.2051 |    29 |      16s |   ÍŁïżœïżœ 2/12
  42 |   0.3909 |   0.3572 |   0.1484 |    29 |      13s |   ÍŁïżœïżœ 3/12
  43 |   0.3909 |   0.3278 |   0.2406 |    29 |      15s |   ÍŁïżœïżœ 4/12
  44 |   0.3909 |   0.3152 |   0.2443 |    29 |      15s |   ÍŁïżœïżœ 5/12
  45 |   0.3909 |   0.3326 |   0.2392 |    29 |      15s |   ÍŁïżœïżœ 6/12
  46 |   0.3909 |   0.3434 |   0.2004 |    29 |      15s |   ÍŁïżœïżœ 7/12
  47 |   0.3925 |   0.3387 |   0.2017 |    29 |      15s | * ïżœïżœïżœïżœ
  48 |   0.3909 |   0.3658 |   0.0500 |    29 |      16s |   ÍŁïżœïżœ 1/12
  49 |   0.3909 |   0.2968 |   0.3297 |    29 |      15s |   ÍŁïżœïżœ 2/12
  50 |   0.3916 |   0.3046 |   0.3031 |    29 |      14s |   ÍŁïżœïżœ 3/12
  51 |   0.3936 |   0.3542 |   0.1557 |    32 |      16s | * ïżœïżœïżœïżœ
  52 |   0.4043 |   0.3763 |   0.0547 |    31 |      16s | * ïżœïżœïżœïżœ
  53 |   0.4044 |   0.3606 |   0.1484 |    30 |      16s | * ïżœïżœïżœïżœ
  54 |   0.4044 |   0.3457 |   0.2003 |    30 |      16s |   ÍŁïżœïżœ 1/12
  55 |   0.4060 |   0.3121 |   0.3051 |    30 |      15s | * ïżœïżœïżœïżœ
  56 |   0.4060 |   0.3490 |   0.2402 |    30 |      18s |   ÍŁïżœïżœ 1/12
  57 |   0.4060 |   0.3748 |   0.1455 |    30 |      14s |   ÍŁïżœïżœ 2/12
  58 |   0.4060 |   0.3425 |   0.2755 |    30 |      15s |   ÍŁïżœïżœ 3/12
  59 |   0.4060 |   0.3453 |   0.2424 |    30 |      16s |   ÍŁïżœïżœ 4/12
  60 |   0.4060 |   0.3557 |   0.2038 |    30 |      17s |   ÍŁïżœïżœ 5/12
======================================================================
ïżœïżœïżœïżœïżœïżœïżœ: 60 ïżœïżœ, ïżœÜșïżœÊ± 16.1min

======================================================================
ïżœïżœïżœïżœïżœïżœïżœïżœïżœÓŒïżœ (30 ïżœïżœ, CV R2=0.4060):
======================================================================
    1. MinAbsEStateIndex_1
    2. PEOE_VSA3_1
    3. SMR_VSA5_1
    4. SMR_VSA6_1
    5. EState_VSA7_1
    6. fr_C_O_1
    7. fr_NH2_1
    8. fr_alkyl_halide_1
    9. fr_ketone_Topliss_1
   10. fr_para_hydroxylation_1
   11. MaxEStateIndex_2
   12. MinAbsPartialCharge_2
   13. Chi2v_2
   14. SMR_VSA1_2
   15. SMR_VSA9_2
   16. SlogP_VSA3_2
   17. EState_VSA8_2
   18. FractionCSP3_2
   19. NHOHCount_2
   20. NOCount_2
   21. NumAromaticHeterocycles_2
   22. NumHDonors_2
   23. NumSaturatedHeterocycles_2
   24. MolLogP_2
   25. fr_NH2_2
   26. fr_allylic_oxid_2
   27. fr_ether_2
   28. Delta_CSP3
   29. HB_Match
   30. Inv_T

ïżœïżœïżœÔŒïżœïżœïżœïżœïżœ...
  Test R2:   0.8288
  Test MAE:  0.1662
  Test RMSE: 0.2694

ïżœïżœïżœïżœïżœĐ±ïżœïżœŃ±ïżœïżœïżœ: results/ga_selected_features.txt
ïżœïżœïżœïżœÄŁïżœïżœïżœŃ±ïżœïżœïżœ: results/ga_best_model.pkl
feature_config.py ïżœïżœïżœÔ¶ïżœïżœïżœïżœïżœ (SELECTED=30)

Hall of Fame (Top 5):
  #1: 30 ïżœïżœïżœïżœ, CV R2=0.4060
  #2: 30 ïżœïżœïżœïżœ, CV R2=0.4044
  #3: 31 ïżœïżœïżœïżœ, CV R2=0.4043
  #4: 29 ïżœïżœïżœïżœ, CV R2=0.4023
  #5: 31 ïżœïżœïżœïżœ, CV R2=0.3961

ïżœïżœïżœ! ïżœïżœïżœïżœïżœïżœïżœïżœïżœïżœïżœïżœïżœïżœ:
  python ïżœïżœïżœïżœÉžŃĄ.py  # ïżœïżœÒ»ïżœïżœïżœïżœïżœïżœÉžŃĄ
