魹ｽ魹ｽ魹ｽﾚｼ魹ｽ魹ｽ魹ｽ魹ｽ魹ｽ魹ｽ魹ｽ...
魹ｽ魹ｽ箏ｽ魹ｽ魹ｽ魹ｽ魹ｽﾉｸﾑ｡魹ｽﾗｶ魹ｽ魹ｽﾐｷ魹ｽ魹ｽ魹ｽ魹ｽ魹ｽ魹ｽ魹ｽ魹ｽﾑｸ魹ｽ魹ｽ魹ｽ魹ｽ魹ｽﾍｬ train/test 魹ｽ魹ｽ魹ｽﾖ｡魹ｽ
魹ｽ魹ｽ魹ｽ魹ｽ魹ｽ魹ｽ: 10
魹ｽ魹ｽ魹ｽ魹ｽﾗｼ魹ｽ魹ｽ魹ｽ魹ｽﾉ｣魹ｽﾑｵ魹ｽ魹ｽ魹ｽ魹ｽ 1452 魹ｽ魹ｽ魹ｽ魹ｽ魹ｽ魹ｽ魹ｽ魹ｽ魹ｽﾔｼ魹ｽ 363 魹ｽ魹ｽ魹ｽ魹ｽ

魹ｽ魹ｽﾊｼ魹ｽﾔｶ魹ｽﾑｰ魹ｽ魹ｽ (ﾃｿ魹ｽ魹ｽﾄ｣魹ｽ魹ｽ 50 魹ｽ魹ｽ魹ｽ魹ｽ魹ｽ, 5 魹ｽﾛｽ魹ｽ魹ｽ魹ｽ魹ｽ魹ｽﾖ､)...

魹ｽ魹ｽ魹ｽﾚｵ魹ｽ魹ｽ魹ｽ: MLPRegressor ...
Fitting 5 folds for each of 50 candidates, totalling 250 fits
  魹ｽ魹ｽ魹ｽﾅｲ魹ｽ魹ｽ魹ｽ: {'model__solver': 'adam', 'model__learning_rate_init': 0.001, 'model__hidden_layer_sizes': (256, 128, 64), 'model__batch_size': 64, 'model__alpha': 1e-05, 'model__activation': 'relu'}
  CV ﾑｵ魹ｽ魹ｽ R2: 0.8659, CV 魹ｽ魹ｽﾖ､ R2: 0.5978
  魹ｽ魹ｽ魹ｽﾔｼ魹ｽ R2: 0.7767, MAE: 0.1962, RMSE: 0.3076

魹ｽ魹ｽ魹ｽﾚｵ魹ｽ魹ｽ魹ｽ: XGBRegressor ...
Fitting 5 folds for each of 50 candidates, totalling 250 fits
  魹ｽ魹ｽ魹ｽﾅｲ魹ｽ魹ｽ魹ｽ: {'model__subsample': 1.0, 'model__reg_lambda': 0.1, 'model__reg_alpha': 0.1, 'model__n_estimators': 800, 'model__min_child_weight': 1, 'model__max_depth': 7, 'model__learning_rate': 0.1, 'model__gamma': 0, 'model__colsample_bytree': 0.5}
  CV ﾑｵ魹ｽ魹ｽ R2: 0.9968, CV 魹ｽ魹ｽﾖ､ R2: 0.7312
  魹ｽ魹ｽ魹ｽﾔｼ魹ｽ R2: 0.8194, MAE: 0.1478, RMSE: 0.2767

魹ｽ魹ｽ魹ｽﾚｵ魹ｽ魹ｽ魹ｽ: RandomForestRegressor ...
Fitting 5 folds for each of 50 candidates, totalling 250 fits
  魹ｽ魹ｽ魹ｽﾅｲ魹ｽ魹ｽ魹ｽ: {'model__n_estimators': 800, 'model__min_samples_split': 3, 'model__min_samples_leaf': 1, 'model__max_features': 0.7, 'model__max_depth': None}
  CV ﾑｵ魹ｽ魹ｽ R2: 0.9520, CV 魹ｽ魹ｽﾖ､ R2: 0.7112
  魹ｽ魹ｽ魹ｽﾔｼ魹ｽ R2: 0.8439, MAE: 0.1538, RMSE: 0.2572

魹ｽ魹ｽ魹ｽﾚｵ魹ｽ魹ｽ魹ｽ: GradientBoosting ...
Fitting 5 folds for each of 50 candidates, totalling 250 fits
  魹ｽ魹ｽ魹ｽﾅｲ魹ｽ魹ｽ魹ｽ: {'model__subsample': 0.7, 'model__n_estimators': 800, 'model__min_samples_split': 2, 'model__min_samples_leaf': 2, 'model__max_features': None, 'model__max_depth': 8, 'model__loss': 'huber', 'model__learning_rate': 0.1}
  CV ﾑｵ魹ｽ魹ｽ R2: 0.9936, CV 魹ｽ魹ｽﾖ､ R2: 0.7377
  魹ｽ魹ｽ魹ｽﾔｼ魹ｽ R2: 0.8443, MAE: 0.1446, RMSE: 0.2568

============================================================
魹ｽ魹ｽ魹ｽ魹ｽﾄ｣魹ｽﾍｵ魹ｽ魹ｽﾅｽ魹ｽ魹ｽ魹ｽ魹ｽ魹ｽ魹ｽ
============================================================
                Model                                                                                                                                                                                                                                   Best Params  CV Train R2  CV Val R2  Test R2  Test MAE  Test RMSE
     GradientBoosting                   {'model__subsample': 0.7, 'model__n_estimators': 800, 'model__min_samples_split': 2, 'model__min_samples_leaf': 2, 'model__max_features': None, 'model__max_depth': 8, 'model__loss': 'huber', 'model__learning_rate': 0.1}     0.993578   0.737720 0.844335  0.144596   0.256850
         XGBRegressor {'model__subsample': 1.0, 'model__reg_lambda': 0.1, 'model__reg_alpha': 0.1, 'model__n_estimators': 800, 'model__min_child_weight': 1, 'model__max_depth': 7, 'model__learning_rate': 0.1, 'model__gamma': 0, 'model__colsample_bytree': 0.5}     0.996847   0.731158 0.819382  0.147839   0.276671
RandomForestRegressor                                                                                               {'model__n_estimators': 800, 'model__min_samples_split': 3, 'model__min_samples_leaf': 1, 'model__max_features': 0.7, 'model__max_depth': None}     0.951978   0.711162 0.843890  0.153750   0.257217
         MLPRegressor                                                       {'model__solver': 'adam', 'model__learning_rate_init': 0.001, 'model__hidden_layer_sizes': (256, 128, 64), 'model__batch_size': 64, 'model__alpha': 1e-05, 'model__activation': 'relu'}     0.865944   0.597829 0.776716  0.196207   0.307618
魹ｽ魹ｽ魹ｽﾓｻ魹ｽﾍｼ魹ｽ魹ｽ魹ｽﾑｱ魹ｽ魹ｽ魹ｽ: final_results¥sklearn¥sklearn_validation_plots.png

魹ｽ魹ｽ魹ｽﾄ｣魹ｽ魹ｽ (魹ｽ魹ｽ CV R2 ﾑ｡魹ｽ魹ｽ): GradientBoosting
魹ｽ魹ｽ魹ｽ CV R2: 0.7377
ﾍｳﾒｻﾄ｣魹ｽﾍｰ魹ｽ魹ｽﾑｱ魹ｽ魹ｽ魹ｽ: results/sklearn_model_bundle.pkl
魹ｽ魹ｽ魹ｽ魹ｽﾄ｣魹ｽ魹ｽ魹ｽﾑｱ魹ｽ魹ｽ魹ｽ: results/fingerprint_model.pkl
魹ｽ魹ｽ魹ｽ魹ｽﾕｪﾒｪ魹ｽﾑｱ魹ｽ魹ｽ魹ｽ: results/sklearn_tuning_summary.csv

魹ｽ魹ｽ魹ｽ魹ｽ魹ｽ魹ｽ魹ｽﾄｿﾂｼ: final_results¥sklearn
魹ｽ魹ｽ魹ｽﾕｱ魹ｽ魹ｽ魹ｽ: final_results¥sklearn¥sklearn_final_report.txt
